[0.007s] Invoking command in '/home/masa/Desktop/sola/ris/hw1/ros2_ws/build/turtlesim': CMAKE_PREFIX_PATH=/opt/ros/humble /usr/bin/cmake /home/masa/Desktop/sola/ris/hw1/ros2_ws/src/ros_tutorials/turtlesim -DCMAKE_INSTALL_PREFIX=/home/masa/Desktop/sola/ris/hw1/ros2_ws/install/turtlesim
[0.095s] -- The C compiler identification is GNU 11.4.0
[0.166s] -- The CXX compiler identification is GNU 11.4.0
[0.174s] -- Detecting C compiler ABI info
[0.237s] -- Detecting C compiler ABI info - done
[0.242s] -- Check for working C compiler: /usr/bin/cc - skipped
[0.242s] -- Detecting C compile features
[0.242s] -- Detecting C compile features - done
[0.245s] -- Detecting CXX compiler ABI info
[0.315s] -- Detecting CXX compiler ABI info - done
[0.321s] -- Check for working CXX compiler: /usr/bin/c++ - skipped
[0.321s] -- Detecting CXX compile features
[0.322s] -- Detecting CXX compile features - done
[0.324s] -- Found ament_cmake: 1.3.11 (/opt/ros/humble/share/ament_cmake/cmake)
[0.440s] -- Found Python3: /usr/bin/python3 (found version "3.10.12") found components: Interpreter 
[0.506s] -- Found ament_index_cpp: 1.4.0 (/opt/ros/humble/share/ament_index_cpp/cmake)
[0.508s] -- Found geometry_msgs: 4.2.4 (/opt/ros/humble/share/geometry_msgs/cmake)
[0.538s] -- Found rosidl_generator_c: 3.1.6 (/opt/ros/humble/share/rosidl_generator_c/cmake)
[0.541s] -- Found rosidl_adapter: 3.1.6 (/opt/ros/humble/share/rosidl_adapter/cmake)
[0.549s] -- Found rosidl_generator_cpp: 3.1.6 (/opt/ros/humble/share/rosidl_generator_cpp/cmake)
[0.559s] -- Using all available rosidl_typesupport_c: rosidl_typesupport_fastrtps_c;rosidl_typesupport_introspection_c
[0.570s] -- Using all available rosidl_typesupport_cpp: rosidl_typesupport_fastrtps_cpp;rosidl_typesupport_introspection_cpp
[0.617s] -- Found rclcpp: 16.0.11 (/opt/ros/humble/share/rclcpp/cmake)
[0.645s] -- Found rmw_implementation_cmake: 6.1.2 (/opt/ros/humble/share/rmw_implementation_cmake/cmake)
[0.646s] -- Found rmw_fastrtps_cpp: 6.2.7 (/opt/ros/humble/share/rmw_fastrtps_cpp/cmake)
[0.722s] -- Found OpenSSL: /usr/lib/x86_64-linux-gnu/libcrypto.so (found version "3.0.2")  
[0.744s] -- Found FastRTPS: /opt/ros/humble/include  
[0.778s] -- Using RMW implementation 'rmw_fastrtps_cpp' as default
[0.784s] -- Looking for pthread.h
[0.850s] -- Looking for pthread.h - found
[0.850s] -- Performing Test CMAKE_HAVE_LIBC_PTHREAD
[0.912s] -- Performing Test CMAKE_HAVE_LIBC_PTHREAD - Success
[0.912s] -- Found Threads: TRUE  
[0.944s] -- Found rclcpp_action: 16.0.11 (/opt/ros/humble/share/rclcpp_action/cmake)
[0.973s] -- Found rosidl_default_generators: 1.2.0 (/opt/ros/humble/share/rosidl_default_generators/cmake)
[0.980s] -- Found std_srvs: 4.2.4 (/opt/ros/humble/share/std_srvs/cmake)
[1.225s] -- Found ament_cmake_ros: 0.10.0 (/opt/ros/humble/share/ament_cmake_ros/cmake)
[1.467s] -- Using all available rosidl_typesupport_c: rosidl_typesupport_fastrtps_c;rosidl_typesupport_introspection_c
[1.562s] -- Using all available rosidl_typesupport_cpp: rosidl_typesupport_fastrtps_cpp;rosidl_typesupport_introspection_cpp
[1.581s] -- Found PythonInterp: /usr/bin/python3 (found suitable version "3.10.12", minimum required is "3.6") 
[1.582s] -- Found python_cmake_module: 0.10.0 (/opt/ros/humble/share/python_cmake_module/cmake)
[1.603s] -- Found PythonLibs: /usr/lib/x86_64-linux-gnu/libpython3.10.so (found suitable version "3.10.12", minimum required is "3.5") 
[1.604s] -- Using PYTHON_EXECUTABLE: /usr/bin/python3
[1.604s] -- Using PYTHON_INCLUDE_DIRS: /usr/include/python3.10
[1.604s] -- Using PYTHON_LIBRARIES: /usr/lib/x86_64-linux-gnu/libpython3.10.so
[1.619s] -- Found PythonExtra: .so  
[1.665s] -- Configuring done
[1.719s] -- Generating done
[1.734s] -- Build files have been written to: /home/masa/Desktop/sola/ris/hw1/ros2_ws/build/turtlesim
[1.746s] Invoked command in '/home/masa/Desktop/sola/ris/hw1/ros2_ws/build/turtlesim' returned '0': CMAKE_PREFIX_PATH=/opt/ros/humble /usr/bin/cmake /home/masa/Desktop/sola/ris/hw1/ros2_ws/src/ros_tutorials/turtlesim -DCMAKE_INSTALL_PREFIX=/home/masa/Desktop/sola/ris/hw1/ros2_ws/install/turtlesim
[1.748s] Invoking command in '/home/masa/Desktop/sola/ris/hw1/ros2_ws/build/turtlesim': CMAKE_PREFIX_PATH=/opt/ros/humble /usr/bin/cmake --build /home/masa/Desktop/sola/ris/hw1/ros2_ws/build/turtlesim -- -j12 -l12
[1.787s] [  1%] [34m[1mGenerating C code for ROS interfaces[0m
[1.796s] [  2%] [34m[1mGenerating C++ code for ROS interfaces[0m
[1.804s] [  2%] Built target ament_cmake_python_copy_turtlesim
[1.959s] running egg_info
[1.959s] creating turtlesim.egg-info
[1.959s] writing turtlesim.egg-info/PKG-INFO
[1.959s] writing dependency_links to turtlesim.egg-info/dependency_links.txt
[1.959s] writing top-level names to turtlesim.egg-info/top_level.txt
[1.959s] writing manifest file 'turtlesim.egg-info/SOURCES.txt'
[1.961s] reading manifest file 'turtlesim.egg-info/SOURCES.txt'
[1.961s] writing manifest file 'turtlesim.egg-info/SOURCES.txt'
[1.987s] [  2%] Built target ament_cmake_python_build_turtlesim_egg
[2.552s] [  3%] [32mBuilding C object CMakeFiles/turtlesim__rosidl_generator_c.dir/rosidl_generator_c/turtlesim/action/detail/rotate_absolute__functions.c.o[0m
[2.553s] [  4%] [32mBuilding C object CMakeFiles/turtlesim__rosidl_generator_c.dir/rosidl_generator_c/turtlesim/msg/detail/color__functions.c.o[0m
[2.556s] [  5%] [32mBuilding C object CMakeFiles/turtlesim__rosidl_generator_c.dir/rosidl_generator_c/turtlesim/msg/detail/pose__functions.c.o[0m
[2.556s] [  6%] [32mBuilding C object CMakeFiles/turtlesim__rosidl_generator_c.dir/rosidl_generator_c/turtlesim/srv/detail/kill__functions.c.o[0m
[2.557s] [  7%] [32mBuilding C object CMakeFiles/turtlesim__rosidl_generator_c.dir/rosidl_generator_c/turtlesim/srv/detail/set_pen__functions.c.o[0m
[2.560s] [  9%] [32mBuilding C object CMakeFiles/turtlesim__rosidl_generator_c.dir/rosidl_generator_c/turtlesim/srv/detail/teleport_relative__functions.c.o[0m
[2.560s] [  9%] [32mBuilding C object CMakeFiles/turtlesim__rosidl_generator_c.dir/rosidl_generator_c/turtlesim/srv/detail/teleport_absolute__functions.c.o[0m
[2.560s] [ 10%] [32mBuilding C object CMakeFiles/turtlesim__rosidl_generator_c.dir/rosidl_generator_c/turtlesim/srv/detail/spawn__functions.c.o[0m
[2.567s] [ 10%] Built target turtlesim__cpp
[2.581s] [ 12%] [34m[1mGenerating C++ type support dispatch for ROS interfaces[0m
[2.581s] [ 12%] [34m[1mGenerating C++ type support for eProsima Fast-RTPS[0m
[2.582s] [ 13%] [34m[1mGenerating C++ introspection for ROS interfaces[0m
[2.685s] [ 14%] [32m[1mLinking C shared library libturtlesim__rosidl_generator_c.so[0m
[2.718s] [ 14%] Built target turtlesim__rosidl_generator_c
[2.727s] [ 17%] [34m[1mGenerating C type support for eProsima Fast-RTPS[0m
[2.727s] [ 17%] [34m[1mGenerating C introspection for ROS interfaces[0m
[2.727s] [ 17%] [34m[1mGenerating C type support dispatch for ROS interfaces[0m
[3.104s] [ 18%] [32mBuilding CXX object CMakeFiles/turtlesim__rosidl_typesupport_introspection_cpp.dir/rosidl_typesupport_introspection_cpp/turtlesim/msg/detail/color__type_support.cpp.o[0m
[3.104s] [ 20%] [32mBuilding CXX object CMakeFiles/turtlesim__rosidl_typesupport_introspection_cpp.dir/rosidl_typesupport_introspection_cpp/turtlesim/msg/detail/pose__type_support.cpp.o[0m
[3.104s] [ 20%] [32mBuilding CXX object CMakeFiles/turtlesim__rosidl_typesupport_introspection_cpp.dir/rosidl_typesupport_introspection_cpp/turtlesim/srv/detail/set_pen__type_support.cpp.o[0m
[3.104s] [ 21%] [32mBuilding CXX object CMakeFiles/turtlesim__rosidl_typesupport_introspection_cpp.dir/rosidl_typesupport_introspection_cpp/turtlesim/srv/detail/kill__type_support.cpp.o[0m
[3.104s] [ 22%] [32mBuilding CXX object CMakeFiles/turtlesim__rosidl_typesupport_introspection_cpp.dir/rosidl_typesupport_introspection_cpp/turtlesim/action/detail/rotate_absolute__type_support.cpp.o[0m
[3.109s] [ 25%] [32mBuilding CXX object CMakeFiles/turtlesim__rosidl_typesupport_cpp.dir/rosidl_typesupport_cpp/turtlesim/action/rotate_absolute__type_support.cpp.o[0m
[3.109s] [ 25%] [32mBuilding CXX object CMakeFiles/turtlesim__rosidl_typesupport_introspection_cpp.dir/rosidl_typesupport_introspection_cpp/turtlesim/srv/detail/spawn__type_support.cpp.o[0m
[3.109s] [ 25%] [32mBuilding CXX object CMakeFiles/turtlesim__rosidl_typesupport_introspection_cpp.dir/rosidl_typesupport_introspection_cpp/turtlesim/srv/detail/teleport_absolute__type_support.cpp.o[0m
[3.411s] [ 26%] [32mBuilding CXX object CMakeFiles/turtlesim__rosidl_typesupport_c.dir/rosidl_typesupport_c/turtlesim/action/rotate_absolute__type_support.cpp.o[0m
[3.429s] [ 27%] [32mBuilding CXX object CMakeFiles/turtlesim__rosidl_typesupport_fastrtps_cpp.dir/rosidl_typesupport_fastrtps_cpp/turtlesim/action/detail/dds_fastrtps/rotate_absolute__type_support.cpp.o[0m
[3.529s] [ 28%] [32mBuilding CXX object CMakeFiles/turtlesim__rosidl_typesupport_c.dir/rosidl_typesupport_c/turtlesim/msg/color__type_support.cpp.o[0m
[3.583s] [ 29%] [32mBuilding CXX object CMakeFiles/turtlesim__rosidl_typesupport_c.dir/rosidl_typesupport_c/turtlesim/msg/pose__type_support.cpp.o[0m
[3.607s] [ 30%] [32mBuilding C object CMakeFiles/turtlesim__rosidl_typesupport_introspection_c.dir/rosidl_typesupport_introspection_c/turtlesim/action/detail/rotate_absolute__type_support.c.o[0m
[3.620s] [ 31%] [32mBuilding CXX object CMakeFiles/turtlesim__rosidl_typesupport_c.dir/rosidl_typesupport_c/turtlesim/srv/kill__type_support.cpp.o[0m
[3.648s] [ 32%] [32mBuilding CXX object CMakeFiles/turtlesim__rosidl_typesupport_c.dir/rosidl_typesupport_c/turtlesim/srv/set_pen__type_support.cpp.o[0m
[3.651s] [ 33%] [32mBuilding CXX object CMakeFiles/turtlesim__rosidl_typesupport_introspection_cpp.dir/rosidl_typesupport_introspection_cpp/turtlesim/srv/detail/teleport_relative__type_support.cpp.o[0m
[3.667s] [ 34%] [32mBuilding C object CMakeFiles/turtlesim__rosidl_typesupport_introspection_c.dir/rosidl_typesupport_introspection_c/turtlesim/msg/detail/color__type_support.c.o[0m
[3.681s] [ 35%] [32mBuilding CXX object CMakeFiles/turtlesim__rosidl_typesupport_cpp.dir/rosidl_typesupport_cpp/turtlesim/msg/color__type_support.cpp.o[0m
[3.684s] [ 36%] [32mBuilding CXX object CMakeFiles/turtlesim__rosidl_typesupport_fastrtps_cpp.dir/rosidl_typesupport_fastrtps_cpp/turtlesim/msg/detail/dds_fastrtps/color__type_support.cpp.o[0m
[3.685s] [ 37%] [32mBuilding CXX object CMakeFiles/turtlesim__rosidl_typesupport_c.dir/rosidl_typesupport_c/turtlesim/srv/spawn__type_support.cpp.o[0m
[3.694s] [ 38%] [32mBuilding CXX object CMakeFiles/turtlesim__rosidl_typesupport_c.dir/rosidl_typesupport_c/turtlesim/srv/teleport_absolute__type_support.cpp.o[0m
[3.708s] [ 39%] [32mBuilding CXX object CMakeFiles/turtlesim__rosidl_typesupport_fastrtps_cpp.dir/rosidl_typesupport_fastrtps_cpp/turtlesim/msg/detail/dds_fastrtps/pose__type_support.cpp.o[0m
[3.728s] [ 40%] [32mBuilding C object CMakeFiles/turtlesim__rosidl_typesupport_introspection_c.dir/rosidl_typesupport_introspection_c/turtlesim/msg/detail/pose__type_support.c.o[0m
[3.734s] [ 41%] [32mBuilding C object CMakeFiles/turtlesim__rosidl_typesupport_introspection_c.dir/rosidl_typesupport_introspection_c/turtlesim/srv/detail/kill__type_support.c.o[0m
[3.738s] [ 42%] [32mBuilding CXX object CMakeFiles/turtlesim__rosidl_typesupport_c.dir/rosidl_typesupport_c/turtlesim/srv/teleport_relative__type_support.cpp.o[0m
[3.753s] [ 43%] [32mBuilding CXX object CMakeFiles/turtlesim__rosidl_typesupport_cpp.dir/rosidl_typesupport_cpp/turtlesim/msg/pose__type_support.cpp.o[0m
[3.774s] [ 44%] [32mBuilding CXX object CMakeFiles/turtlesim__rosidl_typesupport_fastrtps_c.dir/rosidl_typesupport_fastrtps_c/turtlesim/action/detail/rotate_absolute__type_support_c.cpp.o[0m
[3.801s] [ 45%] [32m[1mLinking CXX shared library libturtlesim__rosidl_typesupport_c.so[0m
[3.801s] [ 46%] [32mBuilding CXX object CMakeFiles/turtlesim__rosidl_typesupport_fastrtps_c.dir/rosidl_typesupport_fastrtps_c/turtlesim/msg/detail/color__type_support_c.cpp.o[0m
[3.801s] [ 47%] [32mBuilding C object CMakeFiles/turtlesim__rosidl_typesupport_introspection_c.dir/rosidl_typesupport_introspection_c/turtlesim/srv/detail/set_pen__type_support.c.o[0m
[3.865s] [ 48%] [32mBuilding C object CMakeFiles/turtlesim__rosidl_typesupport_introspection_c.dir/rosidl_typesupport_introspection_c/turtlesim/srv/detail/spawn__type_support.c.o[0m
[3.888s] [ 49%] [32mBuilding CXX object CMakeFiles/turtlesim__rosidl_typesupport_fastrtps_cpp.dir/rosidl_typesupport_fastrtps_cpp/turtlesim/srv/detail/dds_fastrtps/kill__type_support.cpp.o[0m
[3.889s] [ 49%] Built target turtlesim__rosidl_typesupport_c
[3.904s] [ 50%] [32mBuilding CXX object CMakeFiles/turtlesim__rosidl_typesupport_fastrtps_c.dir/rosidl_typesupport_fastrtps_c/turtlesim/msg/detail/pose__type_support_c.cpp.o[0m
[3.916s] [ 51%] [32mBuilding CXX object CMakeFiles/turtlesim__rosidl_typesupport_fastrtps_c.dir/rosidl_typesupport_fastrtps_c/turtlesim/srv/detail/kill__type_support_c.cpp.o[0m
[3.922s] [ 52%] [32mBuilding C object CMakeFiles/turtlesim__rosidl_typesupport_introspection_c.dir/rosidl_typesupport_introspection_c/turtlesim/srv/detail/teleport_absolute__type_support.c.o[0m
[3.973s] [ 53%] [32mBuilding C object CMakeFiles/turtlesim__rosidl_typesupport_introspection_c.dir/rosidl_typesupport_introspection_c/turtlesim/srv/detail/teleport_relative__type_support.c.o[0m
[4.022s] [ 54%] [32m[1mLinking C shared library libturtlesim__rosidl_typesupport_introspection_c.so[0m
[4.022s] [ 55%] [32mBuilding CXX object CMakeFiles/turtlesim__rosidl_typesupport_cpp.dir/rosidl_typesupport_cpp/turtlesim/srv/kill__type_support.cpp.o[0m
[4.090s] [ 56%] [32mBuilding CXX object CMakeFiles/turtlesim__rosidl_typesupport_cpp.dir/rosidl_typesupport_cpp/turtlesim/srv/set_pen__type_support.cpp.o[0m
[4.099s] [ 56%] Built target turtlesim__rosidl_typesupport_introspection_c
[4.111s] [ 57%] [32mBuilding CXX object CMakeFiles/turtlesim__rosidl_typesupport_fastrtps_cpp.dir/rosidl_typesupport_fastrtps_cpp/turtlesim/srv/detail/dds_fastrtps/set_pen__type_support.cpp.o[0m
[4.201s] [ 58%] [32mBuilding CXX object CMakeFiles/turtlesim__rosidl_typesupport_fastrtps_c.dir/rosidl_typesupport_fastrtps_c/turtlesim/srv/detail/set_pen__type_support_c.cpp.o[0m
[4.243s] [ 59%] [32m[1mLinking CXX shared library libturtlesim__rosidl_typesupport_introspection_cpp.so[0m
[4.250s] [ 60%] [32mBuilding CXX object CMakeFiles/turtlesim__rosidl_typesupport_cpp.dir/rosidl_typesupport_cpp/turtlesim/srv/spawn__type_support.cpp.o[0m
[4.269s] [ 61%] [32mBuilding CXX object CMakeFiles/turtlesim__rosidl_typesupport_fastrtps_cpp.dir/rosidl_typesupport_fastrtps_cpp/turtlesim/srv/detail/dds_fastrtps/spawn__type_support.cpp.o[0m
[4.305s] [ 62%] [32mBuilding CXX object CMakeFiles/turtlesim__rosidl_typesupport_cpp.dir/rosidl_typesupport_cpp/turtlesim/srv/teleport_absolute__type_support.cpp.o[0m
[4.352s] [ 63%] [32mBuilding CXX object CMakeFiles/turtlesim__rosidl_typesupport_fastrtps_cpp.dir/rosidl_typesupport_fastrtps_cpp/turtlesim/srv/detail/dds_fastrtps/teleport_absolute__type_support.cpp.o[0m
[4.364s] [ 64%] [32mBuilding CXX object CMakeFiles/turtlesim__rosidl_typesupport_fastrtps_c.dir/rosidl_typesupport_fastrtps_c/turtlesim/srv/detail/spawn__type_support_c.cpp.o[0m
[4.458s] [ 64%] Built target turtlesim__rosidl_typesupport_introspection_cpp
[4.470s] [ 65%] [32mBuilding CXX object CMakeFiles/turtlesim__rosidl_typesupport_fastrtps_c.dir/rosidl_typesupport_fastrtps_c/turtlesim/srv/detail/teleport_absolute__type_support_c.cpp.o[0m
[4.496s] [ 66%] [32mBuilding CXX object CMakeFiles/turtlesim__rosidl_typesupport_fastrtps_c.dir/rosidl_typesupport_fastrtps_c/turtlesim/srv/detail/teleport_relative__type_support_c.cpp.o[0m
[4.516s] [ 67%] [32mBuilding CXX object CMakeFiles/turtlesim__rosidl_typesupport_fastrtps_cpp.dir/rosidl_typesupport_fastrtps_cpp/turtlesim/srv/detail/dds_fastrtps/teleport_relative__type_support.cpp.o[0m
[4.565s] [ 68%] [32mBuilding CXX object CMakeFiles/turtlesim__rosidl_typesupport_cpp.dir/rosidl_typesupport_cpp/turtlesim/srv/teleport_relative__type_support.cpp.o[0m
[4.819s] [ 69%] [32m[1mLinking CXX shared library libturtlesim__rosidl_typesupport_cpp.so[0m
[4.856s] [ 69%] Built target turtlesim__rosidl_typesupport_cpp
[4.865s] [ 70%] [34m[1mGenerating include/turtlesim/moc_turtle_frame.cpp[0m
[4.874s] [ 71%] [32mBuilding CXX object CMakeFiles/mimic.dir/tutorials/mimic.cpp.o[0m
[4.874s] [ 73%] [32mBuilding CXX object CMakeFiles/turtle_teleop_key.dir/tutorials/teleop_turtle_key.cpp.o[0m
[4.874s] [ 73%] [32mBuilding CXX object CMakeFiles/draw_square.dir/tutorials/draw_square.cpp.o[0m
[4.934s] [ 74%] [32m[1mLinking CXX shared library libturtlesim__rosidl_typesupport_fastrtps_c.so[0m
[4.944s] [ 75%] [32mBuilding CXX object CMakeFiles/turtlesim_node.dir/src/turtlesim.cpp.o[0m
[4.945s] [ 76%] [32mBuilding CXX object CMakeFiles/turtlesim_node.dir/src/turtle.cpp.o[0m
[4.945s] [ 77%] [32mBuilding CXX object CMakeFiles/turtlesim_node.dir/src/turtle_frame.cpp.o[0m
[4.945s] [ 78%] [32mBuilding CXX object CMakeFiles/turtlesim_node.dir/include/turtlesim/moc_turtle_frame.cpp.o[0m
[5.009s] [ 79%] [32m[1mLinking CXX shared library libturtlesim__rosidl_typesupport_fastrtps_cpp.so[0m
[5.029s] [ 79%] Built target turtlesim__rosidl_typesupport_fastrtps_c
[5.096s] [ 79%] Built target turtlesim__rosidl_typesupport_fastrtps_cpp
[5.118s] [ 79%] Built target turtlesim
[5.139s] [ 80%] [34m[1mGenerating Python code for ROS interfaces[0m
[7.109s] [ 80%] Built target turtlesim__py
[7.138s] [ 81%] [32mBuilding C object CMakeFiles/turtlesim__rosidl_generator_py.dir/rosidl_generator_py/turtlesim/msg/_color_s.c.o[0m
[7.139s] [ 82%] [32mBuilding C object CMakeFiles/turtlesim__rosidl_generator_py.dir/rosidl_generator_py/turtlesim/msg/_pose_s.c.o[0m
[7.141s] [ 83%] [32mBuilding C object CMakeFiles/turtlesim__rosidl_generator_py.dir/rosidl_generator_py/turtlesim/srv/_kill_s.c.o[0m
[7.141s] [ 85%] [32mBuilding C object CMakeFiles/turtlesim__rosidl_generator_py.dir/rosidl_generator_py/turtlesim/srv/_set_pen_s.c.o[0m
[7.141s] [ 85%] [32mBuilding C object CMakeFiles/turtlesim__rosidl_generator_py.dir/rosidl_generator_py/turtlesim/action/_rotate_absolute_s.c.o[0m
[7.325s] [ 86%] [32mBuilding C object CMakeFiles/turtlesim__rosidl_generator_py.dir/rosidl_generator_py/turtlesim/srv/_spawn_s.c.o[0m
[7.330s] [ 87%] [32mBuilding C object CMakeFiles/turtlesim__rosidl_generator_py.dir/rosidl_generator_py/turtlesim/srv/_teleport_absolute_s.c.o[0m
[7.335s] [ 88%] [32mBuilding C object CMakeFiles/turtlesim__rosidl_generator_py.dir/rosidl_generator_py/turtlesim/srv/_teleport_relative_s.c.o[0m
[7.465s] [ 89%] [32m[1mLinking C shared library rosidl_generator_py/turtlesim/libturtlesim__rosidl_generator_py.so[0m
[7.514s] [ 89%] Built target turtlesim__rosidl_generator_py
[7.541s] [ 90%] [32mBuilding C object CMakeFiles/turtlesim__rosidl_typesupport_c__pyext.dir/rosidl_generator_py/turtlesim/_turtlesim_s.ep.rosidl_typesupport_c.c.o[0m
[7.542s] [ 91%] [32mBuilding C object CMakeFiles/turtlesim__rosidl_typesupport_fastrtps_c__pyext.dir/rosidl_generator_py/turtlesim/_turtlesim_s.ep.rosidl_typesupport_fastrtps_c.c.o[0m
[7.543s] [ 92%] [32mBuilding C object CMakeFiles/turtlesim__rosidl_typesupport_introspection_c__pyext.dir/rosidl_generator_py/turtlesim/_turtlesim_s.ep.rosidl_typesupport_introspection_c.c.o[0m
[7.728s] [ 93%] [32m[1mLinking C shared library rosidl_generator_py/turtlesim/turtlesim_s__rosidl_typesupport_introspection_c.cpython-310-x86_64-linux-gnu.so[0m
[7.753s] [ 94%] [32m[1mLinking C shared library rosidl_generator_py/turtlesim/turtlesim_s__rosidl_typesupport_fastrtps_c.cpython-310-x86_64-linux-gnu.so[0m
[7.769s] [ 95%] [32m[1mLinking C shared library rosidl_generator_py/turtlesim/turtlesim_s__rosidl_typesupport_c.cpython-310-x86_64-linux-gnu.so[0m
[7.783s] [ 95%] Built target turtlesim__rosidl_typesupport_introspection_c__pyext
[7.806s] [ 95%] Built target turtlesim__rosidl_typesupport_fastrtps_c__pyext
[7.822s] [ 95%] Built target turtlesim__rosidl_typesupport_c__pyext
[11.567s] [ 96%] [32m[1mLinking CXX executable turtle_teleop_key[0m
[11.863s] [ 96%] Built target turtle_teleop_key
[13.694s] [ 97%] [32m[1mLinking CXX executable mimic[0m
[13.976s] [ 98%] [32m[1mLinking CXX executable draw_square[0m
[14.009s] [ 98%] Built target mimic
[14.302s] [ 98%] Built target draw_square
[16.488s] [100%] [32m[1mLinking CXX executable turtlesim_node[0m
[18.139s] [100%] Built target turtlesim_node
[18.150s] Invoked command in '/home/masa/Desktop/sola/ris/hw1/ros2_ws/build/turtlesim' returned '0': CMAKE_PREFIX_PATH=/opt/ros/humble /usr/bin/cmake --build /home/masa/Desktop/sola/ris/hw1/ros2_ws/build/turtlesim -- -j12 -l12
[18.159s] Invoking command in '/home/masa/Desktop/sola/ris/hw1/ros2_ws/build/turtlesim': CMAKE_PREFIX_PATH=/opt/ros/humble /usr/bin/cmake --install /home/masa/Desktop/sola/ris/hw1/ros2_ws/build/turtlesim
[18.165s] -- Install configuration: ""
[18.165s] -- Installing: /home/masa/Desktop/sola/ris/hw1/ros2_ws/install/turtlesim/share/ament_index/resource_index/rosidl_interfaces/turtlesim
[18.165s] -- Installing: /home/masa/Desktop/sola/ris/hw1/ros2_ws/install/turtlesim/include/turtlesim/turtlesim
[18.165s] -- Installing: /home/masa/Desktop/sola/ris/hw1/ros2_ws/install/turtlesim/include/turtlesim/turtlesim/action
[18.165s] -- Installing: /home/masa/Desktop/sola/ris/hw1/ros2_ws/install/turtlesim/include/turtlesim/turtlesim/action/rotate_absolute.h
[18.165s] -- Installing: /home/masa/Desktop/sola/ris/hw1/ros2_ws/install/turtlesim/include/turtlesim/turtlesim/action/detail
[18.166s] -- Installing: /home/masa/Desktop/sola/ris/hw1/ros2_ws/install/turtlesim/include/turtlesim/turtlesim/action/detail/rotate_absolute__type_support.h
[18.166s] -- Installing: /home/masa/Desktop/sola/ris/hw1/ros2_ws/install/turtlesim/include/turtlesim/turtlesim/action/detail/rotate_absolute__functions.c
[18.166s] -- Installing: /home/masa/Desktop/sola/ris/hw1/ros2_ws/install/turtlesim/include/turtlesim/turtlesim/action/detail/rotate_absolute__functions.h
[18.166s] -- Installing: /home/masa/Desktop/sola/ris/hw1/ros2_ws/install/turtlesim/include/turtlesim/turtlesim/action/detail/rotate_absolute__struct.h
[18.166s] -- Installing: /home/masa/Desktop/sola/ris/hw1/ros2_ws/install/turtlesim/include/turtlesim/turtlesim/srv
[18.166s] -- Installing: /home/masa/Desktop/sola/ris/hw1/ros2_ws/install/turtlesim/include/turtlesim/turtlesim/srv/kill.h
[18.166s] -- Installing: /home/masa/Desktop/sola/ris/hw1/ros2_ws/install/turtlesim/include/turtlesim/turtlesim/srv/teleport_absolute.h
[18.166s] -- Installing: /home/masa/Desktop/sola/ris/hw1/ros2_ws/install/turtlesim/include/turtlesim/turtlesim/srv/set_pen.h
[18.167s] -- Installing: /home/masa/Desktop/sola/ris/hw1/ros2_ws/install/turtlesim/include/turtlesim/turtlesim/srv/spawn.h
[18.167s] -- Installing: /home/masa/Desktop/sola/ris/hw1/ros2_ws/install/turtlesim/include/turtlesim/turtlesim/srv/teleport_relative.h
[18.167s] -- Installing: /home/masa/Desktop/sola/ris/hw1/ros2_ws/install/turtlesim/include/turtlesim/turtlesim/srv/detail
[18.167s] -- Installing: /home/masa/Desktop/sola/ris/hw1/ros2_ws/install/turtlesim/include/turtlesim/turtlesim/srv/detail/spawn__functions.c
[18.167s] -- Installing: /home/masa/Desktop/sola/ris/hw1/ros2_ws/install/turtlesim/include/turtlesim/turtlesim/srv/detail/teleport_absolute__functions.c
[18.167s] -- Installing: /home/masa/Desktop/sola/ris/hw1/ros2_ws/install/turtlesim/include/turtlesim/turtlesim/srv/detail/spawn__type_support.h
[18.167s] -- Installing: /home/masa/Desktop/sola/ris/hw1/ros2_ws/install/turtlesim/include/turtlesim/turtlesim/srv/detail/set_pen__functions.h
[18.167s] -- Installing: /home/masa/Desktop/sola/ris/hw1/ros2_ws/install/turtlesim/include/turtlesim/turtlesim/srv/detail/kill__struct.h
[18.167s] -- Installing: /home/masa/Desktop/sola/ris/hw1/ros2_ws/install/turtlesim/include/turtlesim/turtlesim/srv/detail/set_pen__type_support.h
[18.167s] -- Installing: /home/masa/Desktop/sola/ris/hw1/ros2_ws/install/turtlesim/include/turtlesim/turtlesim/srv/detail/set_pen__struct.h
[18.168s] -- Installing: /home/masa/Desktop/sola/ris/hw1/ros2_ws/install/turtlesim/include/turtlesim/turtlesim/srv/detail/teleport_relative__functions.h
[18.168s] -- Installing: /home/masa/Desktop/sola/ris/hw1/ros2_ws/install/turtlesim/include/turtlesim/turtlesim/srv/detail/teleport_absolute__functions.h
[18.168s] -- Installing: /home/masa/Desktop/sola/ris/hw1/ros2_ws/install/turtlesim/include/turtlesim/turtlesim/srv/detail/spawn__struct.h
[18.168s] -- Installing: /home/masa/Desktop/sola/ris/hw1/ros2_ws/install/turtlesim/include/turtlesim/turtlesim/srv/detail/teleport_relative__type_support.h
[18.168s] -- Installing: /home/masa/Desktop/sola/ris/hw1/ros2_ws/install/turtlesim/include/turtlesim/turtlesim/srv/detail/kill__functions.h
[18.168s] -- Installing: /home/masa/Desktop/sola/ris/hw1/ros2_ws/install/turtlesim/include/turtlesim/turtlesim/srv/detail/teleport_relative__functions.c
[18.168s] -- Installing: /home/masa/Desktop/sola/ris/hw1/ros2_ws/install/turtlesim/include/turtlesim/turtlesim/srv/detail/kill__type_support.h
[18.168s] -- Installing: /home/masa/Desktop/sola/ris/hw1/ros2_ws/install/turtlesim/include/turtlesim/turtlesim/srv/detail/set_pen__functions.c
[18.169s] -- Installing: /home/masa/Desktop/sola/ris/hw1/ros2_ws/install/turtlesim/include/turtlesim/turtlesim/srv/detail/teleport_relative__struct.h
[18.169s] -- Installing: /home/masa/Desktop/sola/ris/hw1/ros2_ws/install/turtlesim/include/turtlesim/turtlesim/srv/detail/teleport_absolute__struct.h
[18.169s] -- Installing: /home/masa/Desktop/sola/ris/hw1/ros2_ws/install/turtlesim/include/turtlesim/turtlesim/srv/detail/teleport_absolute__type_support.h
[18.169s] -- Installing: /home/masa/Desktop/sola/ris/hw1/ros2_ws/install/turtlesim/include/turtlesim/turtlesim/srv/detail/kill__functions.c
[18.169s] -- Installing: /home/masa/Desktop/sola/ris/hw1/ros2_ws/install/turtlesim/include/turtlesim/turtlesim/srv/detail/spawn__functions.h
[18.169s] -- Installing: /home/masa/Desktop/sola/ris/hw1/ros2_ws/install/turtlesim/include/turtlesim/turtlesim/msg
[18.169s] -- Installing: /home/masa/Desktop/sola/ris/hw1/ros2_ws/install/turtlesim/include/turtlesim/turtlesim/msg/pose.h
[18.169s] -- Installing: /home/masa/Desktop/sola/ris/hw1/ros2_ws/install/turtlesim/include/turtlesim/turtlesim/msg/rosidl_generator_c__visibility_control.h
[18.169s] -- Installing: /home/masa/Desktop/sola/ris/hw1/ros2_ws/install/turtlesim/include/turtlesim/turtlesim/msg/detail
[18.170s] -- Installing: /home/masa/Desktop/sola/ris/hw1/ros2_ws/install/turtlesim/include/turtlesim/turtlesim/msg/detail/pose__type_support.h
[18.170s] -- Installing: /home/masa/Desktop/sola/ris/hw1/ros2_ws/install/turtlesim/include/turtlesim/turtlesim/msg/detail/color__functions.h
[18.170s] -- Installing: /home/masa/Desktop/sola/ris/hw1/ros2_ws/install/turtlesim/include/turtlesim/turtlesim/msg/detail/color__struct.h
[18.170s] -- Installing: /home/masa/Desktop/sola/ris/hw1/ros2_ws/install/turtlesim/include/turtlesim/turtlesim/msg/detail/pose__functions.c
[18.170s] -- Installing: /home/masa/Desktop/sola/ris/hw1/ros2_ws/install/turtlesim/include/turtlesim/turtlesim/msg/detail/pose__functions.h
[18.170s] -- Installing: /home/masa/Desktop/sola/ris/hw1/ros2_ws/install/turtlesim/include/turtlesim/turtlesim/msg/detail/pose__struct.h
[18.170s] -- Installing: /home/masa/Desktop/sola/ris/hw1/ros2_ws/install/turtlesim/include/turtlesim/turtlesim/msg/detail/color__functions.c
[18.170s] -- Installing: /home/masa/Desktop/sola/ris/hw1/ros2_ws/install/turtlesim/include/turtlesim/turtlesim/msg/detail/color__type_support.h
[18.170s] -- Installing: /home/masa/Desktop/sola/ris/hw1/ros2_ws/install/turtlesim/include/turtlesim/turtlesim/msg/color.h
[18.171s] -- Installing: /home/masa/Desktop/sola/ris/hw1/ros2_ws/install/turtlesim/share/turtlesim/environment/library_path.sh
[18.171s] -- Installing: /home/masa/Desktop/sola/ris/hw1/ros2_ws/install/turtlesim/share/turtlesim/environment/library_path.dsv
[18.171s] -- Installing: /home/masa/Desktop/sola/ris/hw1/ros2_ws/install/turtlesim/lib/libturtlesim__rosidl_generator_c.so
[18.171s] -- Set runtime path of "/home/masa/Desktop/sola/ris/hw1/ros2_ws/install/turtlesim/lib/libturtlesim__rosidl_generator_c.so" to ""
[18.171s] -- Up-to-date: /home/masa/Desktop/sola/ris/hw1/ros2_ws/install/turtlesim/include/turtlesim/turtlesim
[18.171s] -- Up-to-date: /home/masa/Desktop/sola/ris/hw1/ros2_ws/install/turtlesim/include/turtlesim/turtlesim/action
[18.172s] -- Up-to-date: /home/masa/Desktop/sola/ris/hw1/ros2_ws/install/turtlesim/include/turtlesim/turtlesim/action/detail
[18.172s] -- Installing: /home/masa/Desktop/sola/ris/hw1/ros2_ws/install/turtlesim/include/turtlesim/turtlesim/action/detail/rotate_absolute__rosidl_typesupport_fastrtps_c.h
[18.172s] -- Up-to-date: /home/masa/Desktop/sola/ris/hw1/ros2_ws/install/turtlesim/include/turtlesim/turtlesim/srv
[18.172s] -- Up-to-date: /home/masa/Desktop/sola/ris/hw1/ros2_ws/install/turtlesim/include/turtlesim/turtlesim/srv/detail
[18.172s] -- Installing: /home/masa/Desktop/sola/ris/hw1/ros2_ws/install/turtlesim/include/turtlesim/turtlesim/srv/detail/teleport_relative__rosidl_typesupport_fastrtps_c.h
[18.172s] -- Installing: /home/masa/Desktop/sola/ris/hw1/ros2_ws/install/turtlesim/include/turtlesim/turtlesim/srv/detail/set_pen__rosidl_typesupport_fastrtps_c.h
[18.172s] -- Installing: /home/masa/Desktop/sola/ris/hw1/ros2_ws/install/turtlesim/include/turtlesim/turtlesim/srv/detail/spawn__rosidl_typesupport_fastrtps_c.h
[18.172s] -- Installing: /home/masa/Desktop/sola/ris/hw1/ros2_ws/install/turtlesim/include/turtlesim/turtlesim/srv/detail/kill__rosidl_typesupport_fastrtps_c.h
[18.172s] -- Installing: /home/masa/Desktop/sola/ris/hw1/ros2_ws/install/turtlesim/include/turtlesim/turtlesim/srv/detail/teleport_absolute__rosidl_typesupport_fastrtps_c.h
[18.172s] -- Up-to-date: /home/masa/Desktop/sola/ris/hw1/ros2_ws/install/turtlesim/include/turtlesim/turtlesim/msg
[18.172s] -- Up-to-date: /home/masa/Desktop/sola/ris/hw1/ros2_ws/install/turtlesim/include/turtlesim/turtlesim/msg/detail
[18.172s] -- Installing: /home/masa/Desktop/sola/ris/hw1/ros2_ws/install/turtlesim/include/turtlesim/turtlesim/msg/detail/color__rosidl_typesupport_fastrtps_c.h
[18.172s] -- Installing: /home/masa/Desktop/sola/ris/hw1/ros2_ws/install/turtlesim/include/turtlesim/turtlesim/msg/detail/pose__rosidl_typesupport_fastrtps_c.h
[18.173s] -- Installing: /home/masa/Desktop/sola/ris/hw1/ros2_ws/install/turtlesim/include/turtlesim/turtlesim/msg/rosidl_typesupport_fastrtps_c__visibility_control.h
[18.173s] -- Installing: /home/masa/Desktop/sola/ris/hw1/ros2_ws/install/turtlesim/lib/libturtlesim__rosidl_typesupport_fastrtps_c.so
[18.173s] -- Set runtime path of "/home/masa/Desktop/sola/ris/hw1/ros2_ws/install/turtlesim/lib/libturtlesim__rosidl_typesupport_fastrtps_c.so" to ""
[18.173s] -- Up-to-date: /home/masa/Desktop/sola/ris/hw1/ros2_ws/install/turtlesim/include/turtlesim/turtlesim
[18.173s] -- Up-to-date: /home/masa/Desktop/sola/ris/hw1/ros2_ws/install/turtlesim/include/turtlesim/turtlesim/action
[18.173s] -- Installing: /home/masa/Desktop/sola/ris/hw1/ros2_ws/install/turtlesim/include/turtlesim/turtlesim/action/rotate_absolute.hpp
[18.173s] -- Up-to-date: /home/masa/Desktop/sola/ris/hw1/ros2_ws/install/turtlesim/include/turtlesim/turtlesim/action/detail
[18.173s] -- Installing: /home/masa/Desktop/sola/ris/hw1/ros2_ws/install/turtlesim/include/turtlesim/turtlesim/action/detail/rotate_absolute__type_support.hpp
[18.174s] -- Installing: /home/masa/Desktop/sola/ris/hw1/ros2_ws/install/turtlesim/include/turtlesim/turtlesim/action/detail/rotate_absolute__traits.hpp
[18.174s] -- Installing: /home/masa/Desktop/sola/ris/hw1/ros2_ws/install/turtlesim/include/turtlesim/turtlesim/action/detail/rotate_absolute__builder.hpp
[18.174s] -- Installing: /home/masa/Desktop/sola/ris/hw1/ros2_ws/install/turtlesim/include/turtlesim/turtlesim/action/detail/rotate_absolute__struct.hpp
[18.174s] -- Up-to-date: /home/masa/Desktop/sola/ris/hw1/ros2_ws/install/turtlesim/include/turtlesim/turtlesim/srv
[18.174s] -- Installing: /home/masa/Desktop/sola/ris/hw1/ros2_ws/install/turtlesim/include/turtlesim/turtlesim/srv/teleport_relative.hpp
[18.174s] -- Installing: /home/masa/Desktop/sola/ris/hw1/ros2_ws/install/turtlesim/include/turtlesim/turtlesim/srv/spawn.hpp
[18.174s] -- Installing: /home/masa/Desktop/sola/ris/hw1/ros2_ws/install/turtlesim/include/turtlesim/turtlesim/srv/teleport_absolute.hpp
[18.174s] -- Installing: /home/masa/Desktop/sola/ris/hw1/ros2_ws/install/turtlesim/include/turtlesim/turtlesim/srv/set_pen.hpp
[18.174s] -- Up-to-date: /home/masa/Desktop/sola/ris/hw1/ros2_ws/install/turtlesim/include/turtlesim/turtlesim/srv/detail
[18.174s] -- Installing: /home/masa/Desktop/sola/ris/hw1/ros2_ws/install/turtlesim/include/turtlesim/turtlesim/srv/detail/teleport_relative__struct.hpp
[18.175s] -- Installing: /home/masa/Desktop/sola/ris/hw1/ros2_ws/install/turtlesim/include/turtlesim/turtlesim/srv/detail/spawn__struct.hpp
[18.175s] -- Installing: /home/masa/Desktop/sola/ris/hw1/ros2_ws/install/turtlesim/include/turtlesim/turtlesim/srv/detail/set_pen__traits.hpp
[18.175s] -- Installing: /home/masa/Desktop/sola/ris/hw1/ros2_ws/install/turtlesim/include/turtlesim/turtlesim/srv/detail/kill__builder.hpp
[18.175s] -- Installing: /home/masa/Desktop/sola/ris/hw1/ros2_ws/install/turtlesim/include/turtlesim/turtlesim/srv/detail/teleport_absolute__struct.hpp
[18.175s] -- Installing: /home/masa/Desktop/sola/ris/hw1/ros2_ws/install/turtlesim/include/turtlesim/turtlesim/srv/detail/spawn__builder.hpp
[18.175s] -- Installing: /home/masa/Desktop/sola/ris/hw1/ros2_ws/install/turtlesim/include/turtlesim/turtlesim/srv/detail/spawn__type_support.hpp
[18.175s] -- Installing: /home/masa/Desktop/sola/ris/hw1/ros2_ws/install/turtlesim/include/turtlesim/turtlesim/srv/detail/teleport_absolute__builder.hpp
[18.175s] -- Installing: /home/masa/Desktop/sola/ris/hw1/ros2_ws/install/turtlesim/include/turtlesim/turtlesim/srv/detail/teleport_absolute__traits.hpp
[18.176s] -- Installing: /home/masa/Desktop/sola/ris/hw1/ros2_ws/install/turtlesim/include/turtlesim/turtlesim/srv/detail/kill__type_support.hpp
[18.176s] -- Installing: /home/masa/Desktop/sola/ris/hw1/ros2_ws/install/turtlesim/include/turtlesim/turtlesim/srv/detail/teleport_relative__type_support.hpp
[18.176s] -- Installing: /home/masa/Desktop/sola/ris/hw1/ros2_ws/install/turtlesim/include/turtlesim/turtlesim/srv/detail/set_pen__struct.hpp
[18.176s] -- Installing: /home/masa/Desktop/sola/ris/hw1/ros2_ws/install/turtlesim/include/turtlesim/turtlesim/srv/detail/kill__struct.hpp
[18.176s] -- Installing: /home/masa/Desktop/sola/ris/hw1/ros2_ws/install/turtlesim/include/turtlesim/turtlesim/srv/detail/kill__traits.hpp
[18.176s] -- Installing: /home/masa/Desktop/sola/ris/hw1/ros2_ws/install/turtlesim/include/turtlesim/turtlesim/srv/detail/teleport_absolute__type_support.hpp
[18.176s] -- Installing: /home/masa/Desktop/sola/ris/hw1/ros2_ws/install/turtlesim/include/turtlesim/turtlesim/srv/detail/teleport_relative__traits.hpp
[18.176s] -- Installing: /home/masa/Desktop/sola/ris/hw1/ros2_ws/install/turtlesim/include/turtlesim/turtlesim/srv/detail/teleport_relative__builder.hpp
[18.176s] -- Installing: /home/masa/Desktop/sola/ris/hw1/ros2_ws/install/turtlesim/include/turtlesim/turtlesim/srv/detail/set_pen__builder.hpp
[18.177s] -- Installing: /home/masa/Desktop/sola/ris/hw1/ros2_ws/install/turtlesim/include/turtlesim/turtlesim/srv/detail/set_pen__type_support.hpp
[18.177s] -- Installing: /home/masa/Desktop/sola/ris/hw1/ros2_ws/install/turtlesim/include/turtlesim/turtlesim/srv/detail/spawn__traits.hpp
[18.177s] -- Installing: /home/masa/Desktop/sola/ris/hw1/ros2_ws/install/turtlesim/include/turtlesim/turtlesim/srv/kill.hpp
[18.177s] -- Up-to-date: /home/masa/Desktop/sola/ris/hw1/ros2_ws/install/turtlesim/include/turtlesim/turtlesim/msg
[18.177s] -- Installing: /home/masa/Desktop/sola/ris/hw1/ros2_ws/install/turtlesim/include/turtlesim/turtlesim/msg/color.hpp
[18.177s] -- Installing: /home/masa/Desktop/sola/ris/hw1/ros2_ws/install/turtlesim/include/turtlesim/turtlesim/msg/pose.hpp
[18.177s] -- Up-to-date: /home/masa/Desktop/sola/ris/hw1/ros2_ws/install/turtlesim/include/turtlesim/turtlesim/msg/detail
[18.177s] -- Installing: /home/masa/Desktop/sola/ris/hw1/ros2_ws/install/turtlesim/include/turtlesim/turtlesim/msg/detail/pose__builder.hpp
[18.177s] -- Installing: /home/masa/Desktop/sola/ris/hw1/ros2_ws/install/turtlesim/include/turtlesim/turtlesim/msg/detail/pose__type_support.hpp
[18.177s] -- Installing: /home/masa/Desktop/sola/ris/hw1/ros2_ws/install/turtlesim/include/turtlesim/turtlesim/msg/detail/color__traits.hpp
[18.178s] -- Installing: /home/masa/Desktop/sola/ris/hw1/ros2_ws/install/turtlesim/include/turtlesim/turtlesim/msg/detail/pose__traits.hpp
[18.178s] -- Installing: /home/masa/Desktop/sola/ris/hw1/ros2_ws/install/turtlesim/include/turtlesim/turtlesim/msg/detail/color__type_support.hpp
[18.178s] -- Installing: /home/masa/Desktop/sola/ris/hw1/ros2_ws/install/turtlesim/include/turtlesim/turtlesim/msg/detail/color__builder.hpp
[18.178s] -- Installing: /home/masa/Desktop/sola/ris/hw1/ros2_ws/install/turtlesim/include/turtlesim/turtlesim/msg/detail/pose__struct.hpp
[18.178s] -- Installing: /home/masa/Desktop/sola/ris/hw1/ros2_ws/install/turtlesim/include/turtlesim/turtlesim/msg/detail/color__struct.hpp
[18.178s] -- Installing: /home/masa/Desktop/sola/ris/hw1/ros2_ws/install/turtlesim/include/turtlesim/turtlesim/msg/rosidl_generator_cpp__visibility_control.hpp
[18.178s] -- Up-to-date: /home/masa/Desktop/sola/ris/hw1/ros2_ws/install/turtlesim/include/turtlesim/turtlesim
[18.178s] -- Up-to-date: /home/masa/Desktop/sola/ris/hw1/ros2_ws/install/turtlesim/include/turtlesim/turtlesim/action
[18.178s] -- Up-to-date: /home/masa/Desktop/sola/ris/hw1/ros2_ws/install/turtlesim/include/turtlesim/turtlesim/action/detail
[18.178s] -- Installing: /home/masa/Desktop/sola/ris/hw1/ros2_ws/install/turtlesim/include/turtlesim/turtlesim/action/detail/dds_fastrtps
[18.178s] -- Installing: /home/masa/Desktop/sola/ris/hw1/ros2_ws/install/turtlesim/include/turtlesim/turtlesim/action/detail/rotate_absolute__rosidl_typesupport_fastrtps_cpp.hpp
[18.178s] -- Up-to-date: /home/masa/Desktop/sola/ris/hw1/ros2_ws/install/turtlesim/include/turtlesim/turtlesim/srv
[18.179s] -- Up-to-date: /home/masa/Desktop/sola/ris/hw1/ros2_ws/install/turtlesim/include/turtlesim/turtlesim/srv/detail
[18.179s] -- Installing: /home/masa/Desktop/sola/ris/hw1/ros2_ws/install/turtlesim/include/turtlesim/turtlesim/srv/detail/teleport_relative__rosidl_typesupport_fastrtps_cpp.hpp
[18.179s] -- Installing: /home/masa/Desktop/sola/ris/hw1/ros2_ws/install/turtlesim/include/turtlesim/turtlesim/srv/detail/kill__rosidl_typesupport_fastrtps_cpp.hpp
[18.179s] -- Installing: /home/masa/Desktop/sola/ris/hw1/ros2_ws/install/turtlesim/include/turtlesim/turtlesim/srv/detail/dds_fastrtps
[18.179s] -- Installing: /home/masa/Desktop/sola/ris/hw1/ros2_ws/install/turtlesim/include/turtlesim/turtlesim/srv/detail/teleport_absolute__rosidl_typesupport_fastrtps_cpp.hpp
[18.179s] -- Installing: /home/masa/Desktop/sola/ris/hw1/ros2_ws/install/turtlesim/include/turtlesim/turtlesim/srv/detail/set_pen__rosidl_typesupport_fastrtps_cpp.hpp
[18.179s] -- Installing: /home/masa/Desktop/sola/ris/hw1/ros2_ws/install/turtlesim/include/turtlesim/turtlesim/srv/detail/spawn__rosidl_typesupport_fastrtps_cpp.hpp
[18.179s] -- Up-to-date: /home/masa/Desktop/sola/ris/hw1/ros2_ws/install/turtlesim/include/turtlesim/turtlesim/msg
[18.179s] -- Installing: /home/masa/Desktop/sola/ris/hw1/ros2_ws/install/turtlesim/include/turtlesim/turtlesim/msg/rosidl_typesupport_fastrtps_cpp__visibility_control.h
[18.179s] -- Up-to-date: /home/masa/Desktop/sola/ris/hw1/ros2_ws/install/turtlesim/include/turtlesim/turtlesim/msg/detail
[18.179s] -- Installing: /home/masa/Desktop/sola/ris/hw1/ros2_ws/install/turtlesim/include/turtlesim/turtlesim/msg/detail/color__rosidl_typesupport_fastrtps_cpp.hpp
[18.180s] -- Installing: /home/masa/Desktop/sola/ris/hw1/ros2_ws/install/turtlesim/include/turtlesim/turtlesim/msg/detail/dds_fastrtps
[18.180s] -- Installing: /home/masa/Desktop/sola/ris/hw1/ros2_ws/install/turtlesim/include/turtlesim/turtlesim/msg/detail/pose__rosidl_typesupport_fastrtps_cpp.hpp
[18.180s] -- Installing: /home/masa/Desktop/sola/ris/hw1/ros2_ws/install/turtlesim/lib/libturtlesim__rosidl_typesupport_fastrtps_cpp.so
[18.180s] -- Set runtime path of "/home/masa/Desktop/sola/ris/hw1/ros2_ws/install/turtlesim/lib/libturtlesim__rosidl_typesupport_fastrtps_cpp.so" to ""
[18.180s] -- Up-to-date: /home/masa/Desktop/sola/ris/hw1/ros2_ws/install/turtlesim/include/turtlesim/turtlesim
[18.180s] -- Up-to-date: /home/masa/Desktop/sola/ris/hw1/ros2_ws/install/turtlesim/include/turtlesim/turtlesim/action
[18.180s] -- Up-to-date: /home/masa/Desktop/sola/ris/hw1/ros2_ws/install/turtlesim/include/turtlesim/turtlesim/action/detail
[18.180s] -- Installing: /home/masa/Desktop/sola/ris/hw1/ros2_ws/install/turtlesim/include/turtlesim/turtlesim/action/detail/rotate_absolute__type_support.c
[18.180s] -- Installing: /home/masa/Desktop/sola/ris/hw1/ros2_ws/install/turtlesim/include/turtlesim/turtlesim/action/detail/rotate_absolute__rosidl_typesupport_introspection_c.h
[18.181s] -- Up-to-date: /home/masa/Desktop/sola/ris/hw1/ros2_ws/install/turtlesim/include/turtlesim/turtlesim/srv
[18.181s] -- Up-to-date: /home/masa/Desktop/sola/ris/hw1/ros2_ws/install/turtlesim/include/turtlesim/turtlesim/srv/detail
[18.181s] -- Installing: /home/masa/Desktop/sola/ris/hw1/ros2_ws/install/turtlesim/include/turtlesim/turtlesim/srv/detail/set_pen__type_support.c
[18.181s] -- Installing: /home/masa/Desktop/sola/ris/hw1/ros2_ws/install/turtlesim/include/turtlesim/turtlesim/srv/detail/kill__rosidl_typesupport_introspection_c.h
[18.181s] -- Installing: /home/masa/Desktop/sola/ris/hw1/ros2_ws/install/turtlesim/include/turtlesim/turtlesim/srv/detail/teleport_relative__type_support.c
[18.181s] -- Installing: /home/masa/Desktop/sola/ris/hw1/ros2_ws/install/turtlesim/include/turtlesim/turtlesim/srv/detail/teleport_relative__rosidl_typesupport_introspection_c.h
[18.181s] -- Installing: /home/masa/Desktop/sola/ris/hw1/ros2_ws/install/turtlesim/include/turtlesim/turtlesim/srv/detail/set_pen__rosidl_typesupport_introspection_c.h
[18.181s] -- Installing: /home/masa/Desktop/sola/ris/hw1/ros2_ws/install/turtlesim/include/turtlesim/turtlesim/srv/detail/spawn__rosidl_typesupport_introspection_c.h
[18.181s] -- Installing: /home/masa/Desktop/sola/ris/hw1/ros2_ws/install/turtlesim/include/turtlesim/turtlesim/srv/detail/spawn__type_support.c
[18.181s] -- Installing: /home/masa/Desktop/sola/ris/hw1/ros2_ws/install/turtlesim/include/turtlesim/turtlesim/srv/detail/kill__type_support.c
[18.182s] -- Installing: /home/masa/Desktop/sola/ris/hw1/ros2_ws/install/turtlesim/include/turtlesim/turtlesim/srv/detail/teleport_absolute__type_support.c
[18.182s] -- Installing: /home/masa/Desktop/sola/ris/hw1/ros2_ws/install/turtlesim/include/turtlesim/turtlesim/srv/detail/teleport_absolute__rosidl_typesupport_introspection_c.h
[18.182s] -- Up-to-date: /home/masa/Desktop/sola/ris/hw1/ros2_ws/install/turtlesim/include/turtlesim/turtlesim/msg
[18.182s] -- Installing: /home/masa/Desktop/sola/ris/hw1/ros2_ws/install/turtlesim/include/turtlesim/turtlesim/msg/rosidl_typesupport_introspection_c__visibility_control.h
[18.182s] -- Up-to-date: /home/masa/Desktop/sola/ris/hw1/ros2_ws/install/turtlesim/include/turtlesim/turtlesim/msg/detail
[18.182s] -- Installing: /home/masa/Desktop/sola/ris/hw1/ros2_ws/install/turtlesim/include/turtlesim/turtlesim/msg/detail/color__type_support.c
[18.182s] -- Installing: /home/masa/Desktop/sola/ris/hw1/ros2_ws/install/turtlesim/include/turtlesim/turtlesim/msg/detail/pose__rosidl_typesupport_introspection_c.h
[18.182s] -- Installing: /home/masa/Desktop/sola/ris/hw1/ros2_ws/install/turtlesim/include/turtlesim/turtlesim/msg/detail/pose__type_support.c
[18.182s] -- Installing: /home/masa/Desktop/sola/ris/hw1/ros2_ws/install/turtlesim/include/turtlesim/turtlesim/msg/detail/color__rosidl_typesupport_introspection_c.h
[18.182s] -- Installing: /home/masa/Desktop/sola/ris/hw1/ros2_ws/install/turtlesim/lib/libturtlesim__rosidl_typesupport_introspection_c.so
[18.183s] -- Set runtime path of "/home/masa/Desktop/sola/ris/hw1/ros2_ws/install/turtlesim/lib/libturtlesim__rosidl_typesupport_introspection_c.so" to ""
[18.183s] -- Installing: /home/masa/Desktop/sola/ris/hw1/ros2_ws/install/turtlesim/lib/libturtlesim__rosidl_typesupport_c.so
[18.183s] -- Set runtime path of "/home/masa/Desktop/sola/ris/hw1/ros2_ws/install/turtlesim/lib/libturtlesim__rosidl_typesupport_c.so" to ""
[18.183s] -- Up-to-date: /home/masa/Desktop/sola/ris/hw1/ros2_ws/install/turtlesim/include/turtlesim/turtlesim
[18.183s] -- Up-to-date: /home/masa/Desktop/sola/ris/hw1/ros2_ws/install/turtlesim/include/turtlesim/turtlesim/action
[18.183s] -- Up-to-date: /home/masa/Desktop/sola/ris/hw1/ros2_ws/install/turtlesim/include/turtlesim/turtlesim/action/detail
[18.183s] -- Installing: /home/masa/Desktop/sola/ris/hw1/ros2_ws/install/turtlesim/include/turtlesim/turtlesim/action/detail/rotate_absolute__type_support.cpp
[18.183s] -- Installing: /home/masa/Desktop/sola/ris/hw1/ros2_ws/install/turtlesim/include/turtlesim/turtlesim/action/detail/rotate_absolute__rosidl_typesupport_introspection_cpp.hpp
[18.184s] -- Up-to-date: /home/masa/Desktop/sola/ris/hw1/ros2_ws/install/turtlesim/include/turtlesim/turtlesim/srv
[18.184s] -- Up-to-date: /home/masa/Desktop/sola/ris/hw1/ros2_ws/install/turtlesim/include/turtlesim/turtlesim/srv/detail
[18.184s] -- Installing: /home/masa/Desktop/sola/ris/hw1/ros2_ws/install/turtlesim/include/turtlesim/turtlesim/srv/detail/spawn__rosidl_typesupport_introspection_cpp.hpp
[18.184s] -- Installing: /home/masa/Desktop/sola/ris/hw1/ros2_ws/install/turtlesim/include/turtlesim/turtlesim/srv/detail/kill__type_support.cpp
[18.184s] -- Installing: /home/masa/Desktop/sola/ris/hw1/ros2_ws/install/turtlesim/include/turtlesim/turtlesim/srv/detail/kill__rosidl_typesupport_introspection_cpp.hpp
[18.184s] -- Installing: /home/masa/Desktop/sola/ris/hw1/ros2_ws/install/turtlesim/include/turtlesim/turtlesim/srv/detail/set_pen__type_support.cpp
[18.184s] -- Installing: /home/masa/Desktop/sola/ris/hw1/ros2_ws/install/turtlesim/include/turtlesim/turtlesim/srv/detail/teleport_absolute__type_support.cpp
[18.184s] -- Installing: /home/masa/Desktop/sola/ris/hw1/ros2_ws/install/turtlesim/include/turtlesim/turtlesim/srv/detail/spawn__type_support.cpp
[18.184s] -- Installing: /home/masa/Desktop/sola/ris/hw1/ros2_ws/install/turtlesim/include/turtlesim/turtlesim/srv/detail/set_pen__rosidl_typesupport_introspection_cpp.hpp
[18.184s] -- Installing: /home/masa/Desktop/sola/ris/hw1/ros2_ws/install/turtlesim/include/turtlesim/turtlesim/srv/detail/teleport_relative__rosidl_typesupport_introspection_cpp.hpp
[18.184s] -- Installing: /home/masa/Desktop/sola/ris/hw1/ros2_ws/install/turtlesim/include/turtlesim/turtlesim/srv/detail/teleport_relative__type_support.cpp
[18.185s] -- Installing: /home/masa/Desktop/sola/ris/hw1/ros2_ws/install/turtlesim/include/turtlesim/turtlesim/srv/detail/teleport_absolute__rosidl_typesupport_introspection_cpp.hpp
[18.185s] -- Up-to-date: /home/masa/Desktop/sola/ris/hw1/ros2_ws/install/turtlesim/include/turtlesim/turtlesim/msg
[18.185s] -- Up-to-date: /home/masa/Desktop/sola/ris/hw1/ros2_ws/install/turtlesim/include/turtlesim/turtlesim/msg/detail
[18.185s] -- Installing: /home/masa/Desktop/sola/ris/hw1/ros2_ws/install/turtlesim/include/turtlesim/turtlesim/msg/detail/color__type_support.cpp
[18.185s] -- Installing: /home/masa/Desktop/sola/ris/hw1/ros2_ws/install/turtlesim/include/turtlesim/turtlesim/msg/detail/pose__rosidl_typesupport_introspection_cpp.hpp
[18.185s] -- Installing: /home/masa/Desktop/sola/ris/hw1/ros2_ws/install/turtlesim/include/turtlesim/turtlesim/msg/detail/color__rosidl_typesupport_introspection_cpp.hpp
[18.185s] -- Installing: /home/masa/Desktop/sola/ris/hw1/ros2_ws/install/turtlesim/include/turtlesim/turtlesim/msg/detail/pose__type_support.cpp
[18.185s] -- Installing: /home/masa/Desktop/sola/ris/hw1/ros2_ws/install/turtlesim/lib/libturtlesim__rosidl_typesupport_introspection_cpp.so
[18.186s] -- Set runtime path of "/home/masa/Desktop/sola/ris/hw1/ros2_ws/install/turtlesim/lib/libturtlesim__rosidl_typesupport_introspection_cpp.so" to ""
[18.186s] -- Installing: /home/masa/Desktop/sola/ris/hw1/ros2_ws/install/turtlesim/lib/libturtlesim__rosidl_typesupport_cpp.so
[18.186s] -- Set runtime path of "/home/masa/Desktop/sola/ris/hw1/ros2_ws/install/turtlesim/lib/libturtlesim__rosidl_typesupport_cpp.so" to ""
[18.186s] -- Installing: /home/masa/Desktop/sola/ris/hw1/ros2_ws/install/turtlesim/share/turtlesim/environment/pythonpath.sh
[18.186s] -- Installing: /home/masa/Desktop/sola/ris/hw1/ros2_ws/install/turtlesim/share/turtlesim/environment/pythonpath.dsv
[18.186s] -- Installing: /home/masa/Desktop/sola/ris/hw1/ros2_ws/install/turtlesim/local/lib/python3.10/dist-packages/turtlesim-1.4.2-py3.10.egg-info
[18.186s] -- Installing: /home/masa/Desktop/sola/ris/hw1/ros2_ws/install/turtlesim/local/lib/python3.10/dist-packages/turtlesim-1.4.2-py3.10.egg-info/dependency_links.txt
[18.187s] -- Installing: /home/masa/Desktop/sola/ris/hw1/ros2_ws/install/turtlesim/local/lib/python3.10/dist-packages/turtlesim-1.4.2-py3.10.egg-info/SOURCES.txt
[18.187s] -- Installing: /home/masa/Desktop/sola/ris/hw1/ros2_ws/install/turtlesim/local/lib/python3.10/dist-packages/turtlesim-1.4.2-py3.10.egg-info/PKG-INFO
[18.187s] -- Installing: /home/masa/Desktop/sola/ris/hw1/ros2_ws/install/turtlesim/local/lib/python3.10/dist-packages/turtlesim-1.4.2-py3.10.egg-info/top_level.txt
[18.187s] -- Installing: /home/masa/Desktop/sola/ris/hw1/ros2_ws/install/turtlesim/local/lib/python3.10/dist-packages/turtlesim
[18.187s] -- Installing: /home/masa/Desktop/sola/ris/hw1/ros2_ws/install/turtlesim/local/lib/python3.10/dist-packages/turtlesim/action
[18.187s] -- Installing: /home/masa/Desktop/sola/ris/hw1/ros2_ws/install/turtlesim/local/lib/python3.10/dist-packages/turtlesim/action/__init__.py
[18.187s] -- Installing: /home/masa/Desktop/sola/ris/hw1/ros2_ws/install/turtlesim/local/lib/python3.10/dist-packages/turtlesim/action/_rotate_absolute_s.c
[18.187s] -- Installing: /home/masa/Desktop/sola/ris/hw1/ros2_ws/install/turtlesim/local/lib/python3.10/dist-packages/turtlesim/action/_rotate_absolute.py
[18.188s] -- Installing: /home/masa/Desktop/sola/ris/hw1/ros2_ws/install/turtlesim/local/lib/python3.10/dist-packages/turtlesim/__init__.py
[18.188s] -- Installing: /home/masa/Desktop/sola/ris/hw1/ros2_ws/install/turtlesim/local/lib/python3.10/dist-packages/turtlesim/turtlesim_s__rosidl_typesupport_introspection_c.cpython-310-x86_64-linux-gnu.so
[18.188s] -- Installing: /home/masa/Desktop/sola/ris/hw1/ros2_ws/install/turtlesim/local/lib/python3.10/dist-packages/turtlesim/_turtlesim_s.ep.rosidl_typesupport_c.c
[18.188s] -- Installing: /home/masa/Desktop/sola/ris/hw1/ros2_ws/install/turtlesim/local/lib/python3.10/dist-packages/turtlesim/_turtlesim_s.ep.rosidl_typesupport_introspection_c.c
[18.188s] -- Installing: /home/masa/Desktop/sola/ris/hw1/ros2_ws/install/turtlesim/local/lib/python3.10/dist-packages/turtlesim/libturtlesim__rosidl_generator_py.so
[18.188s] -- Installing: /home/masa/Desktop/sola/ris/hw1/ros2_ws/install/turtlesim/local/lib/python3.10/dist-packages/turtlesim/srv
[18.189s] -- Installing: /home/masa/Desktop/sola/ris/hw1/ros2_ws/install/turtlesim/local/lib/python3.10/dist-packages/turtlesim/srv/__init__.py
[18.189s] -- Installing: /home/masa/Desktop/sola/ris/hw1/ros2_ws/install/turtlesim/local/lib/python3.10/dist-packages/turtlesim/srv/_set_pen.py
[18.189s] -- Installing: /home/masa/Desktop/sola/ris/hw1/ros2_ws/install/turtlesim/local/lib/python3.10/dist-packages/turtlesim/srv/_teleport_relative_s.c
[18.189s] -- Installing: /home/masa/Desktop/sola/ris/hw1/ros2_ws/install/turtlesim/local/lib/python3.10/dist-packages/turtlesim/srv/_set_pen_s.c
[18.189s] -- Installing: /home/masa/Desktop/sola/ris/hw1/ros2_ws/install/turtlesim/local/lib/python3.10/dist-packages/turtlesim/srv/_kill.py
[18.189s] -- Installing: /home/masa/Desktop/sola/ris/hw1/ros2_ws/install/turtlesim/local/lib/python3.10/dist-packages/turtlesim/srv/_spawn_s.c
[18.189s] -- Installing: /home/masa/Desktop/sola/ris/hw1/ros2_ws/install/turtlesim/local/lib/python3.10/dist-packages/turtlesim/srv/_teleport_absolute_s.c
[18.189s] -- Installing: /home/masa/Desktop/sola/ris/hw1/ros2_ws/install/turtlesim/local/lib/python3.10/dist-packages/turtlesim/srv/_spawn.py
[18.189s] -- Installing: /home/masa/Desktop/sola/ris/hw1/ros2_ws/install/turtlesim/local/lib/python3.10/dist-packages/turtlesim/srv/_kill_s.c
[18.190s] -- Installing: /home/masa/Desktop/sola/ris/hw1/ros2_ws/install/turtlesim/local/lib/python3.10/dist-packages/turtlesim/srv/_teleport_relative.py
[18.190s] -- Installing: /home/masa/Desktop/sola/ris/hw1/ros2_ws/install/turtlesim/local/lib/python3.10/dist-packages/turtlesim/srv/_teleport_absolute.py
[18.190s] -- Installing: /home/masa/Desktop/sola/ris/hw1/ros2_ws/install/turtlesim/local/lib/python3.10/dist-packages/turtlesim/msg
[18.190s] -- Installing: /home/masa/Desktop/sola/ris/hw1/ros2_ws/install/turtlesim/local/lib/python3.10/dist-packages/turtlesim/msg/_pose_s.c
[18.190s] -- Installing: /home/masa/Desktop/sola/ris/hw1/ros2_ws/install/turtlesim/local/lib/python3.10/dist-packages/turtlesim/msg/__init__.py
[18.190s] -- Installing: /home/masa/Desktop/sola/ris/hw1/ros2_ws/install/turtlesim/local/lib/python3.10/dist-packages/turtlesim/msg/_color.py
[18.190s] -- Installing: /home/masa/Desktop/sola/ris/hw1/ros2_ws/install/turtlesim/local/lib/python3.10/dist-packages/turtlesim/msg/_color_s.c
[18.190s] -- Installing: /home/masa/Desktop/sola/ris/hw1/ros2_ws/install/turtlesim/local/lib/python3.10/dist-packages/turtlesim/msg/_pose.py
[18.190s] -- Installing: /home/masa/Desktop/sola/ris/hw1/ros2_ws/install/turtlesim/local/lib/python3.10/dist-packages/turtlesim/turtlesim_s__rosidl_typesupport_c.cpython-310-x86_64-linux-gnu.so
[18.191s] -- Installing: /home/masa/Desktop/sola/ris/hw1/ros2_ws/install/turtlesim/local/lib/python3.10/dist-packages/turtlesim/_turtlesim_s.ep.rosidl_typesupport_fastrtps_c.c
[18.191s] -- Installing: /home/masa/Desktop/sola/ris/hw1/ros2_ws/install/turtlesim/local/lib/python3.10/dist-packages/turtlesim/turtlesim_s__rosidl_typesupport_fastrtps_c.cpython-310-x86_64-linux-gnu.so
[18.228s] Listing '/home/masa/Desktop/sola/ris/hw1/ros2_ws/install/turtlesim/local/lib/python3.10/dist-packages/turtlesim'...
[18.229s] Compiling '/home/masa/Desktop/sola/ris/hw1/ros2_ws/install/turtlesim/local/lib/python3.10/dist-packages/turtlesim/__init__.py'...
[18.229s] Listing '/home/masa/Desktop/sola/ris/hw1/ros2_ws/install/turtlesim/local/lib/python3.10/dist-packages/turtlesim/action'...
[18.229s] Compiling '/home/masa/Desktop/sola/ris/hw1/ros2_ws/install/turtlesim/local/lib/python3.10/dist-packages/turtlesim/action/__init__.py'...
[18.229s] Compiling '/home/masa/Desktop/sola/ris/hw1/ros2_ws/install/turtlesim/local/lib/python3.10/dist-packages/turtlesim/action/_rotate_absolute.py'...
[18.229s] Listing '/home/masa/Desktop/sola/ris/hw1/ros2_ws/install/turtlesim/local/lib/python3.10/dist-packages/turtlesim/msg'...
[18.229s] Compiling '/home/masa/Desktop/sola/ris/hw1/ros2_ws/install/turtlesim/local/lib/python3.10/dist-packages/turtlesim/msg/__init__.py'...
[18.229s] Compiling '/home/masa/Desktop/sola/ris/hw1/ros2_ws/install/turtlesim/local/lib/python3.10/dist-packages/turtlesim/msg/_color.py'...
[18.229s] Compiling '/home/masa/Desktop/sola/ris/hw1/ros2_ws/install/turtlesim/local/lib/python3.10/dist-packages/turtlesim/msg/_pose.py'...
[18.229s] Listing '/home/masa/Desktop/sola/ris/hw1/ros2_ws/install/turtlesim/local/lib/python3.10/dist-packages/turtlesim/srv'...
[18.229s] Compiling '/home/masa/Desktop/sola/ris/hw1/ros2_ws/install/turtlesim/local/lib/python3.10/dist-packages/turtlesim/srv/__init__.py'...
[18.229s] Compiling '/home/masa/Desktop/sola/ris/hw1/ros2_ws/install/turtlesim/local/lib/python3.10/dist-packages/turtlesim/srv/_kill.py'...
[18.229s] Compiling '/home/masa/Desktop/sola/ris/hw1/ros2_ws/install/turtlesim/local/lib/python3.10/dist-packages/turtlesim/srv/_set_pen.py'...
[18.229s] Compiling '/home/masa/Desktop/sola/ris/hw1/ros2_ws/install/turtlesim/local/lib/python3.10/dist-packages/turtlesim/srv/_spawn.py'...
[18.229s] Compiling '/home/masa/Desktop/sola/ris/hw1/ros2_ws/install/turtlesim/local/lib/python3.10/dist-packages/turtlesim/srv/_teleport_absolute.py'...
[18.229s] Compiling '/home/masa/Desktop/sola/ris/hw1/ros2_ws/install/turtlesim/local/lib/python3.10/dist-packages/turtlesim/srv/_teleport_relative.py'...
[18.233s] -- Installing: /home/masa/Desktop/sola/ris/hw1/ros2_ws/install/turtlesim/local/lib/python3.10/dist-packages/turtlesim/turtlesim_s__rosidl_typesupport_fastrtps_c.cpython-310-x86_64-linux-gnu.so
[18.234s] -- Set runtime path of "/home/masa/Desktop/sola/ris/hw1/ros2_ws/install/turtlesim/local/lib/python3.10/dist-packages/turtlesim/turtlesim_s__rosidl_typesupport_fastrtps_c.cpython-310-x86_64-linux-gnu.so" to ""
[18.234s] -- Installing: /home/masa/Desktop/sola/ris/hw1/ros2_ws/install/turtlesim/local/lib/python3.10/dist-packages/turtlesim/turtlesim_s__rosidl_typesupport_introspection_c.cpython-310-x86_64-linux-gnu.so
[18.234s] -- Set runtime path of "/home/masa/Desktop/sola/ris/hw1/ros2_ws/install/turtlesim/local/lib/python3.10/dist-packages/turtlesim/turtlesim_s__rosidl_typesupport_introspection_c.cpython-310-x86_64-linux-gnu.so" to ""
[18.234s] -- Installing: /home/masa/Desktop/sola/ris/hw1/ros2_ws/install/turtlesim/local/lib/python3.10/dist-packages/turtlesim/turtlesim_s__rosidl_typesupport_c.cpython-310-x86_64-linux-gnu.so
[18.235s] -- Set runtime path of "/home/masa/Desktop/sola/ris/hw1/ros2_ws/install/turtlesim/local/lib/python3.10/dist-packages/turtlesim/turtlesim_s__rosidl_typesupport_c.cpython-310-x86_64-linux-gnu.so" to ""
[18.235s] -- Installing: /home/masa/Desktop/sola/ris/hw1/ros2_ws/install/turtlesim/lib/libturtlesim__rosidl_generator_py.so
[18.235s] -- Set runtime path of "/home/masa/Desktop/sola/ris/hw1/ros2_ws/install/turtlesim/lib/libturtlesim__rosidl_generator_py.so" to ""
[18.235s] -- Installing: /home/masa/Desktop/sola/ris/hw1/ros2_ws/install/turtlesim/share/turtlesim/action/RotateAbsolute.idl
[18.236s] -- Installing: /home/masa/Desktop/sola/ris/hw1/ros2_ws/install/turtlesim/share/turtlesim/msg/Color.idl
[18.236s] -- Installing: /home/masa/Desktop/sola/ris/hw1/ros2_ws/install/turtlesim/share/turtlesim/msg/Pose.idl
[18.236s] -- Installing: /home/masa/Desktop/sola/ris/hw1/ros2_ws/install/turtlesim/share/turtlesim/srv/Kill.idl
[18.236s] -- Installing: /home/masa/Desktop/sola/ris/hw1/ros2_ws/install/turtlesim/share/turtlesim/srv/SetPen.idl
[18.236s] -- Installing: /home/masa/Desktop/sola/ris/hw1/ros2_ws/install/turtlesim/share/turtlesim/srv/Spawn.idl
[18.236s] -- Installing: /home/masa/Desktop/sola/ris/hw1/ros2_ws/install/turtlesim/share/turtlesim/srv/TeleportAbsolute.idl
[18.236s] -- Installing: /home/masa/Desktop/sola/ris/hw1/ros2_ws/install/turtlesim/share/turtlesim/srv/TeleportRelative.idl
[18.237s] -- Installing: /home/masa/Desktop/sola/ris/hw1/ros2_ws/install/turtlesim/share/turtlesim/action/RotateAbsolute.action
[18.237s] -- Installing: /home/masa/Desktop/sola/ris/hw1/ros2_ws/install/turtlesim/share/turtlesim/msg/Color.msg
[18.237s] -- Installing: /home/masa/Desktop/sola/ris/hw1/ros2_ws/install/turtlesim/share/turtlesim/msg/Pose.msg
[18.237s] -- Installing: /home/masa/Desktop/sola/ris/hw1/ros2_ws/install/turtlesim/share/turtlesim/srv/Kill.srv
[18.237s] -- Installing: /home/masa/Desktop/sola/ris/hw1/ros2_ws/install/turtlesim/share/turtlesim/srv/Kill_Request.msg
[18.237s] -- Installing: /home/masa/Desktop/sola/ris/hw1/ros2_ws/install/turtlesim/share/turtlesim/srv/Kill_Response.msg
[18.237s] -- Installing: /home/masa/Desktop/sola/ris/hw1/ros2_ws/install/turtlesim/share/turtlesim/srv/SetPen.srv
[18.237s] -- Installing: /home/masa/Desktop/sola/ris/hw1/ros2_ws/install/turtlesim/share/turtlesim/srv/SetPen_Request.msg
[18.238s] -- Installing: /home/masa/Desktop/sola/ris/hw1/ros2_ws/install/turtlesim/share/turtlesim/srv/SetPen_Response.msg
[18.238s] -- Installing: /home/masa/Desktop/sola/ris/hw1/ros2_ws/install/turtlesim/share/turtlesim/srv/Spawn.srv
[18.238s] -- Installing: /home/masa/Desktop/sola/ris/hw1/ros2_ws/install/turtlesim/share/turtlesim/srv/Spawn_Request.msg
[18.238s] -- Installing: /home/masa/Desktop/sola/ris/hw1/ros2_ws/install/turtlesim/share/turtlesim/srv/Spawn_Response.msg
[18.238s] -- Installing: /home/masa/Desktop/sola/ris/hw1/ros2_ws/install/turtlesim/share/turtlesim/srv/TeleportAbsolute.srv
[18.238s] -- Installing: /home/masa/Desktop/sola/ris/hw1/ros2_ws/install/turtlesim/share/turtlesim/srv/TeleportAbsolute_Request.msg
[18.238s] -- Installing: /home/masa/Desktop/sola/ris/hw1/ros2_ws/install/turtlesim/share/turtlesim/srv/TeleportAbsolute_Response.msg
[18.238s] -- Installing: /home/masa/Desktop/sola/ris/hw1/ros2_ws/install/turtlesim/share/turtlesim/srv/TeleportRelative.srv
[18.239s] -- Installing: /home/masa/Desktop/sola/ris/hw1/ros2_ws/install/turtlesim/share/turtlesim/srv/TeleportRelative_Request.msg
[18.239s] -- Installing: /home/masa/Desktop/sola/ris/hw1/ros2_ws/install/turtlesim/share/turtlesim/srv/TeleportRelative_Response.msg
[18.239s] -- Installing: /home/masa/Desktop/sola/ris/hw1/ros2_ws/install/turtlesim/lib/turtlesim/turtlesim_node
[18.246s] -- Set runtime path of "/home/masa/Desktop/sola/ris/hw1/ros2_ws/install/turtlesim/lib/turtlesim/turtlesim_node" to ""
[18.246s] -- Installing: /home/masa/Desktop/sola/ris/hw1/ros2_ws/install/turtlesim/lib/turtlesim/turtle_teleop_key
[18.248s] -- Set runtime path of "/home/masa/Desktop/sola/ris/hw1/ros2_ws/install/turtlesim/lib/turtlesim/turtle_teleop_key" to ""
[18.248s] -- Installing: /home/masa/Desktop/sola/ris/hw1/ros2_ws/install/turtlesim/lib/turtlesim/draw_square
[18.251s] -- Set runtime path of "/home/masa/Desktop/sola/ris/hw1/ros2_ws/install/turtlesim/lib/turtlesim/draw_square" to ""
[18.252s] -- Installing: /home/masa/Desktop/sola/ris/hw1/ros2_ws/install/turtlesim/lib/turtlesim/mimic
[18.255s] -- Set runtime path of "/home/masa/Desktop/sola/ris/hw1/ros2_ws/install/turtlesim/lib/turtlesim/mimic" to ""
[18.255s] -- Installing: /home/masa/Desktop/sola/ris/hw1/ros2_ws/install/turtlesim/share/turtlesim/images
[18.255s] -- Installing: /home/masa/Desktop/sola/ris/hw1/ros2_ws/install/turtlesim/share/turtlesim/images/dashing.png
[18.255s] -- Installing: /home/masa/Desktop/sola/ris/hw1/ros2_ws/install/turtlesim/share/turtlesim/images/humble.png
[18.255s] -- Installing: /home/masa/Desktop/sola/ris/hw1/ros2_ws/install/turtlesim/share/turtlesim/images/crystal.png
[18.255s] -- Installing: /home/masa/Desktop/sola/ris/hw1/ros2_ws/install/turtlesim/share/turtlesim/images/eloquent.png
[18.256s] -- Installing: /home/masa/Desktop/sola/ris/hw1/ros2_ws/install/turtlesim/share/turtlesim/images/rolling.png
[18.256s] -- Installing: /home/masa/Desktop/sola/ris/hw1/ros2_ws/install/turtlesim/share/turtlesim/images/foxy.png
[18.256s] -- Installing: /home/masa/Desktop/sola/ris/hw1/ros2_ws/install/turtlesim/share/turtlesim/images/galactic.png
[18.256s] -- Installing: /home/masa/Desktop/sola/ris/hw1/ros2_ws/install/turtlesim/share/turtlesim/images/ardent.png
[18.256s] -- Installing: /home/masa/Desktop/sola/ris/hw1/ros2_ws/install/turtlesim/share/turtlesim/images/bouncy.png
[18.256s] -- Installing: /home/masa/Desktop/sola/ris/hw1/ros2_ws/install/turtlesim/share/turtlesim/launch
[18.256s] -- Installing: /home/masa/Desktop/sola/ris/hw1/ros2_ws/install/turtlesim/share/turtlesim/launch/multisim.launch.py
[18.256s] -- Installing: /home/masa/Desktop/sola/ris/hw1/ros2_ws/install/turtlesim/share/ament_index/resource_index/package_run_dependencies/turtlesim
[18.257s] -- Installing: /home/masa/Desktop/sola/ris/hw1/ros2_ws/install/turtlesim/share/ament_index/resource_index/parent_prefix_path/turtlesim
[18.257s] -- Installing: /home/masa/Desktop/sola/ris/hw1/ros2_ws/install/turtlesim/share/turtlesim/environment/ament_prefix_path.sh
[18.257s] -- Installing: /home/masa/Desktop/sola/ris/hw1/ros2_ws/install/turtlesim/share/turtlesim/environment/ament_prefix_path.dsv
[18.257s] -- Installing: /home/masa/Desktop/sola/ris/hw1/ros2_ws/install/turtlesim/share/turtlesim/environment/path.sh
[18.257s] -- Installing: /home/masa/Desktop/sola/ris/hw1/ros2_ws/install/turtlesim/share/turtlesim/environment/path.dsv
[18.257s] -- Installing: /home/masa/Desktop/sola/ris/hw1/ros2_ws/install/turtlesim/share/turtlesim/local_setup.bash
[18.258s] -- Installing: /home/masa/Desktop/sola/ris/hw1/ros2_ws/install/turtlesim/share/turtlesim/local_setup.sh
[18.258s] -- Installing: /home/masa/Desktop/sola/ris/hw1/ros2_ws/install/turtlesim/share/turtlesim/local_setup.zsh
[18.258s] -- Installing: /home/masa/Desktop/sola/ris/hw1/ros2_ws/install/turtlesim/share/turtlesim/local_setup.dsv
[18.258s] -- Installing: /home/masa/Desktop/sola/ris/hw1/ros2_ws/install/turtlesim/share/turtlesim/package.dsv
[18.258s] -- Installing: /home/masa/Desktop/sola/ris/hw1/ros2_ws/install/turtlesim/share/ament_index/resource_index/packages/turtlesim
[18.258s] -- Installing: /home/masa/Desktop/sola/ris/hw1/ros2_ws/install/turtlesim/share/turtlesim/cmake/export_turtlesim__rosidl_generator_cExport.cmake
[18.259s] -- Installing: /home/masa/Desktop/sola/ris/hw1/ros2_ws/install/turtlesim/share/turtlesim/cmake/export_turtlesim__rosidl_generator_cExport-noconfig.cmake
[18.259s] -- Installing: /home/masa/Desktop/sola/ris/hw1/ros2_ws/install/turtlesim/share/turtlesim/cmake/export_turtlesim__rosidl_typesupport_fastrtps_cExport.cmake
[18.259s] -- Installing: /home/masa/Desktop/sola/ris/hw1/ros2_ws/install/turtlesim/share/turtlesim/cmake/export_turtlesim__rosidl_typesupport_fastrtps_cExport-noconfig.cmake
[18.259s] -- Installing: /home/masa/Desktop/sola/ris/hw1/ros2_ws/install/turtlesim/share/turtlesim/cmake/export_turtlesim__rosidl_generator_cppExport.cmake
[18.259s] -- Installing: /home/masa/Desktop/sola/ris/hw1/ros2_ws/install/turtlesim/share/turtlesim/cmake/export_turtlesim__rosidl_typesupport_fastrtps_cppExport.cmake
[18.259s] -- Installing: /home/masa/Desktop/sola/ris/hw1/ros2_ws/install/turtlesim/share/turtlesim/cmake/export_turtlesim__rosidl_typesupport_fastrtps_cppExport-noconfig.cmake
[18.260s] -- Installing: /home/masa/Desktop/sola/ris/hw1/ros2_ws/install/turtlesim/share/turtlesim/cmake/turtlesim__rosidl_typesupport_introspection_cExport.cmake
[18.260s] -- Installing: /home/masa/Desktop/sola/ris/hw1/ros2_ws/install/turtlesim/share/turtlesim/cmake/turtlesim__rosidl_typesupport_introspection_cExport-noconfig.cmake
[18.260s] -- Installing: /home/masa/Desktop/sola/ris/hw1/ros2_ws/install/turtlesim/share/turtlesim/cmake/turtlesim__rosidl_typesupport_cExport.cmake
[18.260s] -- Installing: /home/masa/Desktop/sola/ris/hw1/ros2_ws/install/turtlesim/share/turtlesim/cmake/turtlesim__rosidl_typesupport_cExport-noconfig.cmake
[18.260s] -- Installing: /home/masa/Desktop/sola/ris/hw1/ros2_ws/install/turtlesim/share/turtlesim/cmake/turtlesim__rosidl_typesupport_introspection_cppExport.cmake
[18.260s] -- Installing: /home/masa/Desktop/sola/ris/hw1/ros2_ws/install/turtlesim/share/turtlesim/cmake/turtlesim__rosidl_typesupport_introspection_cppExport-noconfig.cmake
[18.261s] -- Installing: /home/masa/Desktop/sola/ris/hw1/ros2_ws/install/turtlesim/share/turtlesim/cmake/turtlesim__rosidl_typesupport_cppExport.cmake
[18.261s] -- Installing: /home/masa/Desktop/sola/ris/hw1/ros2_ws/install/turtlesim/share/turtlesim/cmake/turtlesim__rosidl_typesupport_cppExport-noconfig.cmake
[18.261s] -- Installing: /home/masa/Desktop/sola/ris/hw1/ros2_ws/install/turtlesim/share/turtlesim/cmake/export_turtlesim__rosidl_generator_pyExport.cmake
[18.261s] -- Installing: /home/masa/Desktop/sola/ris/hw1/ros2_ws/install/turtlesim/share/turtlesim/cmake/export_turtlesim__rosidl_generator_pyExport-noconfig.cmake
[18.261s] -- Installing: /home/masa/Desktop/sola/ris/hw1/ros2_ws/install/turtlesim/share/turtlesim/cmake/rosidl_cmake-extras.cmake
[18.261s] -- Installing: /home/masa/Desktop/sola/ris/hw1/ros2_ws/install/turtlesim/share/turtlesim/cmake/ament_cmake_export_dependencies-extras.cmake
[18.262s] -- Installing: /home/masa/Desktop/sola/ris/hw1/ros2_ws/install/turtlesim/share/turtlesim/cmake/ament_cmake_export_include_directories-extras.cmake
[18.262s] -- Installing: /home/masa/Desktop/sola/ris/hw1/ros2_ws/install/turtlesim/share/turtlesim/cmake/ament_cmake_export_libraries-extras.cmake
[18.262s] -- Installing: /home/masa/Desktop/sola/ris/hw1/ros2_ws/install/turtlesim/share/turtlesim/cmake/ament_cmake_export_targets-extras.cmake
[18.262s] -- Installing: /home/masa/Desktop/sola/ris/hw1/ros2_ws/install/turtlesim/share/turtlesim/cmake/rosidl_cmake_export_typesupport_targets-extras.cmake
[18.262s] -- Installing: /home/masa/Desktop/sola/ris/hw1/ros2_ws/install/turtlesim/share/turtlesim/cmake/rosidl_cmake_export_typesupport_libraries-extras.cmake
[18.262s] -- Installing: /home/masa/Desktop/sola/ris/hw1/ros2_ws/install/turtlesim/share/turtlesim/cmake/turtlesimConfig.cmake
[18.263s] -- Installing: /home/masa/Desktop/sola/ris/hw1/ros2_ws/install/turtlesim/share/turtlesim/cmake/turtlesimConfig-version.cmake
[18.263s] -- Installing: /home/masa/Desktop/sola/ris/hw1/ros2_ws/install/turtlesim/share/turtlesim/package.xml
[18.265s] Invoked command in '/home/masa/Desktop/sola/ris/hw1/ros2_ws/build/turtlesim' returned '0': CMAKE_PREFIX_PATH=/opt/ros/humble /usr/bin/cmake --install /home/masa/Desktop/sola/ris/hw1/ros2_ws/build/turtlesim
