[0.409s] Invoking command in '/home/masa/Desktop/sola/ris/hw1/ros2_ws/src/py_srvcli': AMENT_PREFIX_PATH=/home/masa/Desktop/sola/ris/hw1/ros2_ws/install/tutorial_interfaces:${AMENT_PREFIX_PATH} CMAKE_PREFIX_PATH=/home/masa/Desktop/sola/ris/hw1/ros2_ws/install/tutorial_interfaces:${CMAKE_PREFIX_PATH} LD_LIBRARY_PATH=/home/masa/Desktop/sola/ris/hw1/ros2_ws/install/tutorial_interfaces/lib:${LD_LIBRARY_PATH} PYTHONPATH=/home/masa/Desktop/sola/ris/hw1/ros2_ws/build/py_srvcli/prefix_override:/usr/lib/python3/dist-packages/colcon_core/task/python/colcon_distutils_commands:/home/masa/Desktop/sola/ris/hw1/ros2_ws/install/py_srvcli/lib/python3.10/site-packages:/home/masa/Desktop/sola/ris/hw1/ros2_ws/install/tutorial_interfaces/local/lib/python3.10/dist-packages:${PYTHONPATH} /usr/bin/python3 -W ignore:setup.py install is deprecated -W ignore:easy_install command is deprecated setup.py egg_info --egg-base ../../build/py_srvcli build --build-base /home/masa/Desktop/sola/ris/hw1/ros2_ws/build/py_srvcli/build install --record /home/masa/Desktop/sola/ris/hw1/ros2_ws/build/py_srvcli/install.log --single-version-externally-managed install_data
[0.569s] running egg_info
[0.569s] writing ../../build/py_srvcli/py_srvcli.egg-info/PKG-INFO
[0.569s] writing dependency_links to ../../build/py_srvcli/py_srvcli.egg-info/dependency_links.txt
[0.570s] writing entry points to ../../build/py_srvcli/py_srvcli.egg-info/entry_points.txt
[0.570s] writing requirements to ../../build/py_srvcli/py_srvcli.egg-info/requires.txt
[0.570s] writing top-level names to ../../build/py_srvcli/py_srvcli.egg-info/top_level.txt
[0.571s] reading manifest file '../../build/py_srvcli/py_srvcli.egg-info/SOURCES.txt'
[0.571s] adding license file 'LICENSE'
[0.572s] writing manifest file '../../build/py_srvcli/py_srvcli.egg-info/SOURCES.txt'
[0.572s] running build
[0.572s] running build_py
[0.572s] running install
[0.572s] running install_lib
[0.573s] running install_data
[0.573s] copying package.xml -> /home/masa/Desktop/sola/ris/hw1/ros2_ws/install/py_srvcli/share/py_srvcli
[0.573s] running install_egg_info
[0.575s] removing '/home/masa/Desktop/sola/ris/hw1/ros2_ws/install/py_srvcli/lib/python3.10/site-packages/py_srvcli-0.0.0-py3.10.egg-info' (and everything under it)
[0.575s] Copying ../../build/py_srvcli/py_srvcli.egg-info to /home/masa/Desktop/sola/ris/hw1/ros2_ws/install/py_srvcli/lib/python3.10/site-packages/py_srvcli-0.0.0-py3.10.egg-info
[0.576s] running install_scripts
[0.589s] Installing client script to /home/masa/Desktop/sola/ris/hw1/ros2_ws/install/py_srvcli/lib/py_srvcli
[0.589s] Installing service script to /home/masa/Desktop/sola/ris/hw1/ros2_ws/install/py_srvcli/lib/py_srvcli
[0.589s] writing list of installed files to '/home/masa/Desktop/sola/ris/hw1/ros2_ws/build/py_srvcli/install.log'
[0.606s] Invoked command in '/home/masa/Desktop/sola/ris/hw1/ros2_ws/src/py_srvcli' returned '0': AMENT_PREFIX_PATH=/home/masa/Desktop/sola/ris/hw1/ros2_ws/install/tutorial_interfaces:${AMENT_PREFIX_PATH} CMAKE_PREFIX_PATH=/home/masa/Desktop/sola/ris/hw1/ros2_ws/install/tutorial_interfaces:${CMAKE_PREFIX_PATH} LD_LIBRARY_PATH=/home/masa/Desktop/sola/ris/hw1/ros2_ws/install/tutorial_interfaces/lib:${LD_LIBRARY_PATH} PYTHONPATH=/home/masa/Desktop/sola/ris/hw1/ros2_ws/build/py_srvcli/prefix_override:/usr/lib/python3/dist-packages/colcon_core/task/python/colcon_distutils_commands:/home/masa/Desktop/sola/ris/hw1/ros2_ws/install/py_srvcli/lib/python3.10/site-packages:/home/masa/Desktop/sola/ris/hw1/ros2_ws/install/tutorial_interfaces/local/lib/python3.10/dist-packages:${PYTHONPATH} /usr/bin/python3 -W ignore:setup.py install is deprecated -W ignore:easy_install command is deprecated setup.py egg_info --egg-base ../../build/py_srvcli build --build-base /home/masa/Desktop/sola/ris/hw1/ros2_ws/build/py_srvcli/build install --record /home/masa/Desktop/sola/ris/hw1/ros2_ws/build/py_srvcli/install.log --single-version-externally-managed install_data
