[0.009s] Invoking command in '/home/masa/Desktop/sola/ris/hw1/ros2_ws/build/tutorial_interfaces': CMAKE_PREFIX_PATH=${CMAKE_PREFIX_PATH}:/home/masa/Desktop/sola/ris/hw1/ros2_ws/install/py_srvcli:/home/masa/Desktop/sola/ris/hw1/ros2_ws/install/my_package:/opt/ros/humble /usr/bin/cmake --build /home/masa/Desktop/sola/ris/hw1/ros2_ws/build/tutorial_interfaces -- -j12 -l12
[0.029s] -- Found ament_cmake: 1.3.11 (/opt/ros/humble/share/ament_cmake/cmake)
[0.126s] -- Found ament_lint_auto: 0.12.11 (/opt/ros/humble/share/ament_lint_auto/cmake)
[0.174s] -- Found geometry_msgs: 4.2.4 (/opt/ros/humble/share/geometry_msgs/cmake)
[0.193s] -- Found rosidl_generator_c: 3.1.6 (/opt/ros/humble/share/rosidl_generator_c/cmake)
[0.195s] -- Found rosidl_adapter: 3.1.6 (/opt/ros/humble/share/rosidl_adapter/cmake)
[0.198s] -- Found rosidl_generator_cpp: 3.1.6 (/opt/ros/humble/share/rosidl_generator_cpp/cmake)
[0.205s] -- Using all available rosidl_typesupport_c: rosidl_typesupport_fastrtps_c;rosidl_typesupport_introspection_c
[0.213s] -- Using all available rosidl_typesupport_cpp: rosidl_typesupport_fastrtps_cpp;rosidl_typesupport_introspection_cpp
[0.241s] -- Found rosidl_default_generators: 1.2.0 (/opt/ros/humble/share/rosidl_default_generators/cmake)
[0.423s] -- Found ament_cmake_ros: 0.10.0 (/opt/ros/humble/share/ament_cmake_ros/cmake)
[0.737s] -- Using all available rosidl_typesupport_c: rosidl_typesupport_fastrtps_c;rosidl_typesupport_introspection_c
[0.861s] -- Using all available rosidl_typesupport_cpp: rosidl_typesupport_fastrtps_cpp;rosidl_typesupport_introspection_cpp
[0.878s] -- Found python_cmake_module: 0.10.0 (/opt/ros/humble/share/python_cmake_module/cmake)
[0.894s] -- Using PYTHON_EXECUTABLE: /usr/bin/python3
[0.894s] -- Using PYTHON_INCLUDE_DIRS: /usr/include/python3.10
[0.894s] -- Using PYTHON_LIBRARIES: /usr/lib/x86_64-linux-gnu/libpython3.10.so
[0.926s] -- Added test 'lint_cmake' to check CMake code style
[0.926s] -- Added test 'xmllint' to check XML markup files
[0.929s] -- Configuring done
[0.961s] -- Generating done
[0.971s] -- Build files have been written to: /home/masa/Desktop/sola/ris/hw1/ros2_ws/build/tutorial_interfaces
[0.995s] [  2%] [34m[1mGenerating C code for ROS interfaces[0m
[1.003s] [  4%] [34m[1mGenerating C++ code for ROS interfaces[0m
[1.013s] [  4%] Built target ament_cmake_python_copy_tutorial_interfaces
[1.201s] running egg_info
[1.202s] writing tutorial_interfaces.egg-info/PKG-INFO
[1.202s] writing dependency_links to tutorial_interfaces.egg-info/dependency_links.txt
[1.202s] writing top-level names to tutorial_interfaces.egg-info/top_level.txt
[1.204s] reading manifest file 'tutorial_interfaces.egg-info/SOURCES.txt'
[1.204s] writing manifest file 'tutorial_interfaces.egg-info/SOURCES.txt'
[1.231s] [  4%] Built target ament_cmake_python_build_tutorial_interfaces_egg
[1.295s] [35m[1mConsolidate compiler generated dependencies of target tutorial_interfaces__rosidl_generator_c[0m
[1.295s] [  4%] Built target tutorial_interfaces__cpp
[1.305s] [  8%] [34m[1mGenerating C++ type support dispatch for ROS interfaces[0m
[1.305s] [  8%] [34m[1mGenerating C++ type support for eProsima Fast-RTPS[0m
[1.305s] [ 10%] [32mBuilding C object CMakeFiles/tutorial_interfaces__rosidl_generator_c.dir/rosidl_generator_c/tutorial_interfaces/msg/detail/num__functions.c.o[0m
[1.305s] [ 12%] [34m[1mGenerating C++ introspection for ROS interfaces[0m
[1.306s] [ 14%] [32mBuilding C object CMakeFiles/tutorial_interfaces__rosidl_generator_c.dir/rosidl_generator_c/tutorial_interfaces/msg/detail/sphere__functions.c.o[0m
[1.308s] [ 17%] [32mBuilding C object CMakeFiles/tutorial_interfaces__rosidl_generator_c.dir/rosidl_generator_c/tutorial_interfaces/srv/detail/add_three_ints__functions.c.o[0m
[1.367s] [ 19%] [32m[1mLinking C shared library libtutorial_interfaces__rosidl_generator_c.so[0m
[1.400s] [ 19%] Built target tutorial_interfaces__rosidl_generator_c
[1.411s] [ 21%] [34m[1mGenerating C type support for eProsima Fast-RTPS[0m
[1.411s] [ 23%] [34m[1mGenerating C introspection for ROS interfaces[0m
[1.412s] [ 25%] [34m[1mGenerating C type support dispatch for ROS interfaces[0m
[1.518s] [35m[1mConsolidate compiler generated dependencies of target tutorial_interfaces__rosidl_typesupport_cpp[0m
[1.537s] [ 29%] [32mBuilding CXX object CMakeFiles/tutorial_interfaces__rosidl_typesupport_cpp.dir/rosidl_typesupport_cpp/tutorial_interfaces/msg/num__type_support.cpp.o[0m
[1.537s] [ 29%] [32mBuilding CXX object CMakeFiles/tutorial_interfaces__rosidl_typesupport_cpp.dir/rosidl_typesupport_cpp/tutorial_interfaces/msg/sphere__type_support.cpp.o[0m
[1.538s] [ 31%] [32mBuilding CXX object CMakeFiles/tutorial_interfaces__rosidl_typesupport_cpp.dir/rosidl_typesupport_cpp/tutorial_interfaces/srv/add_three_ints__type_support.cpp.o[0m
[1.569s] [35m[1mConsolidate compiler generated dependencies of target tutorial_interfaces__rosidl_typesupport_introspection_cpp[0m
[1.582s] [35m[1mConsolidate compiler generated dependencies of target tutorial_interfaces__rosidl_typesupport_fastrtps_cpp[0m
[1.588s] [ 34%] [32mBuilding CXX object CMakeFiles/tutorial_interfaces__rosidl_typesupport_introspection_cpp.dir/rosidl_typesupport_introspection_cpp/tutorial_interfaces/srv/detail/add_three_ints__type_support.cpp.o[0m
[1.590s] [ 38%] [32mBuilding CXX object CMakeFiles/tutorial_interfaces__rosidl_typesupport_introspection_cpp.dir/rosidl_typesupport_introspection_cpp/tutorial_interfaces/msg/detail/sphere__type_support.cpp.o[0m
[1.590s] [ 38%] [32mBuilding CXX object CMakeFiles/tutorial_interfaces__rosidl_typesupport_introspection_cpp.dir/rosidl_typesupport_introspection_cpp/tutorial_interfaces/msg/detail/num__type_support.cpp.o[0m
[1.613s] [ 42%] [32mBuilding CXX object CMakeFiles/tutorial_interfaces__rosidl_typesupport_fastrtps_cpp.dir/rosidl_typesupport_fastrtps_cpp/tutorial_interfaces/msg/detail/dds_fastrtps/sphere__type_support.cpp.o[0m
[1.614s] [ 42%] [32mBuilding CXX object CMakeFiles/tutorial_interfaces__rosidl_typesupport_fastrtps_cpp.dir/rosidl_typesupport_fastrtps_cpp/tutorial_interfaces/msg/detail/dds_fastrtps/num__type_support.cpp.o[0m
[1.616s] [ 44%] [32mBuilding CXX object CMakeFiles/tutorial_interfaces__rosidl_typesupport_fastrtps_cpp.dir/rosidl_typesupport_fastrtps_cpp/tutorial_interfaces/srv/detail/dds_fastrtps/add_three_ints__type_support.cpp.o[0m
[1.785s] [35m[1mConsolidate compiler generated dependencies of target tutorial_interfaces__rosidl_typesupport_c[0m
[1.814s] [ 46%] [32mBuilding CXX object CMakeFiles/tutorial_interfaces__rosidl_typesupport_c.dir/rosidl_typesupport_c/tutorial_interfaces/msg/num__type_support.cpp.o[0m
[1.829s] [35m[1mConsolidate compiler generated dependencies of target tutorial_interfaces__rosidl_typesupport_fastrtps_c[0m
[1.863s] [ 48%] [32mBuilding CXX object CMakeFiles/tutorial_interfaces__rosidl_typesupport_c.dir/rosidl_typesupport_c/tutorial_interfaces/msg/sphere__type_support.cpp.o[0m
[1.882s] [ 51%] [32mBuilding CXX object CMakeFiles/tutorial_interfaces__rosidl_typesupport_fastrtps_c.dir/rosidl_typesupport_fastrtps_c/tutorial_interfaces/msg/detail/num__type_support_c.cpp.o[0m
[1.899s] [35m[1mConsolidate compiler generated dependencies of target tutorial_interfaces__rosidl_typesupport_introspection_c[0m
[1.899s] [ 53%] [32mBuilding CXX object CMakeFiles/tutorial_interfaces__rosidl_typesupport_c.dir/rosidl_typesupport_c/tutorial_interfaces/srv/add_three_ints__type_support.cpp.o[0m
[1.918s] [ 55%] [32mBuilding CXX object CMakeFiles/tutorial_interfaces__rosidl_typesupport_fastrtps_c.dir/rosidl_typesupport_fastrtps_c/tutorial_interfaces/msg/detail/sphere__type_support_c.cpp.o[0m
[1.919s] [ 57%] [32mBuilding CXX object CMakeFiles/tutorial_interfaces__rosidl_typesupport_fastrtps_c.dir/rosidl_typesupport_fastrtps_c/tutorial_interfaces/srv/detail/add_three_ints__type_support_c.cpp.o[0m
[1.924s] [ 59%] [32mBuilding C object CMakeFiles/tutorial_interfaces__rosidl_typesupport_introspection_c.dir/rosidl_typesupport_introspection_c/tutorial_interfaces/msg/detail/num__type_support.c.o[0m
[1.960s] [ 61%] [32m[1mLinking CXX shared library libtutorial_interfaces__rosidl_typesupport_cpp.so[0m
[1.973s] [ 63%] [32m[1mLinking CXX shared library libtutorial_interfaces__rosidl_typesupport_c.so[0m
[1.992s] [ 65%] [32mBuilding C object CMakeFiles/tutorial_interfaces__rosidl_typesupport_introspection_c.dir/rosidl_typesupport_introspection_c/tutorial_interfaces/msg/detail/sphere__type_support.c.o[0m
[2.035s] [ 65%] Built target tutorial_interfaces__rosidl_typesupport_cpp
[2.045s] [ 68%] [32mBuilding C object CMakeFiles/tutorial_interfaces__rosidl_typesupport_introspection_c.dir/rosidl_typesupport_introspection_c/tutorial_interfaces/srv/detail/add_three_ints__type_support.c.o[0m
[2.061s] [ 68%] Built target tutorial_interfaces__rosidl_typesupport_c
[2.086s] [ 70%] [32m[1mLinking C shared library libtutorial_interfaces__rosidl_typesupport_introspection_c.so[0m
[2.113s] [ 72%] [32m[1mLinking CXX shared library libtutorial_interfaces__rosidl_typesupport_introspection_cpp.so[0m
[2.120s] [ 72%] Built target tutorial_interfaces__rosidl_typesupport_introspection_c
[2.169s] [ 72%] Built target tutorial_interfaces__rosidl_typesupport_introspection_cpp
[2.198s] [ 74%] [32m[1mLinking CXX shared library libtutorial_interfaces__rosidl_typesupport_fastrtps_cpp.so[0m
[2.267s] [ 74%] Built target tutorial_interfaces__rosidl_typesupport_fastrtps_cpp
[2.315s] [ 76%] [32m[1mLinking CXX shared library libtutorial_interfaces__rosidl_typesupport_fastrtps_c.so[0m
[2.373s] [ 76%] Built target tutorial_interfaces__rosidl_typesupport_fastrtps_c
[2.390s] [ 76%] Built target tutorial_interfaces
[2.406s] [ 78%] [34m[1mGenerating Python code for ROS interfaces[0m
[2.771s] [ 78%] Built target tutorial_interfaces__py
[2.780s] [35m[1mConsolidate compiler generated dependencies of target tutorial_interfaces__rosidl_generator_py[0m
[2.794s] [ 85%] [32mBuilding C object CMakeFiles/tutorial_interfaces__rosidl_generator_py.dir/rosidl_generator_py/tutorial_interfaces/msg/_num_s.c.o[0m
[2.794s] [ 85%] [32mBuilding C object CMakeFiles/tutorial_interfaces__rosidl_generator_py.dir/rosidl_generator_py/tutorial_interfaces/srv/_add_three_ints_s.c.o[0m
[2.795s] [ 85%] [32mBuilding C object CMakeFiles/tutorial_interfaces__rosidl_generator_py.dir/rosidl_generator_py/tutorial_interfaces/msg/_sphere_s.c.o[0m
[2.879s] [ 87%] [32m[1mLinking C shared library rosidl_generator_py/tutorial_interfaces/libtutorial_interfaces__rosidl_generator_py.so[0m
[2.914s] [ 87%] Built target tutorial_interfaces__rosidl_generator_py
[2.923s] [35m[1mConsolidate compiler generated dependencies of target tutorial_interfaces__rosidl_typesupport_introspection_c__pyext[0m
[2.923s] [35m[1mConsolidate compiler generated dependencies of target tutorial_interfaces__rosidl_typesupport_fastrtps_c__pyext[0m
[2.923s] [35m[1mConsolidate compiler generated dependencies of target tutorial_interfaces__rosidl_typesupport_c__pyext[0m
[2.936s] [ 91%] [32mBuilding C object CMakeFiles/tutorial_interfaces__rosidl_typesupport_introspection_c__pyext.dir/rosidl_generator_py/tutorial_interfaces/_tutorial_interfaces_s.ep.rosidl_typesupport_introspection_c.c.o[0m
[2.937s] [ 91%] [32mBuilding C object CMakeFiles/tutorial_interfaces__rosidl_typesupport_c__pyext.dir/rosidl_generator_py/tutorial_interfaces/_tutorial_interfaces_s.ep.rosidl_typesupport_c.c.o[0m
[2.937s] [ 93%] [32mBuilding C object CMakeFiles/tutorial_interfaces__rosidl_typesupport_fastrtps_c__pyext.dir/rosidl_generator_py/tutorial_interfaces/_tutorial_interfaces_s.ep.rosidl_typesupport_fastrtps_c.c.o[0m
[3.022s] [ 95%] [32m[1mLinking C shared library rosidl_generator_py/tutorial_interfaces/tutorial_interfaces_s__rosidl_typesupport_introspection_c.cpython-310-x86_64-linux-gnu.so[0m
[3.029s] [ 97%] [32m[1mLinking C shared library rosidl_generator_py/tutorial_interfaces/tutorial_interfaces_s__rosidl_typesupport_fastrtps_c.cpython-310-x86_64-linux-gnu.so[0m
[3.058s] [ 97%] Built target tutorial_interfaces__rosidl_typesupport_introspection_c__pyext
[3.059s] [100%] [32m[1mLinking C shared library rosidl_generator_py/tutorial_interfaces/tutorial_interfaces_s__rosidl_typesupport_c.cpython-310-x86_64-linux-gnu.so[0m
[3.062s] [100%] Built target tutorial_interfaces__rosidl_typesupport_fastrtps_c__pyext
[3.091s] [100%] Built target tutorial_interfaces__rosidl_typesupport_c__pyext
[3.101s] Invoked command in '/home/masa/Desktop/sola/ris/hw1/ros2_ws/build/tutorial_interfaces' returned '0': CMAKE_PREFIX_PATH=${CMAKE_PREFIX_PATH}:/home/masa/Desktop/sola/ris/hw1/ros2_ws/install/py_srvcli:/home/masa/Desktop/sola/ris/hw1/ros2_ws/install/my_package:/opt/ros/humble /usr/bin/cmake --build /home/masa/Desktop/sola/ris/hw1/ros2_ws/build/tutorial_interfaces -- -j12 -l12
[3.110s] Invoking command in '/home/masa/Desktop/sola/ris/hw1/ros2_ws/build/tutorial_interfaces': CMAKE_PREFIX_PATH=${CMAKE_PREFIX_PATH}:/home/masa/Desktop/sola/ris/hw1/ros2_ws/install/py_srvcli:/home/masa/Desktop/sola/ris/hw1/ros2_ws/install/my_package:/opt/ros/humble /usr/bin/cmake --install /home/masa/Desktop/sola/ris/hw1/ros2_ws/build/tutorial_interfaces
[3.116s] -- Install configuration: ""
[3.116s] -- Up-to-date: /home/masa/Desktop/sola/ris/hw1/ros2_ws/install/tutorial_interfaces/share/ament_index/resource_index/rosidl_interfaces/tutorial_interfaces
[3.116s] -- Up-to-date: /home/masa/Desktop/sola/ris/hw1/ros2_ws/install/tutorial_interfaces/include/tutorial_interfaces/tutorial_interfaces
[3.116s] -- Up-to-date: /home/masa/Desktop/sola/ris/hw1/ros2_ws/install/tutorial_interfaces/include/tutorial_interfaces/tutorial_interfaces/srv
[3.116s] -- Installing: /home/masa/Desktop/sola/ris/hw1/ros2_ws/install/tutorial_interfaces/include/tutorial_interfaces/tutorial_interfaces/srv/add_three_ints.h
[3.116s] -- Up-to-date: /home/masa/Desktop/sola/ris/hw1/ros2_ws/install/tutorial_interfaces/include/tutorial_interfaces/tutorial_interfaces/srv/detail
[3.116s] -- Installing: /home/masa/Desktop/sola/ris/hw1/ros2_ws/install/tutorial_interfaces/include/tutorial_interfaces/tutorial_interfaces/srv/detail/add_three_ints__functions.h
[3.117s] -- Installing: /home/masa/Desktop/sola/ris/hw1/ros2_ws/install/tutorial_interfaces/include/tutorial_interfaces/tutorial_interfaces/srv/detail/add_three_ints__functions.c
[3.117s] -- Installing: /home/masa/Desktop/sola/ris/hw1/ros2_ws/install/tutorial_interfaces/include/tutorial_interfaces/tutorial_interfaces/srv/detail/add_three_ints__struct.h
[3.117s] -- Installing: /home/masa/Desktop/sola/ris/hw1/ros2_ws/install/tutorial_interfaces/include/tutorial_interfaces/tutorial_interfaces/srv/detail/add_three_ints__type_support.h
[3.117s] -- Up-to-date: /home/masa/Desktop/sola/ris/hw1/ros2_ws/install/tutorial_interfaces/include/tutorial_interfaces/tutorial_interfaces/msg
[3.117s] -- Installing: /home/masa/Desktop/sola/ris/hw1/ros2_ws/install/tutorial_interfaces/include/tutorial_interfaces/tutorial_interfaces/msg/num.h
[3.117s] -- Installing: /home/masa/Desktop/sola/ris/hw1/ros2_ws/install/tutorial_interfaces/include/tutorial_interfaces/tutorial_interfaces/msg/sphere.h
[3.117s] -- Up-to-date: /home/masa/Desktop/sola/ris/hw1/ros2_ws/install/tutorial_interfaces/include/tutorial_interfaces/tutorial_interfaces/msg/rosidl_generator_c__visibility_control.h
[3.117s] -- Up-to-date: /home/masa/Desktop/sola/ris/hw1/ros2_ws/install/tutorial_interfaces/include/tutorial_interfaces/tutorial_interfaces/msg/detail
[3.117s] -- Installing: /home/masa/Desktop/sola/ris/hw1/ros2_ws/install/tutorial_interfaces/include/tutorial_interfaces/tutorial_interfaces/msg/detail/sphere__functions.c
[3.118s] -- Installing: /home/masa/Desktop/sola/ris/hw1/ros2_ws/install/tutorial_interfaces/include/tutorial_interfaces/tutorial_interfaces/msg/detail/sphere__type_support.h
[3.118s] -- Installing: /home/masa/Desktop/sola/ris/hw1/ros2_ws/install/tutorial_interfaces/include/tutorial_interfaces/tutorial_interfaces/msg/detail/num__struct.h
[3.118s] -- Installing: /home/masa/Desktop/sola/ris/hw1/ros2_ws/install/tutorial_interfaces/include/tutorial_interfaces/tutorial_interfaces/msg/detail/sphere__functions.h
[3.118s] -- Installing: /home/masa/Desktop/sola/ris/hw1/ros2_ws/install/tutorial_interfaces/include/tutorial_interfaces/tutorial_interfaces/msg/detail/num__type_support.h
[3.118s] -- Installing: /home/masa/Desktop/sola/ris/hw1/ros2_ws/install/tutorial_interfaces/include/tutorial_interfaces/tutorial_interfaces/msg/detail/sphere__struct.h
[3.118s] -- Installing: /home/masa/Desktop/sola/ris/hw1/ros2_ws/install/tutorial_interfaces/include/tutorial_interfaces/tutorial_interfaces/msg/detail/num__functions.c
[3.118s] -- Installing: /home/masa/Desktop/sola/ris/hw1/ros2_ws/install/tutorial_interfaces/include/tutorial_interfaces/tutorial_interfaces/msg/detail/num__functions.h
[3.119s] -- Up-to-date: /home/masa/Desktop/sola/ris/hw1/ros2_ws/install/tutorial_interfaces/share/tutorial_interfaces/environment/library_path.sh
[3.119s] -- Installing: /home/masa/Desktop/sola/ris/hw1/ros2_ws/install/tutorial_interfaces/share/tutorial_interfaces/environment/library_path.dsv
[3.119s] -- Installing: /home/masa/Desktop/sola/ris/hw1/ros2_ws/install/tutorial_interfaces/lib/libtutorial_interfaces__rosidl_generator_c.so
[3.120s] -- Set runtime path of "/home/masa/Desktop/sola/ris/hw1/ros2_ws/install/tutorial_interfaces/lib/libtutorial_interfaces__rosidl_generator_c.so" to ""
[3.120s] -- Up-to-date: /home/masa/Desktop/sola/ris/hw1/ros2_ws/install/tutorial_interfaces/include/tutorial_interfaces/tutorial_interfaces
[3.120s] -- Up-to-date: /home/masa/Desktop/sola/ris/hw1/ros2_ws/install/tutorial_interfaces/include/tutorial_interfaces/tutorial_interfaces/srv
[3.120s] -- Up-to-date: /home/masa/Desktop/sola/ris/hw1/ros2_ws/install/tutorial_interfaces/include/tutorial_interfaces/tutorial_interfaces/srv/detail
[3.120s] -- Installing: /home/masa/Desktop/sola/ris/hw1/ros2_ws/install/tutorial_interfaces/include/tutorial_interfaces/tutorial_interfaces/srv/detail/add_three_ints__rosidl_typesupport_fastrtps_c.h
[3.120s] -- Up-to-date: /home/masa/Desktop/sola/ris/hw1/ros2_ws/install/tutorial_interfaces/include/tutorial_interfaces/tutorial_interfaces/msg
[3.120s] -- Up-to-date: /home/masa/Desktop/sola/ris/hw1/ros2_ws/install/tutorial_interfaces/include/tutorial_interfaces/tutorial_interfaces/msg/detail
[3.120s] -- Installing: /home/masa/Desktop/sola/ris/hw1/ros2_ws/install/tutorial_interfaces/include/tutorial_interfaces/tutorial_interfaces/msg/detail/num__rosidl_typesupport_fastrtps_c.h
[3.120s] -- Installing: /home/masa/Desktop/sola/ris/hw1/ros2_ws/install/tutorial_interfaces/include/tutorial_interfaces/tutorial_interfaces/msg/detail/sphere__rosidl_typesupport_fastrtps_c.h
[3.120s] -- Up-to-date: /home/masa/Desktop/sola/ris/hw1/ros2_ws/install/tutorial_interfaces/include/tutorial_interfaces/tutorial_interfaces/msg/rosidl_typesupport_fastrtps_c__visibility_control.h
[3.121s] -- Installing: /home/masa/Desktop/sola/ris/hw1/ros2_ws/install/tutorial_interfaces/lib/libtutorial_interfaces__rosidl_typesupport_fastrtps_c.so
[3.121s] -- Set runtime path of "/home/masa/Desktop/sola/ris/hw1/ros2_ws/install/tutorial_interfaces/lib/libtutorial_interfaces__rosidl_typesupport_fastrtps_c.so" to ""
[3.121s] -- Up-to-date: /home/masa/Desktop/sola/ris/hw1/ros2_ws/install/tutorial_interfaces/include/tutorial_interfaces/tutorial_interfaces
[3.121s] -- Up-to-date: /home/masa/Desktop/sola/ris/hw1/ros2_ws/install/tutorial_interfaces/include/tutorial_interfaces/tutorial_interfaces/srv
[3.121s] -- Installing: /home/masa/Desktop/sola/ris/hw1/ros2_ws/install/tutorial_interfaces/include/tutorial_interfaces/tutorial_interfaces/srv/add_three_ints.hpp
[3.121s] -- Up-to-date: /home/masa/Desktop/sola/ris/hw1/ros2_ws/install/tutorial_interfaces/include/tutorial_interfaces/tutorial_interfaces/srv/detail
[3.121s] -- Installing: /home/masa/Desktop/sola/ris/hw1/ros2_ws/install/tutorial_interfaces/include/tutorial_interfaces/tutorial_interfaces/srv/detail/add_three_ints__type_support.hpp
[3.121s] -- Installing: /home/masa/Desktop/sola/ris/hw1/ros2_ws/install/tutorial_interfaces/include/tutorial_interfaces/tutorial_interfaces/srv/detail/add_three_ints__struct.hpp
[3.122s] -- Installing: /home/masa/Desktop/sola/ris/hw1/ros2_ws/install/tutorial_interfaces/include/tutorial_interfaces/tutorial_interfaces/srv/detail/add_three_ints__traits.hpp
[3.122s] -- Installing: /home/masa/Desktop/sola/ris/hw1/ros2_ws/install/tutorial_interfaces/include/tutorial_interfaces/tutorial_interfaces/srv/detail/add_three_ints__builder.hpp
[3.122s] -- Up-to-date: /home/masa/Desktop/sola/ris/hw1/ros2_ws/install/tutorial_interfaces/include/tutorial_interfaces/tutorial_interfaces/msg
[3.122s] -- Installing: /home/masa/Desktop/sola/ris/hw1/ros2_ws/install/tutorial_interfaces/include/tutorial_interfaces/tutorial_interfaces/msg/num.hpp
[3.122s] -- Up-to-date: /home/masa/Desktop/sola/ris/hw1/ros2_ws/install/tutorial_interfaces/include/tutorial_interfaces/tutorial_interfaces/msg/detail
[3.122s] -- Installing: /home/masa/Desktop/sola/ris/hw1/ros2_ws/install/tutorial_interfaces/include/tutorial_interfaces/tutorial_interfaces/msg/detail/num__traits.hpp
[3.122s] -- Installing: /home/masa/Desktop/sola/ris/hw1/ros2_ws/install/tutorial_interfaces/include/tutorial_interfaces/tutorial_interfaces/msg/detail/num__struct.hpp
[3.123s] -- Installing: /home/masa/Desktop/sola/ris/hw1/ros2_ws/install/tutorial_interfaces/include/tutorial_interfaces/tutorial_interfaces/msg/detail/sphere__type_support.hpp
[3.123s] -- Installing: /home/masa/Desktop/sola/ris/hw1/ros2_ws/install/tutorial_interfaces/include/tutorial_interfaces/tutorial_interfaces/msg/detail/num__builder.hpp
[3.123s] -- Installing: /home/masa/Desktop/sola/ris/hw1/ros2_ws/install/tutorial_interfaces/include/tutorial_interfaces/tutorial_interfaces/msg/detail/num__type_support.hpp
[3.123s] -- Installing: /home/masa/Desktop/sola/ris/hw1/ros2_ws/install/tutorial_interfaces/include/tutorial_interfaces/tutorial_interfaces/msg/detail/sphere__builder.hpp
[3.123s] -- Installing: /home/masa/Desktop/sola/ris/hw1/ros2_ws/install/tutorial_interfaces/include/tutorial_interfaces/tutorial_interfaces/msg/detail/sphere__traits.hpp
[3.124s] -- Installing: /home/masa/Desktop/sola/ris/hw1/ros2_ws/install/tutorial_interfaces/include/tutorial_interfaces/tutorial_interfaces/msg/detail/sphere__struct.hpp
[3.124s] -- Installing: /home/masa/Desktop/sola/ris/hw1/ros2_ws/install/tutorial_interfaces/include/tutorial_interfaces/tutorial_interfaces/msg/sphere.hpp
[3.124s] -- Up-to-date: /home/masa/Desktop/sola/ris/hw1/ros2_ws/install/tutorial_interfaces/include/tutorial_interfaces/tutorial_interfaces/msg/rosidl_generator_cpp__visibility_control.hpp
[3.124s] -- Up-to-date: /home/masa/Desktop/sola/ris/hw1/ros2_ws/install/tutorial_interfaces/include/tutorial_interfaces/tutorial_interfaces
[3.124s] -- Up-to-date: /home/masa/Desktop/sola/ris/hw1/ros2_ws/install/tutorial_interfaces/include/tutorial_interfaces/tutorial_interfaces/srv
[3.124s] -- Up-to-date: /home/masa/Desktop/sola/ris/hw1/ros2_ws/install/tutorial_interfaces/include/tutorial_interfaces/tutorial_interfaces/srv/detail
[3.124s] -- Up-to-date: /home/masa/Desktop/sola/ris/hw1/ros2_ws/install/tutorial_interfaces/include/tutorial_interfaces/tutorial_interfaces/srv/detail/dds_fastrtps
[3.124s] -- Installing: /home/masa/Desktop/sola/ris/hw1/ros2_ws/install/tutorial_interfaces/include/tutorial_interfaces/tutorial_interfaces/srv/detail/add_three_ints__rosidl_typesupport_fastrtps_cpp.hpp
[3.125s] -- Up-to-date: /home/masa/Desktop/sola/ris/hw1/ros2_ws/install/tutorial_interfaces/include/tutorial_interfaces/tutorial_interfaces/msg
[3.125s] -- Up-to-date: /home/masa/Desktop/sola/ris/hw1/ros2_ws/install/tutorial_interfaces/include/tutorial_interfaces/tutorial_interfaces/msg/rosidl_typesupport_fastrtps_cpp__visibility_control.h
[3.125s] -- Up-to-date: /home/masa/Desktop/sola/ris/hw1/ros2_ws/install/tutorial_interfaces/include/tutorial_interfaces/tutorial_interfaces/msg/detail
[3.125s] -- Installing: /home/masa/Desktop/sola/ris/hw1/ros2_ws/install/tutorial_interfaces/include/tutorial_interfaces/tutorial_interfaces/msg/detail/sphere__rosidl_typesupport_fastrtps_cpp.hpp
[3.125s] -- Installing: /home/masa/Desktop/sola/ris/hw1/ros2_ws/install/tutorial_interfaces/include/tutorial_interfaces/tutorial_interfaces/msg/detail/num__rosidl_typesupport_fastrtps_cpp.hpp
[3.125s] -- Up-to-date: /home/masa/Desktop/sola/ris/hw1/ros2_ws/install/tutorial_interfaces/include/tutorial_interfaces/tutorial_interfaces/msg/detail/dds_fastrtps
[3.125s] -- Installing: /home/masa/Desktop/sola/ris/hw1/ros2_ws/install/tutorial_interfaces/lib/libtutorial_interfaces__rosidl_typesupport_fastrtps_cpp.so
[3.126s] -- Set runtime path of "/home/masa/Desktop/sola/ris/hw1/ros2_ws/install/tutorial_interfaces/lib/libtutorial_interfaces__rosidl_typesupport_fastrtps_cpp.so" to ""
[3.126s] -- Up-to-date: /home/masa/Desktop/sola/ris/hw1/ros2_ws/install/tutorial_interfaces/include/tutorial_interfaces/tutorial_interfaces
[3.126s] -- Up-to-date: /home/masa/Desktop/sola/ris/hw1/ros2_ws/install/tutorial_interfaces/include/tutorial_interfaces/tutorial_interfaces/srv
[3.126s] -- Up-to-date: /home/masa/Desktop/sola/ris/hw1/ros2_ws/install/tutorial_interfaces/include/tutorial_interfaces/tutorial_interfaces/srv/detail
[3.126s] -- Installing: /home/masa/Desktop/sola/ris/hw1/ros2_ws/install/tutorial_interfaces/include/tutorial_interfaces/tutorial_interfaces/srv/detail/add_three_ints__rosidl_typesupport_introspection_c.h
[3.126s] -- Installing: /home/masa/Desktop/sola/ris/hw1/ros2_ws/install/tutorial_interfaces/include/tutorial_interfaces/tutorial_interfaces/srv/detail/add_three_ints__type_support.c
[3.126s] -- Up-to-date: /home/masa/Desktop/sola/ris/hw1/ros2_ws/install/tutorial_interfaces/include/tutorial_interfaces/tutorial_interfaces/msg
[3.127s] -- Up-to-date: /home/masa/Desktop/sola/ris/hw1/ros2_ws/install/tutorial_interfaces/include/tutorial_interfaces/tutorial_interfaces/msg/rosidl_typesupport_introspection_c__visibility_control.h
[3.127s] -- Up-to-date: /home/masa/Desktop/sola/ris/hw1/ros2_ws/install/tutorial_interfaces/include/tutorial_interfaces/tutorial_interfaces/msg/detail
[3.127s] -- Installing: /home/masa/Desktop/sola/ris/hw1/ros2_ws/install/tutorial_interfaces/include/tutorial_interfaces/tutorial_interfaces/msg/detail/sphere__type_support.c
[3.127s] -- Installing: /home/masa/Desktop/sola/ris/hw1/ros2_ws/install/tutorial_interfaces/include/tutorial_interfaces/tutorial_interfaces/msg/detail/num__rosidl_typesupport_introspection_c.h
[3.127s] -- Installing: /home/masa/Desktop/sola/ris/hw1/ros2_ws/install/tutorial_interfaces/include/tutorial_interfaces/tutorial_interfaces/msg/detail/sphere__rosidl_typesupport_introspection_c.h
[3.127s] -- Installing: /home/masa/Desktop/sola/ris/hw1/ros2_ws/install/tutorial_interfaces/include/tutorial_interfaces/tutorial_interfaces/msg/detail/num__type_support.c
[3.128s] -- Installing: /home/masa/Desktop/sola/ris/hw1/ros2_ws/install/tutorial_interfaces/lib/libtutorial_interfaces__rosidl_typesupport_introspection_c.so
[3.128s] -- Set runtime path of "/home/masa/Desktop/sola/ris/hw1/ros2_ws/install/tutorial_interfaces/lib/libtutorial_interfaces__rosidl_typesupport_introspection_c.so" to ""
[3.128s] -- Installing: /home/masa/Desktop/sola/ris/hw1/ros2_ws/install/tutorial_interfaces/lib/libtutorial_interfaces__rosidl_typesupport_c.so
[3.129s] -- Set runtime path of "/home/masa/Desktop/sola/ris/hw1/ros2_ws/install/tutorial_interfaces/lib/libtutorial_interfaces__rosidl_typesupport_c.so" to ""
[3.129s] -- Up-to-date: /home/masa/Desktop/sola/ris/hw1/ros2_ws/install/tutorial_interfaces/include/tutorial_interfaces/tutorial_interfaces
[3.129s] -- Up-to-date: /home/masa/Desktop/sola/ris/hw1/ros2_ws/install/tutorial_interfaces/include/tutorial_interfaces/tutorial_interfaces/srv
[3.129s] -- Up-to-date: /home/masa/Desktop/sola/ris/hw1/ros2_ws/install/tutorial_interfaces/include/tutorial_interfaces/tutorial_interfaces/srv/detail
[3.129s] -- Installing: /home/masa/Desktop/sola/ris/hw1/ros2_ws/install/tutorial_interfaces/include/tutorial_interfaces/tutorial_interfaces/srv/detail/add_three_ints__rosidl_typesupport_introspection_cpp.hpp
[3.129s] -- Installing: /home/masa/Desktop/sola/ris/hw1/ros2_ws/install/tutorial_interfaces/include/tutorial_interfaces/tutorial_interfaces/srv/detail/add_three_ints__type_support.cpp
[3.129s] -- Up-to-date: /home/masa/Desktop/sola/ris/hw1/ros2_ws/install/tutorial_interfaces/include/tutorial_interfaces/tutorial_interfaces/msg
[3.129s] -- Up-to-date: /home/masa/Desktop/sola/ris/hw1/ros2_ws/install/tutorial_interfaces/include/tutorial_interfaces/tutorial_interfaces/msg/detail
[3.129s] -- Installing: /home/masa/Desktop/sola/ris/hw1/ros2_ws/install/tutorial_interfaces/include/tutorial_interfaces/tutorial_interfaces/msg/detail/sphere__rosidl_typesupport_introspection_cpp.hpp
[3.129s] -- Installing: /home/masa/Desktop/sola/ris/hw1/ros2_ws/install/tutorial_interfaces/include/tutorial_interfaces/tutorial_interfaces/msg/detail/sphere__type_support.cpp
[3.129s] -- Installing: /home/masa/Desktop/sola/ris/hw1/ros2_ws/install/tutorial_interfaces/include/tutorial_interfaces/tutorial_interfaces/msg/detail/num__type_support.cpp
[3.130s] -- Installing: /home/masa/Desktop/sola/ris/hw1/ros2_ws/install/tutorial_interfaces/include/tutorial_interfaces/tutorial_interfaces/msg/detail/num__rosidl_typesupport_introspection_cpp.hpp
[3.130s] -- Installing: /home/masa/Desktop/sola/ris/hw1/ros2_ws/install/tutorial_interfaces/lib/libtutorial_interfaces__rosidl_typesupport_introspection_cpp.so
[3.130s] -- Set runtime path of "/home/masa/Desktop/sola/ris/hw1/ros2_ws/install/tutorial_interfaces/lib/libtutorial_interfaces__rosidl_typesupport_introspection_cpp.so" to ""
[3.131s] -- Installing: /home/masa/Desktop/sola/ris/hw1/ros2_ws/install/tutorial_interfaces/lib/libtutorial_interfaces__rosidl_typesupport_cpp.so
[3.131s] -- Set runtime path of "/home/masa/Desktop/sola/ris/hw1/ros2_ws/install/tutorial_interfaces/lib/libtutorial_interfaces__rosidl_typesupport_cpp.so" to ""
[3.131s] -- Up-to-date: /home/masa/Desktop/sola/ris/hw1/ros2_ws/install/tutorial_interfaces/share/tutorial_interfaces/environment/pythonpath.sh
[3.131s] -- Installing: /home/masa/Desktop/sola/ris/hw1/ros2_ws/install/tutorial_interfaces/share/tutorial_interfaces/environment/pythonpath.dsv
[3.131s] -- Up-to-date: /home/masa/Desktop/sola/ris/hw1/ros2_ws/install/tutorial_interfaces/local/lib/python3.10/dist-packages/tutorial_interfaces-0.0.0-py3.10.egg-info
[3.132s] -- Installing: /home/masa/Desktop/sola/ris/hw1/ros2_ws/install/tutorial_interfaces/local/lib/python3.10/dist-packages/tutorial_interfaces-0.0.0-py3.10.egg-info/dependency_links.txt
[3.132s] -- Installing: /home/masa/Desktop/sola/ris/hw1/ros2_ws/install/tutorial_interfaces/local/lib/python3.10/dist-packages/tutorial_interfaces-0.0.0-py3.10.egg-info/SOURCES.txt
[3.132s] -- Installing: /home/masa/Desktop/sola/ris/hw1/ros2_ws/install/tutorial_interfaces/local/lib/python3.10/dist-packages/tutorial_interfaces-0.0.0-py3.10.egg-info/PKG-INFO
[3.132s] -- Installing: /home/masa/Desktop/sola/ris/hw1/ros2_ws/install/tutorial_interfaces/local/lib/python3.10/dist-packages/tutorial_interfaces-0.0.0-py3.10.egg-info/top_level.txt
[3.132s] -- Up-to-date: /home/masa/Desktop/sola/ris/hw1/ros2_ws/install/tutorial_interfaces/local/lib/python3.10/dist-packages/tutorial_interfaces
[3.133s] -- Installing: /home/masa/Desktop/sola/ris/hw1/ros2_ws/install/tutorial_interfaces/local/lib/python3.10/dist-packages/tutorial_interfaces/__init__.py
[3.133s] -- Installing: /home/masa/Desktop/sola/ris/hw1/ros2_ws/install/tutorial_interfaces/local/lib/python3.10/dist-packages/tutorial_interfaces/libtutorial_interfaces__rosidl_generator_py.so
[3.133s] -- Installing: /home/masa/Desktop/sola/ris/hw1/ros2_ws/install/tutorial_interfaces/local/lib/python3.10/dist-packages/tutorial_interfaces/tutorial_interfaces_s__rosidl_typesupport_c.cpython-310-x86_64-linux-gnu.so
[3.133s] -- Installing: /home/masa/Desktop/sola/ris/hw1/ros2_ws/install/tutorial_interfaces/local/lib/python3.10/dist-packages/tutorial_interfaces/tutorial_interfaces_s__rosidl_typesupport_fastrtps_c.cpython-310-x86_64-linux-gnu.so
[3.133s] -- Up-to-date: /home/masa/Desktop/sola/ris/hw1/ros2_ws/install/tutorial_interfaces/local/lib/python3.10/dist-packages/tutorial_interfaces/srv
[3.134s] -- Installing: /home/masa/Desktop/sola/ris/hw1/ros2_ws/install/tutorial_interfaces/local/lib/python3.10/dist-packages/tutorial_interfaces/srv/__init__.py
[3.134s] -- Installing: /home/masa/Desktop/sola/ris/hw1/ros2_ws/install/tutorial_interfaces/local/lib/python3.10/dist-packages/tutorial_interfaces/srv/_add_three_ints_s.c
[3.134s] -- Installing: /home/masa/Desktop/sola/ris/hw1/ros2_ws/install/tutorial_interfaces/local/lib/python3.10/dist-packages/tutorial_interfaces/srv/_add_three_ints.py
[3.134s] -- Installing: /home/masa/Desktop/sola/ris/hw1/ros2_ws/install/tutorial_interfaces/local/lib/python3.10/dist-packages/tutorial_interfaces/_tutorial_interfaces_s.ep.rosidl_typesupport_fastrtps_c.c
[3.134s] -- Up-to-date: /home/masa/Desktop/sola/ris/hw1/ros2_ws/install/tutorial_interfaces/local/lib/python3.10/dist-packages/tutorial_interfaces/msg
[3.135s] -- Installing: /home/masa/Desktop/sola/ris/hw1/ros2_ws/install/tutorial_interfaces/local/lib/python3.10/dist-packages/tutorial_interfaces/msg/__init__.py
[3.135s] -- Installing: /home/masa/Desktop/sola/ris/hw1/ros2_ws/install/tutorial_interfaces/local/lib/python3.10/dist-packages/tutorial_interfaces/msg/_sphere.py
[3.135s] -- Installing: /home/masa/Desktop/sola/ris/hw1/ros2_ws/install/tutorial_interfaces/local/lib/python3.10/dist-packages/tutorial_interfaces/msg/_sphere_s.c
[3.135s] -- Installing: /home/masa/Desktop/sola/ris/hw1/ros2_ws/install/tutorial_interfaces/local/lib/python3.10/dist-packages/tutorial_interfaces/msg/_num.py
[3.135s] -- Installing: /home/masa/Desktop/sola/ris/hw1/ros2_ws/install/tutorial_interfaces/local/lib/python3.10/dist-packages/tutorial_interfaces/msg/_num_s.c
[3.136s] -- Installing: /home/masa/Desktop/sola/ris/hw1/ros2_ws/install/tutorial_interfaces/local/lib/python3.10/dist-packages/tutorial_interfaces/_tutorial_interfaces_s.ep.rosidl_typesupport_introspection_c.c
[3.136s] -- Installing: /home/masa/Desktop/sola/ris/hw1/ros2_ws/install/tutorial_interfaces/local/lib/python3.10/dist-packages/tutorial_interfaces/tutorial_interfaces_s__rosidl_typesupport_introspection_c.cpython-310-x86_64-linux-gnu.so
[3.136s] -- Installing: /home/masa/Desktop/sola/ris/hw1/ros2_ws/install/tutorial_interfaces/local/lib/python3.10/dist-packages/tutorial_interfaces/_tutorial_interfaces_s.ep.rosidl_typesupport_c.c
[3.168s] Listing '/home/masa/Desktop/sola/ris/hw1/ros2_ws/install/tutorial_interfaces/local/lib/python3.10/dist-packages/tutorial_interfaces'...
[3.168s] Compiling '/home/masa/Desktop/sola/ris/hw1/ros2_ws/install/tutorial_interfaces/local/lib/python3.10/dist-packages/tutorial_interfaces/__init__.py'...
[3.168s] Listing '/home/masa/Desktop/sola/ris/hw1/ros2_ws/install/tutorial_interfaces/local/lib/python3.10/dist-packages/tutorial_interfaces/msg'...
[3.168s] Compiling '/home/masa/Desktop/sola/ris/hw1/ros2_ws/install/tutorial_interfaces/local/lib/python3.10/dist-packages/tutorial_interfaces/msg/__init__.py'...
[3.168s] Compiling '/home/masa/Desktop/sola/ris/hw1/ros2_ws/install/tutorial_interfaces/local/lib/python3.10/dist-packages/tutorial_interfaces/msg/_num.py'...
[3.168s] Compiling '/home/masa/Desktop/sola/ris/hw1/ros2_ws/install/tutorial_interfaces/local/lib/python3.10/dist-packages/tutorial_interfaces/msg/_sphere.py'...
[3.168s] Listing '/home/masa/Desktop/sola/ris/hw1/ros2_ws/install/tutorial_interfaces/local/lib/python3.10/dist-packages/tutorial_interfaces/srv'...
[3.168s] Compiling '/home/masa/Desktop/sola/ris/hw1/ros2_ws/install/tutorial_interfaces/local/lib/python3.10/dist-packages/tutorial_interfaces/srv/__init__.py'...
[3.168s] Compiling '/home/masa/Desktop/sola/ris/hw1/ros2_ws/install/tutorial_interfaces/local/lib/python3.10/dist-packages/tutorial_interfaces/srv/_add_three_ints.py'...
[3.171s] -- Installing: /home/masa/Desktop/sola/ris/hw1/ros2_ws/install/tutorial_interfaces/local/lib/python3.10/dist-packages/tutorial_interfaces/tutorial_interfaces_s__rosidl_typesupport_fastrtps_c.cpython-310-x86_64-linux-gnu.so
[3.172s] -- Set runtime path of "/home/masa/Desktop/sola/ris/hw1/ros2_ws/install/tutorial_interfaces/local/lib/python3.10/dist-packages/tutorial_interfaces/tutorial_interfaces_s__rosidl_typesupport_fastrtps_c.cpython-310-x86_64-linux-gnu.so" to ""
[3.172s] -- Installing: /home/masa/Desktop/sola/ris/hw1/ros2_ws/install/tutorial_interfaces/local/lib/python3.10/dist-packages/tutorial_interfaces/tutorial_interfaces_s__rosidl_typesupport_introspection_c.cpython-310-x86_64-linux-gnu.so
[3.172s] -- Set runtime path of "/home/masa/Desktop/sola/ris/hw1/ros2_ws/install/tutorial_interfaces/local/lib/python3.10/dist-packages/tutorial_interfaces/tutorial_interfaces_s__rosidl_typesupport_introspection_c.cpython-310-x86_64-linux-gnu.so" to ""
[3.172s] -- Installing: /home/masa/Desktop/sola/ris/hw1/ros2_ws/install/tutorial_interfaces/local/lib/python3.10/dist-packages/tutorial_interfaces/tutorial_interfaces_s__rosidl_typesupport_c.cpython-310-x86_64-linux-gnu.so
[3.173s] -- Set runtime path of "/home/masa/Desktop/sola/ris/hw1/ros2_ws/install/tutorial_interfaces/local/lib/python3.10/dist-packages/tutorial_interfaces/tutorial_interfaces_s__rosidl_typesupport_c.cpython-310-x86_64-linux-gnu.so" to ""
[3.173s] -- Installing: /home/masa/Desktop/sola/ris/hw1/ros2_ws/install/tutorial_interfaces/lib/libtutorial_interfaces__rosidl_generator_py.so
[3.173s] -- Set runtime path of "/home/masa/Desktop/sola/ris/hw1/ros2_ws/install/tutorial_interfaces/lib/libtutorial_interfaces__rosidl_generator_py.so" to ""
[3.173s] -- Up-to-date: /home/masa/Desktop/sola/ris/hw1/ros2_ws/install/tutorial_interfaces/share/tutorial_interfaces/msg/Num.idl
[3.174s] -- Up-to-date: /home/masa/Desktop/sola/ris/hw1/ros2_ws/install/tutorial_interfaces/share/tutorial_interfaces/msg/Sphere.idl
[3.174s] -- Installing: /home/masa/Desktop/sola/ris/hw1/ros2_ws/install/tutorial_interfaces/share/tutorial_interfaces/srv/AddThreeInts.idl
[3.174s] -- Up-to-date: /home/masa/Desktop/sola/ris/hw1/ros2_ws/install/tutorial_interfaces/share/tutorial_interfaces/msg/Num.msg
[3.174s] -- Up-to-date: /home/masa/Desktop/sola/ris/hw1/ros2_ws/install/tutorial_interfaces/share/tutorial_interfaces/msg/Sphere.msg
[3.174s] -- Installing: /home/masa/Desktop/sola/ris/hw1/ros2_ws/install/tutorial_interfaces/share/tutorial_interfaces/srv/AddThreeInts.srv
[3.174s] -- Installing: /home/masa/Desktop/sola/ris/hw1/ros2_ws/install/tutorial_interfaces/share/tutorial_interfaces/srv/AddThreeInts_Request.msg
[3.174s] -- Up-to-date: /home/masa/Desktop/sola/ris/hw1/ros2_ws/install/tutorial_interfaces/share/tutorial_interfaces/srv/AddThreeInts_Response.msg
[3.175s] -- Up-to-date: /home/masa/Desktop/sola/ris/hw1/ros2_ws/install/tutorial_interfaces/share/ament_index/resource_index/package_run_dependencies/tutorial_interfaces
[3.175s] -- Installing: /home/masa/Desktop/sola/ris/hw1/ros2_ws/install/tutorial_interfaces/share/ament_index/resource_index/parent_prefix_path/tutorial_interfaces
[3.175s] -- Up-to-date: /home/masa/Desktop/sola/ris/hw1/ros2_ws/install/tutorial_interfaces/share/tutorial_interfaces/environment/ament_prefix_path.sh
[3.175s] -- Installing: /home/masa/Desktop/sola/ris/hw1/ros2_ws/install/tutorial_interfaces/share/tutorial_interfaces/environment/ament_prefix_path.dsv
[3.175s] -- Up-to-date: /home/masa/Desktop/sola/ris/hw1/ros2_ws/install/tutorial_interfaces/share/tutorial_interfaces/environment/path.sh
[3.175s] -- Installing: /home/masa/Desktop/sola/ris/hw1/ros2_ws/install/tutorial_interfaces/share/tutorial_interfaces/environment/path.dsv
[3.175s] -- Up-to-date: /home/masa/Desktop/sola/ris/hw1/ros2_ws/install/tutorial_interfaces/share/tutorial_interfaces/local_setup.bash
[3.175s] -- Up-to-date: /home/masa/Desktop/sola/ris/hw1/ros2_ws/install/tutorial_interfaces/share/tutorial_interfaces/local_setup.sh
[3.175s] -- Up-to-date: /home/masa/Desktop/sola/ris/hw1/ros2_ws/install/tutorial_interfaces/share/tutorial_interfaces/local_setup.zsh
[3.176s] -- Installing: /home/masa/Desktop/sola/ris/hw1/ros2_ws/install/tutorial_interfaces/share/tutorial_interfaces/local_setup.dsv
[3.176s] -- Installing: /home/masa/Desktop/sola/ris/hw1/ros2_ws/install/tutorial_interfaces/share/tutorial_interfaces/package.dsv
[3.176s] -- Up-to-date: /home/masa/Desktop/sola/ris/hw1/ros2_ws/install/tutorial_interfaces/share/ament_index/resource_index/packages/tutorial_interfaces
[3.176s] -- Up-to-date: /home/masa/Desktop/sola/ris/hw1/ros2_ws/install/tutorial_interfaces/share/tutorial_interfaces/cmake/export_tutorial_interfaces__rosidl_generator_cExport.cmake
[3.176s] -- Up-to-date: /home/masa/Desktop/sola/ris/hw1/ros2_ws/install/tutorial_interfaces/share/tutorial_interfaces/cmake/export_tutorial_interfaces__rosidl_generator_cExport-noconfig.cmake
[3.176s] -- Up-to-date: /home/masa/Desktop/sola/ris/hw1/ros2_ws/install/tutorial_interfaces/share/tutorial_interfaces/cmake/export_tutorial_interfaces__rosidl_typesupport_fastrtps_cExport.cmake
[3.176s] -- Up-to-date: /home/masa/Desktop/sola/ris/hw1/ros2_ws/install/tutorial_interfaces/share/tutorial_interfaces/cmake/export_tutorial_interfaces__rosidl_typesupport_fastrtps_cExport-noconfig.cmake
[3.176s] -- Up-to-date: /home/masa/Desktop/sola/ris/hw1/ros2_ws/install/tutorial_interfaces/share/tutorial_interfaces/cmake/export_tutorial_interfaces__rosidl_generator_cppExport.cmake
[3.176s] -- Up-to-date: /home/masa/Desktop/sola/ris/hw1/ros2_ws/install/tutorial_interfaces/share/tutorial_interfaces/cmake/export_tutorial_interfaces__rosidl_typesupport_fastrtps_cppExport.cmake
[3.176s] -- Up-to-date: /home/masa/Desktop/sola/ris/hw1/ros2_ws/install/tutorial_interfaces/share/tutorial_interfaces/cmake/export_tutorial_interfaces__rosidl_typesupport_fastrtps_cppExport-noconfig.cmake
[3.176s] -- Up-to-date: /home/masa/Desktop/sola/ris/hw1/ros2_ws/install/tutorial_interfaces/share/tutorial_interfaces/cmake/tutorial_interfaces__rosidl_typesupport_introspection_cExport.cmake
[3.177s] -- Up-to-date: /home/masa/Desktop/sola/ris/hw1/ros2_ws/install/tutorial_interfaces/share/tutorial_interfaces/cmake/tutorial_interfaces__rosidl_typesupport_introspection_cExport-noconfig.cmake
[3.177s] -- Up-to-date: /home/masa/Desktop/sola/ris/hw1/ros2_ws/install/tutorial_interfaces/share/tutorial_interfaces/cmake/tutorial_interfaces__rosidl_typesupport_cExport.cmake
[3.177s] -- Up-to-date: /home/masa/Desktop/sola/ris/hw1/ros2_ws/install/tutorial_interfaces/share/tutorial_interfaces/cmake/tutorial_interfaces__rosidl_typesupport_cExport-noconfig.cmake
[3.177s] -- Up-to-date: /home/masa/Desktop/sola/ris/hw1/ros2_ws/install/tutorial_interfaces/share/tutorial_interfaces/cmake/tutorial_interfaces__rosidl_typesupport_introspection_cppExport.cmake
[3.177s] -- Up-to-date: /home/masa/Desktop/sola/ris/hw1/ros2_ws/install/tutorial_interfaces/share/tutorial_interfaces/cmake/tutorial_interfaces__rosidl_typesupport_introspection_cppExport-noconfig.cmake
[3.177s] -- Up-to-date: /home/masa/Desktop/sola/ris/hw1/ros2_ws/install/tutorial_interfaces/share/tutorial_interfaces/cmake/tutorial_interfaces__rosidl_typesupport_cppExport.cmake
[3.177s] -- Up-to-date: /home/masa/Desktop/sola/ris/hw1/ros2_ws/install/tutorial_interfaces/share/tutorial_interfaces/cmake/tutorial_interfaces__rosidl_typesupport_cppExport-noconfig.cmake
[3.177s] -- Up-to-date: /home/masa/Desktop/sola/ris/hw1/ros2_ws/install/tutorial_interfaces/share/tutorial_interfaces/cmake/export_tutorial_interfaces__rosidl_generator_pyExport.cmake
[3.177s] -- Up-to-date: /home/masa/Desktop/sola/ris/hw1/ros2_ws/install/tutorial_interfaces/share/tutorial_interfaces/cmake/export_tutorial_interfaces__rosidl_generator_pyExport-noconfig.cmake
[3.177s] -- Up-to-date: /home/masa/Desktop/sola/ris/hw1/ros2_ws/install/tutorial_interfaces/share/tutorial_interfaces/cmake/rosidl_cmake-extras.cmake
[3.177s] -- Up-to-date: /home/masa/Desktop/sola/ris/hw1/ros2_ws/install/tutorial_interfaces/share/tutorial_interfaces/cmake/ament_cmake_export_dependencies-extras.cmake
[3.177s] -- Up-to-date: /home/masa/Desktop/sola/ris/hw1/ros2_ws/install/tutorial_interfaces/share/tutorial_interfaces/cmake/ament_cmake_export_include_directories-extras.cmake
[3.177s] -- Up-to-date: /home/masa/Desktop/sola/ris/hw1/ros2_ws/install/tutorial_interfaces/share/tutorial_interfaces/cmake/ament_cmake_export_libraries-extras.cmake
[3.177s] -- Up-to-date: /home/masa/Desktop/sola/ris/hw1/ros2_ws/install/tutorial_interfaces/share/tutorial_interfaces/cmake/ament_cmake_export_targets-extras.cmake
[3.178s] -- Up-to-date: /home/masa/Desktop/sola/ris/hw1/ros2_ws/install/tutorial_interfaces/share/tutorial_interfaces/cmake/rosidl_cmake_export_typesupport_targets-extras.cmake
[3.178s] -- Up-to-date: /home/masa/Desktop/sola/ris/hw1/ros2_ws/install/tutorial_interfaces/share/tutorial_interfaces/cmake/rosidl_cmake_export_typesupport_libraries-extras.cmake
[3.178s] -- Up-to-date: /home/masa/Desktop/sola/ris/hw1/ros2_ws/install/tutorial_interfaces/share/tutorial_interfaces/cmake/tutorial_interfacesConfig.cmake
[3.178s] -- Up-to-date: /home/masa/Desktop/sola/ris/hw1/ros2_ws/install/tutorial_interfaces/share/tutorial_interfaces/cmake/tutorial_interfacesConfig-version.cmake
[3.178s] -- Installing: /home/masa/Desktop/sola/ris/hw1/ros2_ws/install/tutorial_interfaces/share/tutorial_interfaces/package.xml
[3.180s] Invoked command in '/home/masa/Desktop/sola/ris/hw1/ros2_ws/build/tutorial_interfaces' returned '0': CMAKE_PREFIX_PATH=${CMAKE_PREFIX_PATH}:/home/masa/Desktop/sola/ris/hw1/ros2_ws/install/py_srvcli:/home/masa/Desktop/sola/ris/hw1/ros2_ws/install/my_package:/opt/ros/humble /usr/bin/cmake --install /home/masa/Desktop/sola/ris/hw1/ros2_ws/build/tutorial_interfaces
