[0.008s] Invoking command in '/home/masa/Desktop/sola/ris/hw1/ros2_ws/build/tutorial_interfaces': CMAKE_PREFIX_PATH=${CMAKE_PREFIX_PATH}:/home/masa/Desktop/sola/ris/hw1/ros2_ws/install/my_package:/opt/ros/humble /usr/bin/cmake /home/masa/Desktop/sola/ris/hw1/ros2_ws/src/tutorial_interfaces -DCMAKE_INSTALL_PREFIX=/home/masa/Desktop/sola/ris/hw1/ros2_ws/install/tutorial_interfaces
[0.056s] -- The C compiler identification is GNU 11.4.0
[0.100s] -- The CXX compiler identification is GNU 11.4.0
[0.107s] -- Detecting C compiler ABI info
[0.169s] -- Detecting C compiler ABI info - done
[0.174s] -- Check for working C compiler: /usr/bin/cc - skipped
[0.174s] -- Detecting C compile features
[0.175s] -- Detecting C compile features - done
[0.177s] -- Detecting CXX compiler ABI info
[0.247s] -- Detecting CXX compiler ABI info - done
[0.254s] -- Check for working CXX compiler: /usr/bin/c++ - skipped
[0.254s] -- Detecting CXX compile features
[0.255s] -- Detecting CXX compile features - done
[0.257s] -- Found ament_cmake: 1.3.11 (/opt/ros/humble/share/ament_cmake/cmake)
[0.379s] -- Found Python3: /usr/bin/python3 (found version "3.10.12") found components: Interpreter 
[0.453s] -- Found ament_lint_auto: 0.12.11 (/opt/ros/humble/share/ament_lint_auto/cmake)
[0.515s] -- Found geometry_msgs: 4.2.4 (/opt/ros/humble/share/geometry_msgs/cmake)
[0.545s] -- Found rosidl_generator_c: 3.1.6 (/opt/ros/humble/share/rosidl_generator_c/cmake)
[0.548s] -- Found rosidl_adapter: 3.1.6 (/opt/ros/humble/share/rosidl_adapter/cmake)
[0.555s] -- Found rosidl_generator_cpp: 3.1.6 (/opt/ros/humble/share/rosidl_generator_cpp/cmake)
[0.563s] -- Using all available rosidl_typesupport_c: rosidl_typesupport_fastrtps_c;rosidl_typesupport_introspection_c
[0.575s] -- Using all available rosidl_typesupport_cpp: rosidl_typesupport_fastrtps_cpp;rosidl_typesupport_introspection_cpp
[0.603s] -- Found rosidl_default_generators: 1.2.0 (/opt/ros/humble/share/rosidl_default_generators/cmake)
[0.789s] -- Found ament_cmake_ros: 0.10.0 (/opt/ros/humble/share/ament_cmake_ros/cmake)
[1.129s] -- Using all available rosidl_typesupport_c: rosidl_typesupport_fastrtps_c;rosidl_typesupport_introspection_c
[1.257s] -- Using all available rosidl_typesupport_cpp: rosidl_typesupport_fastrtps_cpp;rosidl_typesupport_introspection_cpp
[1.277s] -- Found PythonInterp: /usr/bin/python3 (found suitable version "3.10.12", minimum required is "3.6") 
[1.278s] -- Found python_cmake_module: 0.10.0 (/opt/ros/humble/share/python_cmake_module/cmake)
[1.300s] -- Found PythonLibs: /usr/lib/x86_64-linux-gnu/libpython3.10.so (found suitable version "3.10.12", minimum required is "3.5") 
[1.300s] -- Using PYTHON_EXECUTABLE: /usr/bin/python3
[1.300s] -- Using PYTHON_INCLUDE_DIRS: /usr/include/python3.10
[1.300s] -- Using PYTHON_LIBRARIES: /usr/lib/x86_64-linux-gnu/libpython3.10.so
[1.318s] -- Found PythonExtra: .so  
[1.375s] -- Added test 'lint_cmake' to check CMake code style
[1.376s] -- Added test 'xmllint' to check XML markup files
[1.381s] -- Configuring done
[1.414s] -- Generating done
[1.423s] -- Build files have been written to: /home/masa/Desktop/sola/ris/hw1/ros2_ws/build/tutorial_interfaces
[1.433s] Invoked command in '/home/masa/Desktop/sola/ris/hw1/ros2_ws/build/tutorial_interfaces' returned '0': CMAKE_PREFIX_PATH=${CMAKE_PREFIX_PATH}:/home/masa/Desktop/sola/ris/hw1/ros2_ws/install/my_package:/opt/ros/humble /usr/bin/cmake /home/masa/Desktop/sola/ris/hw1/ros2_ws/src/tutorial_interfaces -DCMAKE_INSTALL_PREFIX=/home/masa/Desktop/sola/ris/hw1/ros2_ws/install/tutorial_interfaces
[1.435s] Invoking command in '/home/masa/Desktop/sola/ris/hw1/ros2_ws/build/tutorial_interfaces': CMAKE_PREFIX_PATH=${CMAKE_PREFIX_PATH}:/home/masa/Desktop/sola/ris/hw1/ros2_ws/install/my_package:/opt/ros/humble /usr/bin/cmake --build /home/masa/Desktop/sola/ris/hw1/ros2_ws/build/tutorial_interfaces -- -j12 -l12
[1.471s] [  2%] [34m[1mGenerating C code for ROS interfaces[0m
[1.480s] [  4%] [34m[1mGenerating C++ code for ROS interfaces[0m
[1.488s] [  4%] Built target ament_cmake_python_copy_tutorial_interfaces
[1.690s] running egg_info
[1.691s] creating tutorial_interfaces.egg-info
[1.691s] writing tutorial_interfaces.egg-info/PKG-INFO
[1.691s] writing dependency_links to tutorial_interfaces.egg-info/dependency_links.txt
[1.691s] writing top-level names to tutorial_interfaces.egg-info/top_level.txt
[1.691s] writing manifest file 'tutorial_interfaces.egg-info/SOURCES.txt'
[1.692s] reading manifest file 'tutorial_interfaces.egg-info/SOURCES.txt'
[1.693s] writing manifest file 'tutorial_interfaces.egg-info/SOURCES.txt'
[1.719s] [  4%] Built target ament_cmake_python_build_tutorial_interfaces_egg
[1.769s] [  6%] [32mBuilding C object CMakeFiles/tutorial_interfaces__rosidl_generator_c.dir/rosidl_generator_c/tutorial_interfaces/msg/detail/num__functions.c.o[0m
[1.769s] [  8%] [32mBuilding C object CMakeFiles/tutorial_interfaces__rosidl_generator_c.dir/rosidl_generator_c/tutorial_interfaces/msg/detail/sphere__functions.c.o[0m
[1.769s] [ 10%] [32mBuilding C object CMakeFiles/tutorial_interfaces__rosidl_generator_c.dir/rosidl_generator_c/tutorial_interfaces/srv/detail/add_three_ints__functions.c.o[0m
[1.772s] [ 10%] Built target tutorial_interfaces__cpp
[1.784s] [ 12%] [34m[1mGenerating C++ type support dispatch for ROS interfaces[0m
[1.784s] [ 17%] [34m[1mGenerating C++ introspection for ROS interfaces[0m
[1.784s] [ 17%] [34m[1mGenerating C++ type support for eProsima Fast-RTPS[0m
[1.818s] [ 19%] [32m[1mLinking C shared library libtutorial_interfaces__rosidl_generator_c.so[0m
[1.854s] [ 19%] Built target tutorial_interfaces__rosidl_generator_c
[1.863s] [ 23%] [34m[1mGenerating C type support dispatch for ROS interfaces[0m
[1.863s] [ 23%] [34m[1mGenerating C introspection for ROS interfaces[0m
[1.865s] [ 25%] [34m[1mGenerating C type support for eProsima Fast-RTPS[0m
[2.014s] [ 31%] [32mBuilding CXX object CMakeFiles/tutorial_interfaces__rosidl_typesupport_cpp.dir/rosidl_typesupport_cpp/tutorial_interfaces/srv/add_three_ints__type_support.cpp.o[0m
[2.014s] [ 31%] [32mBuilding CXX object CMakeFiles/tutorial_interfaces__rosidl_typesupport_cpp.dir/rosidl_typesupport_cpp/tutorial_interfaces/msg/sphere__type_support.cpp.o[0m
[2.015s] [ 31%] [32mBuilding CXX object CMakeFiles/tutorial_interfaces__rosidl_typesupport_cpp.dir/rosidl_typesupport_cpp/tutorial_interfaces/msg/num__type_support.cpp.o[0m
[2.054s] [ 36%] [32mBuilding CXX object CMakeFiles/tutorial_interfaces__rosidl_typesupport_introspection_cpp.dir/rosidl_typesupport_introspection_cpp/tutorial_interfaces/msg/detail/sphere__type_support.cpp.o[0m
[2.054s] [ 36%] [32mBuilding CXX object CMakeFiles/tutorial_interfaces__rosidl_typesupport_introspection_cpp.dir/rosidl_typesupport_introspection_cpp/tutorial_interfaces/msg/detail/num__type_support.cpp.o[0m
[2.055s] [ 38%] [32mBuilding CXX object CMakeFiles/tutorial_interfaces__rosidl_typesupport_introspection_cpp.dir/rosidl_typesupport_introspection_cpp/tutorial_interfaces/srv/detail/add_three_ints__type_support.cpp.o[0m
[2.086s] [ 40%] [32mBuilding CXX object CMakeFiles/tutorial_interfaces__rosidl_typesupport_fastrtps_cpp.dir/rosidl_typesupport_fastrtps_cpp/tutorial_interfaces/msg/detail/dds_fastrtps/num__type_support.cpp.o[0m
[2.094s] [ 42%] [32mBuilding CXX object CMakeFiles/tutorial_interfaces__rosidl_typesupport_fastrtps_cpp.dir/rosidl_typesupport_fastrtps_cpp/tutorial_interfaces/msg/detail/dds_fastrtps/sphere__type_support.cpp.o[0m
[2.115s] [ 44%] [32mBuilding CXX object CMakeFiles/tutorial_interfaces__rosidl_typesupport_fastrtps_cpp.dir/rosidl_typesupport_fastrtps_cpp/tutorial_interfaces/srv/detail/dds_fastrtps/add_three_ints__type_support.cpp.o[0m
[2.123s] [ 46%] [32mBuilding CXX object CMakeFiles/tutorial_interfaces__rosidl_typesupport_c.dir/rosidl_typesupport_c/tutorial_interfaces/msg/num__type_support.cpp.o[0m
[2.190s] [ 48%] [32mBuilding CXX object CMakeFiles/tutorial_interfaces__rosidl_typesupport_c.dir/rosidl_typesupport_c/tutorial_interfaces/msg/sphere__type_support.cpp.o[0m
[2.266s] [ 51%] [32mBuilding CXX object CMakeFiles/tutorial_interfaces__rosidl_typesupport_c.dir/rosidl_typesupport_c/tutorial_interfaces/srv/add_three_ints__type_support.cpp.o[0m
[2.339s] [ 53%] [32mBuilding C object CMakeFiles/tutorial_interfaces__rosidl_typesupport_introspection_c.dir/rosidl_typesupport_introspection_c/tutorial_interfaces/msg/detail/num__type_support.c.o[0m
[2.349s] [ 55%] [32m[1mLinking CXX shared library libtutorial_interfaces__rosidl_typesupport_c.so[0m
[2.366s] [ 57%] [32mBuilding C object CMakeFiles/tutorial_interfaces__rosidl_typesupport_introspection_c.dir/rosidl_typesupport_introspection_c/tutorial_interfaces/msg/detail/sphere__type_support.c.o[0m
[2.383s] [ 59%] [32mBuilding CXX object CMakeFiles/tutorial_interfaces__rosidl_typesupport_fastrtps_c.dir/rosidl_typesupport_fastrtps_c/tutorial_interfaces/msg/detail/num__type_support_c.cpp.o[0m
[2.391s] [ 61%] [32mBuilding CXX object CMakeFiles/tutorial_interfaces__rosidl_typesupport_fastrtps_c.dir/rosidl_typesupport_fastrtps_c/tutorial_interfaces/msg/detail/sphere__type_support_c.cpp.o[0m
[2.421s] [ 63%] [32mBuilding CXX object CMakeFiles/tutorial_interfaces__rosidl_typesupport_fastrtps_c.dir/rosidl_typesupport_fastrtps_c/tutorial_interfaces/srv/detail/add_three_ints__type_support_c.cpp.o[0m
[2.429s] [ 65%] [32m[1mLinking CXX shared library libtutorial_interfaces__rosidl_typesupport_cpp.so[0m
[2.451s] [ 65%] Built target tutorial_interfaces__rosidl_typesupport_c
[2.475s] [ 68%] [32mBuilding C object CMakeFiles/tutorial_interfaces__rosidl_typesupport_introspection_c.dir/rosidl_typesupport_introspection_c/tutorial_interfaces/srv/detail/add_three_ints__type_support.c.o[0m
[2.519s] [ 68%] Built target tutorial_interfaces__rosidl_typesupport_cpp
[2.549s] [ 70%] [32m[1mLinking C shared library libtutorial_interfaces__rosidl_typesupport_introspection_c.so[0m
[2.598s] [ 70%] Built target tutorial_interfaces__rosidl_typesupport_introspection_c
[2.612s] [ 72%] [32m[1mLinking CXX shared library libtutorial_interfaces__rosidl_typesupport_introspection_cpp.so[0m
[2.670s] [ 72%] Built target tutorial_interfaces__rosidl_typesupport_introspection_cpp
[2.682s] [ 74%] [32m[1mLinking CXX shared library libtutorial_interfaces__rosidl_typesupport_fastrtps_cpp.so[0m
[2.753s] [ 74%] Built target tutorial_interfaces__rosidl_typesupport_fastrtps_cpp
[2.821s] [ 76%] [32m[1mLinking CXX shared library libtutorial_interfaces__rosidl_typesupport_fastrtps_c.so[0m
[2.879s] [ 76%] Built target tutorial_interfaces__rosidl_typesupport_fastrtps_c
[2.898s] [ 76%] Built target tutorial_interfaces
[2.916s] [ 78%] [34m[1mGenerating Python code for ROS interfaces[0m
[3.281s] [ 78%] Built target tutorial_interfaces__py
[3.301s] [ 82%] [32mBuilding C object CMakeFiles/tutorial_interfaces__rosidl_generator_py.dir/rosidl_generator_py/tutorial_interfaces/srv/_add_three_ints_s.c.o[0m
[3.301s] [ 82%] [32mBuilding C object CMakeFiles/tutorial_interfaces__rosidl_generator_py.dir/rosidl_generator_py/tutorial_interfaces/msg/_sphere_s.c.o[0m
[3.302s] [ 85%] [32mBuilding C object CMakeFiles/tutorial_interfaces__rosidl_generator_py.dir/rosidl_generator_py/tutorial_interfaces/msg/_num_s.c.o[0m
[3.385s] [ 87%] [32m[1mLinking C shared library rosidl_generator_py/tutorial_interfaces/libtutorial_interfaces__rosidl_generator_py.so[0m
[3.424s] [ 87%] Built target tutorial_interfaces__rosidl_generator_py
[3.443s] [ 93%] [32mBuilding C object CMakeFiles/tutorial_interfaces__rosidl_typesupport_introspection_c__pyext.dir/rosidl_generator_py/tutorial_interfaces/_tutorial_interfaces_s.ep.rosidl_typesupport_introspection_c.c.o[0m
[3.443s] [ 93%] [32mBuilding C object CMakeFiles/tutorial_interfaces__rosidl_typesupport_c__pyext.dir/rosidl_generator_py/tutorial_interfaces/_tutorial_interfaces_s.ep.rosidl_typesupport_c.c.o[0m
[3.443s] [ 93%] [32mBuilding C object CMakeFiles/tutorial_interfaces__rosidl_typesupport_fastrtps_c__pyext.dir/rosidl_generator_py/tutorial_interfaces/_tutorial_interfaces_s.ep.rosidl_typesupport_fastrtps_c.c.o[0m
[3.530s] [ 97%] [32m[1mLinking C shared library rosidl_generator_py/tutorial_interfaces/tutorial_interfaces_s__rosidl_typesupport_c.cpython-310-x86_64-linux-gnu.so[0m
[3.530s] [ 97%] [32m[1mLinking C shared library rosidl_generator_py/tutorial_interfaces/tutorial_interfaces_s__rosidl_typesupport_introspection_c.cpython-310-x86_64-linux-gnu.so[0m
[3.531s] [100%] [32m[1mLinking C shared library rosidl_generator_py/tutorial_interfaces/tutorial_interfaces_s__rosidl_typesupport_fastrtps_c.cpython-310-x86_64-linux-gnu.so[0m
[3.565s] [100%] Built target tutorial_interfaces__rosidl_typesupport_introspection_c__pyext
[3.565s] [100%] Built target tutorial_interfaces__rosidl_typesupport_c__pyext
[3.565s] [100%] Built target tutorial_interfaces__rosidl_typesupport_fastrtps_c__pyext
[3.576s] Invoked command in '/home/masa/Desktop/sola/ris/hw1/ros2_ws/build/tutorial_interfaces' returned '0': CMAKE_PREFIX_PATH=${CMAKE_PREFIX_PATH}:/home/masa/Desktop/sola/ris/hw1/ros2_ws/install/my_package:/opt/ros/humble /usr/bin/cmake --build /home/masa/Desktop/sola/ris/hw1/ros2_ws/build/tutorial_interfaces -- -j12 -l12
[3.585s] Invoking command in '/home/masa/Desktop/sola/ris/hw1/ros2_ws/build/tutorial_interfaces': CMAKE_PREFIX_PATH=${CMAKE_PREFIX_PATH}:/home/masa/Desktop/sola/ris/hw1/ros2_ws/install/my_package:/opt/ros/humble /usr/bin/cmake --install /home/masa/Desktop/sola/ris/hw1/ros2_ws/build/tutorial_interfaces
[3.592s] -- Install configuration: ""
[3.592s] -- Installing: /home/masa/Desktop/sola/ris/hw1/ros2_ws/install/tutorial_interfaces/share/ament_index/resource_index/rosidl_interfaces/tutorial_interfaces
[3.592s] -- Installing: /home/masa/Desktop/sola/ris/hw1/ros2_ws/install/tutorial_interfaces/include/tutorial_interfaces/tutorial_interfaces
[3.592s] -- Installing: /home/masa/Desktop/sola/ris/hw1/ros2_ws/install/tutorial_interfaces/include/tutorial_interfaces/tutorial_interfaces/srv
[3.592s] -- Installing: /home/masa/Desktop/sola/ris/hw1/ros2_ws/install/tutorial_interfaces/include/tutorial_interfaces/tutorial_interfaces/srv/add_three_ints.h
[3.592s] -- Installing: /home/masa/Desktop/sola/ris/hw1/ros2_ws/install/tutorial_interfaces/include/tutorial_interfaces/tutorial_interfaces/srv/detail
[3.593s] -- Installing: /home/masa/Desktop/sola/ris/hw1/ros2_ws/install/tutorial_interfaces/include/tutorial_interfaces/tutorial_interfaces/srv/detail/add_three_ints__functions.h
[3.593s] -- Installing: /home/masa/Desktop/sola/ris/hw1/ros2_ws/install/tutorial_interfaces/include/tutorial_interfaces/tutorial_interfaces/srv/detail/add_three_ints__functions.c
[3.593s] -- Installing: /home/masa/Desktop/sola/ris/hw1/ros2_ws/install/tutorial_interfaces/include/tutorial_interfaces/tutorial_interfaces/srv/detail/add_three_ints__struct.h
[3.593s] -- Installing: /home/masa/Desktop/sola/ris/hw1/ros2_ws/install/tutorial_interfaces/include/tutorial_interfaces/tutorial_interfaces/srv/detail/add_three_ints__type_support.h
[3.593s] -- Installing: /home/masa/Desktop/sola/ris/hw1/ros2_ws/install/tutorial_interfaces/include/tutorial_interfaces/tutorial_interfaces/msg
[3.593s] -- Installing: /home/masa/Desktop/sola/ris/hw1/ros2_ws/install/tutorial_interfaces/include/tutorial_interfaces/tutorial_interfaces/msg/num.h
[3.593s] -- Installing: /home/masa/Desktop/sola/ris/hw1/ros2_ws/install/tutorial_interfaces/include/tutorial_interfaces/tutorial_interfaces/msg/sphere.h
[3.593s] -- Installing: /home/masa/Desktop/sola/ris/hw1/ros2_ws/install/tutorial_interfaces/include/tutorial_interfaces/tutorial_interfaces/msg/rosidl_generator_c__visibility_control.h
[3.593s] -- Installing: /home/masa/Desktop/sola/ris/hw1/ros2_ws/install/tutorial_interfaces/include/tutorial_interfaces/tutorial_interfaces/msg/detail
[3.593s] -- Installing: /home/masa/Desktop/sola/ris/hw1/ros2_ws/install/tutorial_interfaces/include/tutorial_interfaces/tutorial_interfaces/msg/detail/sphere__functions.c
[3.594s] -- Installing: /home/masa/Desktop/sola/ris/hw1/ros2_ws/install/tutorial_interfaces/include/tutorial_interfaces/tutorial_interfaces/msg/detail/sphere__type_support.h
[3.594s] -- Installing: /home/masa/Desktop/sola/ris/hw1/ros2_ws/install/tutorial_interfaces/include/tutorial_interfaces/tutorial_interfaces/msg/detail/num__struct.h
[3.594s] -- Installing: /home/masa/Desktop/sola/ris/hw1/ros2_ws/install/tutorial_interfaces/include/tutorial_interfaces/tutorial_interfaces/msg/detail/sphere__functions.h
[3.594s] -- Installing: /home/masa/Desktop/sola/ris/hw1/ros2_ws/install/tutorial_interfaces/include/tutorial_interfaces/tutorial_interfaces/msg/detail/num__type_support.h
[3.594s] -- Installing: /home/masa/Desktop/sola/ris/hw1/ros2_ws/install/tutorial_interfaces/include/tutorial_interfaces/tutorial_interfaces/msg/detail/sphere__struct.h
[3.594s] -- Installing: /home/masa/Desktop/sola/ris/hw1/ros2_ws/install/tutorial_interfaces/include/tutorial_interfaces/tutorial_interfaces/msg/detail/num__functions.c
[3.594s] -- Installing: /home/masa/Desktop/sola/ris/hw1/ros2_ws/install/tutorial_interfaces/include/tutorial_interfaces/tutorial_interfaces/msg/detail/num__functions.h
[3.595s] -- Installing: /home/masa/Desktop/sola/ris/hw1/ros2_ws/install/tutorial_interfaces/share/tutorial_interfaces/environment/library_path.sh
[3.595s] -- Installing: /home/masa/Desktop/sola/ris/hw1/ros2_ws/install/tutorial_interfaces/share/tutorial_interfaces/environment/library_path.dsv
[3.595s] -- Installing: /home/masa/Desktop/sola/ris/hw1/ros2_ws/install/tutorial_interfaces/lib/libtutorial_interfaces__rosidl_generator_c.so
[3.595s] -- Set runtime path of "/home/masa/Desktop/sola/ris/hw1/ros2_ws/install/tutorial_interfaces/lib/libtutorial_interfaces__rosidl_generator_c.so" to ""
[3.596s] -- Up-to-date: /home/masa/Desktop/sola/ris/hw1/ros2_ws/install/tutorial_interfaces/include/tutorial_interfaces/tutorial_interfaces
[3.596s] -- Up-to-date: /home/masa/Desktop/sola/ris/hw1/ros2_ws/install/tutorial_interfaces/include/tutorial_interfaces/tutorial_interfaces/srv
[3.596s] -- Up-to-date: /home/masa/Desktop/sola/ris/hw1/ros2_ws/install/tutorial_interfaces/include/tutorial_interfaces/tutorial_interfaces/srv/detail
[3.596s] -- Installing: /home/masa/Desktop/sola/ris/hw1/ros2_ws/install/tutorial_interfaces/include/tutorial_interfaces/tutorial_interfaces/srv/detail/add_three_ints__rosidl_typesupport_fastrtps_c.h
[3.596s] -- Up-to-date: /home/masa/Desktop/sola/ris/hw1/ros2_ws/install/tutorial_interfaces/include/tutorial_interfaces/tutorial_interfaces/msg
[3.596s] -- Up-to-date: /home/masa/Desktop/sola/ris/hw1/ros2_ws/install/tutorial_interfaces/include/tutorial_interfaces/tutorial_interfaces/msg/detail
[3.596s] -- Installing: /home/masa/Desktop/sola/ris/hw1/ros2_ws/install/tutorial_interfaces/include/tutorial_interfaces/tutorial_interfaces/msg/detail/num__rosidl_typesupport_fastrtps_c.h
[3.596s] -- Installing: /home/masa/Desktop/sola/ris/hw1/ros2_ws/install/tutorial_interfaces/include/tutorial_interfaces/tutorial_interfaces/msg/detail/sphere__rosidl_typesupport_fastrtps_c.h
[3.596s] -- Installing: /home/masa/Desktop/sola/ris/hw1/ros2_ws/install/tutorial_interfaces/include/tutorial_interfaces/tutorial_interfaces/msg/rosidl_typesupport_fastrtps_c__visibility_control.h
[3.596s] -- Installing: /home/masa/Desktop/sola/ris/hw1/ros2_ws/install/tutorial_interfaces/lib/libtutorial_interfaces__rosidl_typesupport_fastrtps_c.so
[3.597s] -- Set runtime path of "/home/masa/Desktop/sola/ris/hw1/ros2_ws/install/tutorial_interfaces/lib/libtutorial_interfaces__rosidl_typesupport_fastrtps_c.so" to ""
[3.597s] -- Up-to-date: /home/masa/Desktop/sola/ris/hw1/ros2_ws/install/tutorial_interfaces/include/tutorial_interfaces/tutorial_interfaces
[3.597s] -- Up-to-date: /home/masa/Desktop/sola/ris/hw1/ros2_ws/install/tutorial_interfaces/include/tutorial_interfaces/tutorial_interfaces/srv
[3.597s] -- Installing: /home/masa/Desktop/sola/ris/hw1/ros2_ws/install/tutorial_interfaces/include/tutorial_interfaces/tutorial_interfaces/srv/add_three_ints.hpp
[3.597s] -- Up-to-date: /home/masa/Desktop/sola/ris/hw1/ros2_ws/install/tutorial_interfaces/include/tutorial_interfaces/tutorial_interfaces/srv/detail
[3.597s] -- Installing: /home/masa/Desktop/sola/ris/hw1/ros2_ws/install/tutorial_interfaces/include/tutorial_interfaces/tutorial_interfaces/srv/detail/add_three_ints__type_support.hpp
[3.597s] -- Installing: /home/masa/Desktop/sola/ris/hw1/ros2_ws/install/tutorial_interfaces/include/tutorial_interfaces/tutorial_interfaces/srv/detail/add_three_ints__struct.hpp
[3.597s] -- Installing: /home/masa/Desktop/sola/ris/hw1/ros2_ws/install/tutorial_interfaces/include/tutorial_interfaces/tutorial_interfaces/srv/detail/add_three_ints__traits.hpp
[3.598s] -- Installing: /home/masa/Desktop/sola/ris/hw1/ros2_ws/install/tutorial_interfaces/include/tutorial_interfaces/tutorial_interfaces/srv/detail/add_three_ints__builder.hpp
[3.598s] -- Up-to-date: /home/masa/Desktop/sola/ris/hw1/ros2_ws/install/tutorial_interfaces/include/tutorial_interfaces/tutorial_interfaces/msg
[3.598s] -- Installing: /home/masa/Desktop/sola/ris/hw1/ros2_ws/install/tutorial_interfaces/include/tutorial_interfaces/tutorial_interfaces/msg/num.hpp
[3.598s] -- Up-to-date: /home/masa/Desktop/sola/ris/hw1/ros2_ws/install/tutorial_interfaces/include/tutorial_interfaces/tutorial_interfaces/msg/detail
[3.598s] -- Installing: /home/masa/Desktop/sola/ris/hw1/ros2_ws/install/tutorial_interfaces/include/tutorial_interfaces/tutorial_interfaces/msg/detail/num__traits.hpp
[3.598s] -- Installing: /home/masa/Desktop/sola/ris/hw1/ros2_ws/install/tutorial_interfaces/include/tutorial_interfaces/tutorial_interfaces/msg/detail/num__struct.hpp
[3.598s] -- Installing: /home/masa/Desktop/sola/ris/hw1/ros2_ws/install/tutorial_interfaces/include/tutorial_interfaces/tutorial_interfaces/msg/detail/sphere__type_support.hpp
[3.598s] -- Installing: /home/masa/Desktop/sola/ris/hw1/ros2_ws/install/tutorial_interfaces/include/tutorial_interfaces/tutorial_interfaces/msg/detail/num__builder.hpp
[3.599s] -- Installing: /home/masa/Desktop/sola/ris/hw1/ros2_ws/install/tutorial_interfaces/include/tutorial_interfaces/tutorial_interfaces/msg/detail/num__type_support.hpp
[3.599s] -- Installing: /home/masa/Desktop/sola/ris/hw1/ros2_ws/install/tutorial_interfaces/include/tutorial_interfaces/tutorial_interfaces/msg/detail/sphere__builder.hpp
[3.599s] -- Installing: /home/masa/Desktop/sola/ris/hw1/ros2_ws/install/tutorial_interfaces/include/tutorial_interfaces/tutorial_interfaces/msg/detail/sphere__traits.hpp
[3.599s] -- Installing: /home/masa/Desktop/sola/ris/hw1/ros2_ws/install/tutorial_interfaces/include/tutorial_interfaces/tutorial_interfaces/msg/detail/sphere__struct.hpp
[3.599s] -- Installing: /home/masa/Desktop/sola/ris/hw1/ros2_ws/install/tutorial_interfaces/include/tutorial_interfaces/tutorial_interfaces/msg/sphere.hpp
[3.599s] -- Installing: /home/masa/Desktop/sola/ris/hw1/ros2_ws/install/tutorial_interfaces/include/tutorial_interfaces/tutorial_interfaces/msg/rosidl_generator_cpp__visibility_control.hpp
[3.599s] -- Up-to-date: /home/masa/Desktop/sola/ris/hw1/ros2_ws/install/tutorial_interfaces/include/tutorial_interfaces/tutorial_interfaces
[3.600s] -- Up-to-date: /home/masa/Desktop/sola/ris/hw1/ros2_ws/install/tutorial_interfaces/include/tutorial_interfaces/tutorial_interfaces/srv
[3.600s] -- Up-to-date: /home/masa/Desktop/sola/ris/hw1/ros2_ws/install/tutorial_interfaces/include/tutorial_interfaces/tutorial_interfaces/srv/detail
[3.600s] -- Installing: /home/masa/Desktop/sola/ris/hw1/ros2_ws/install/tutorial_interfaces/include/tutorial_interfaces/tutorial_interfaces/srv/detail/dds_fastrtps
[3.600s] -- Installing: /home/masa/Desktop/sola/ris/hw1/ros2_ws/install/tutorial_interfaces/include/tutorial_interfaces/tutorial_interfaces/srv/detail/add_three_ints__rosidl_typesupport_fastrtps_cpp.hpp
[3.600s] -- Up-to-date: /home/masa/Desktop/sola/ris/hw1/ros2_ws/install/tutorial_interfaces/include/tutorial_interfaces/tutorial_interfaces/msg
[3.600s] -- Installing: /home/masa/Desktop/sola/ris/hw1/ros2_ws/install/tutorial_interfaces/include/tutorial_interfaces/tutorial_interfaces/msg/rosidl_typesupport_fastrtps_cpp__visibility_control.h
[3.600s] -- Up-to-date: /home/masa/Desktop/sola/ris/hw1/ros2_ws/install/tutorial_interfaces/include/tutorial_interfaces/tutorial_interfaces/msg/detail
[3.600s] -- Installing: /home/masa/Desktop/sola/ris/hw1/ros2_ws/install/tutorial_interfaces/include/tutorial_interfaces/tutorial_interfaces/msg/detail/sphere__rosidl_typesupport_fastrtps_cpp.hpp
[3.600s] -- Installing: /home/masa/Desktop/sola/ris/hw1/ros2_ws/install/tutorial_interfaces/include/tutorial_interfaces/tutorial_interfaces/msg/detail/num__rosidl_typesupport_fastrtps_cpp.hpp
[3.601s] -- Installing: /home/masa/Desktop/sola/ris/hw1/ros2_ws/install/tutorial_interfaces/include/tutorial_interfaces/tutorial_interfaces/msg/detail/dds_fastrtps
[3.601s] -- Installing: /home/masa/Desktop/sola/ris/hw1/ros2_ws/install/tutorial_interfaces/lib/libtutorial_interfaces__rosidl_typesupport_fastrtps_cpp.so
[3.601s] -- Set runtime path of "/home/masa/Desktop/sola/ris/hw1/ros2_ws/install/tutorial_interfaces/lib/libtutorial_interfaces__rosidl_typesupport_fastrtps_cpp.so" to ""
[3.601s] -- Up-to-date: /home/masa/Desktop/sola/ris/hw1/ros2_ws/install/tutorial_interfaces/include/tutorial_interfaces/tutorial_interfaces
[3.601s] -- Up-to-date: /home/masa/Desktop/sola/ris/hw1/ros2_ws/install/tutorial_interfaces/include/tutorial_interfaces/tutorial_interfaces/srv
[3.601s] -- Up-to-date: /home/masa/Desktop/sola/ris/hw1/ros2_ws/install/tutorial_interfaces/include/tutorial_interfaces/tutorial_interfaces/srv/detail
[3.602s] -- Installing: /home/masa/Desktop/sola/ris/hw1/ros2_ws/install/tutorial_interfaces/include/tutorial_interfaces/tutorial_interfaces/srv/detail/add_three_ints__rosidl_typesupport_introspection_c.h
[3.602s] -- Installing: /home/masa/Desktop/sola/ris/hw1/ros2_ws/install/tutorial_interfaces/include/tutorial_interfaces/tutorial_interfaces/srv/detail/add_three_ints__type_support.c
[3.602s] -- Up-to-date: /home/masa/Desktop/sola/ris/hw1/ros2_ws/install/tutorial_interfaces/include/tutorial_interfaces/tutorial_interfaces/msg
[3.602s] -- Installing: /home/masa/Desktop/sola/ris/hw1/ros2_ws/install/tutorial_interfaces/include/tutorial_interfaces/tutorial_interfaces/msg/rosidl_typesupport_introspection_c__visibility_control.h
[3.602s] -- Up-to-date: /home/masa/Desktop/sola/ris/hw1/ros2_ws/install/tutorial_interfaces/include/tutorial_interfaces/tutorial_interfaces/msg/detail
[3.602s] -- Installing: /home/masa/Desktop/sola/ris/hw1/ros2_ws/install/tutorial_interfaces/include/tutorial_interfaces/tutorial_interfaces/msg/detail/sphere__type_support.c
[3.602s] -- Installing: /home/masa/Desktop/sola/ris/hw1/ros2_ws/install/tutorial_interfaces/include/tutorial_interfaces/tutorial_interfaces/msg/detail/num__rosidl_typesupport_introspection_c.h
[3.602s] -- Installing: /home/masa/Desktop/sola/ris/hw1/ros2_ws/install/tutorial_interfaces/include/tutorial_interfaces/tutorial_interfaces/msg/detail/sphere__rosidl_typesupport_introspection_c.h
[3.603s] -- Installing: /home/masa/Desktop/sola/ris/hw1/ros2_ws/install/tutorial_interfaces/include/tutorial_interfaces/tutorial_interfaces/msg/detail/num__type_support.c
[3.603s] -- Installing: /home/masa/Desktop/sola/ris/hw1/ros2_ws/install/tutorial_interfaces/lib/libtutorial_interfaces__rosidl_typesupport_introspection_c.so
[3.603s] -- Set runtime path of "/home/masa/Desktop/sola/ris/hw1/ros2_ws/install/tutorial_interfaces/lib/libtutorial_interfaces__rosidl_typesupport_introspection_c.so" to ""
[3.603s] -- Installing: /home/masa/Desktop/sola/ris/hw1/ros2_ws/install/tutorial_interfaces/lib/libtutorial_interfaces__rosidl_typesupport_c.so
[3.604s] -- Set runtime path of "/home/masa/Desktop/sola/ris/hw1/ros2_ws/install/tutorial_interfaces/lib/libtutorial_interfaces__rosidl_typesupport_c.so" to ""
[3.604s] -- Up-to-date: /home/masa/Desktop/sola/ris/hw1/ros2_ws/install/tutorial_interfaces/include/tutorial_interfaces/tutorial_interfaces
[3.604s] -- Up-to-date: /home/masa/Desktop/sola/ris/hw1/ros2_ws/install/tutorial_interfaces/include/tutorial_interfaces/tutorial_interfaces/srv
[3.604s] -- Up-to-date: /home/masa/Desktop/sola/ris/hw1/ros2_ws/install/tutorial_interfaces/include/tutorial_interfaces/tutorial_interfaces/srv/detail
[3.604s] -- Installing: /home/masa/Desktop/sola/ris/hw1/ros2_ws/install/tutorial_interfaces/include/tutorial_interfaces/tutorial_interfaces/srv/detail/add_three_ints__rosidl_typesupport_introspection_cpp.hpp
[3.604s] -- Installing: /home/masa/Desktop/sola/ris/hw1/ros2_ws/install/tutorial_interfaces/include/tutorial_interfaces/tutorial_interfaces/srv/detail/add_three_ints__type_support.cpp
[3.604s] -- Up-to-date: /home/masa/Desktop/sola/ris/hw1/ros2_ws/install/tutorial_interfaces/include/tutorial_interfaces/tutorial_interfaces/msg
[3.604s] -- Up-to-date: /home/masa/Desktop/sola/ris/hw1/ros2_ws/install/tutorial_interfaces/include/tutorial_interfaces/tutorial_interfaces/msg/detail
[3.604s] -- Installing: /home/masa/Desktop/sola/ris/hw1/ros2_ws/install/tutorial_interfaces/include/tutorial_interfaces/tutorial_interfaces/msg/detail/sphere__rosidl_typesupport_introspection_cpp.hpp
[3.604s] -- Installing: /home/masa/Desktop/sola/ris/hw1/ros2_ws/install/tutorial_interfaces/include/tutorial_interfaces/tutorial_interfaces/msg/detail/sphere__type_support.cpp
[3.604s] -- Installing: /home/masa/Desktop/sola/ris/hw1/ros2_ws/install/tutorial_interfaces/include/tutorial_interfaces/tutorial_interfaces/msg/detail/num__type_support.cpp
[3.605s] -- Installing: /home/masa/Desktop/sola/ris/hw1/ros2_ws/install/tutorial_interfaces/include/tutorial_interfaces/tutorial_interfaces/msg/detail/num__rosidl_typesupport_introspection_cpp.hpp
[3.605s] -- Installing: /home/masa/Desktop/sola/ris/hw1/ros2_ws/install/tutorial_interfaces/lib/libtutorial_interfaces__rosidl_typesupport_introspection_cpp.so
[3.605s] -- Set runtime path of "/home/masa/Desktop/sola/ris/hw1/ros2_ws/install/tutorial_interfaces/lib/libtutorial_interfaces__rosidl_typesupport_introspection_cpp.so" to ""
[3.605s] -- Installing: /home/masa/Desktop/sola/ris/hw1/ros2_ws/install/tutorial_interfaces/lib/libtutorial_interfaces__rosidl_typesupport_cpp.so
[3.606s] -- Set runtime path of "/home/masa/Desktop/sola/ris/hw1/ros2_ws/install/tutorial_interfaces/lib/libtutorial_interfaces__rosidl_typesupport_cpp.so" to ""
[3.606s] -- Installing: /home/masa/Desktop/sola/ris/hw1/ros2_ws/install/tutorial_interfaces/share/tutorial_interfaces/environment/pythonpath.sh
[3.606s] -- Installing: /home/masa/Desktop/sola/ris/hw1/ros2_ws/install/tutorial_interfaces/share/tutorial_interfaces/environment/pythonpath.dsv
[3.606s] -- Installing: /home/masa/Desktop/sola/ris/hw1/ros2_ws/install/tutorial_interfaces/local/lib/python3.10/dist-packages/tutorial_interfaces-0.0.0-py3.10.egg-info
[3.606s] -- Installing: /home/masa/Desktop/sola/ris/hw1/ros2_ws/install/tutorial_interfaces/local/lib/python3.10/dist-packages/tutorial_interfaces-0.0.0-py3.10.egg-info/dependency_links.txt
[3.607s] -- Installing: /home/masa/Desktop/sola/ris/hw1/ros2_ws/install/tutorial_interfaces/local/lib/python3.10/dist-packages/tutorial_interfaces-0.0.0-py3.10.egg-info/SOURCES.txt
[3.609s] -- Installing: /home/masa/Desktop/sola/ris/hw1/ros2_ws/install/tutorial_interfaces/local/lib/python3.10/dist-packages/tutorial_interfaces-0.0.0-py3.10.egg-info/PKG-INFO
[3.609s] -- Installing: /home/masa/Desktop/sola/ris/hw1/ros2_ws/install/tutorial_interfaces/local/lib/python3.10/dist-packages/tutorial_interfaces-0.0.0-py3.10.egg-info/top_level.txt
[3.610s] -- Installing: /home/masa/Desktop/sola/ris/hw1/ros2_ws/install/tutorial_interfaces/local/lib/python3.10/dist-packages/tutorial_interfaces
[3.610s] -- Installing: /home/masa/Desktop/sola/ris/hw1/ros2_ws/install/tutorial_interfaces/local/lib/python3.10/dist-packages/tutorial_interfaces/__init__.py
[3.610s] -- Installing: /home/masa/Desktop/sola/ris/hw1/ros2_ws/install/tutorial_interfaces/local/lib/python3.10/dist-packages/tutorial_interfaces/libtutorial_interfaces__rosidl_generator_py.so
[3.610s] -- Installing: /home/masa/Desktop/sola/ris/hw1/ros2_ws/install/tutorial_interfaces/local/lib/python3.10/dist-packages/tutorial_interfaces/tutorial_interfaces_s__rosidl_typesupport_c.cpython-310-x86_64-linux-gnu.so
[3.610s] -- Installing: /home/masa/Desktop/sola/ris/hw1/ros2_ws/install/tutorial_interfaces/local/lib/python3.10/dist-packages/tutorial_interfaces/tutorial_interfaces_s__rosidl_typesupport_fastrtps_c.cpython-310-x86_64-linux-gnu.so
[3.610s] -- Installing: /home/masa/Desktop/sola/ris/hw1/ros2_ws/install/tutorial_interfaces/local/lib/python3.10/dist-packages/tutorial_interfaces/srv
[3.611s] -- Installing: /home/masa/Desktop/sola/ris/hw1/ros2_ws/install/tutorial_interfaces/local/lib/python3.10/dist-packages/tutorial_interfaces/srv/__init__.py
[3.611s] -- Installing: /home/masa/Desktop/sola/ris/hw1/ros2_ws/install/tutorial_interfaces/local/lib/python3.10/dist-packages/tutorial_interfaces/srv/_add_three_ints_s.c
[3.611s] -- Installing: /home/masa/Desktop/sola/ris/hw1/ros2_ws/install/tutorial_interfaces/local/lib/python3.10/dist-packages/tutorial_interfaces/srv/_add_three_ints.py
[3.611s] -- Installing: /home/masa/Desktop/sola/ris/hw1/ros2_ws/install/tutorial_interfaces/local/lib/python3.10/dist-packages/tutorial_interfaces/_tutorial_interfaces_s.ep.rosidl_typesupport_fastrtps_c.c
[3.611s] -- Installing: /home/masa/Desktop/sola/ris/hw1/ros2_ws/install/tutorial_interfaces/local/lib/python3.10/dist-packages/tutorial_interfaces/msg
[3.611s] -- Installing: /home/masa/Desktop/sola/ris/hw1/ros2_ws/install/tutorial_interfaces/local/lib/python3.10/dist-packages/tutorial_interfaces/msg/__init__.py
[3.611s] -- Installing: /home/masa/Desktop/sola/ris/hw1/ros2_ws/install/tutorial_interfaces/local/lib/python3.10/dist-packages/tutorial_interfaces/msg/_sphere.py
[3.612s] -- Installing: /home/masa/Desktop/sola/ris/hw1/ros2_ws/install/tutorial_interfaces/local/lib/python3.10/dist-packages/tutorial_interfaces/msg/_sphere_s.c
[3.612s] -- Installing: /home/masa/Desktop/sola/ris/hw1/ros2_ws/install/tutorial_interfaces/local/lib/python3.10/dist-packages/tutorial_interfaces/msg/_num.py
[3.612s] -- Installing: /home/masa/Desktop/sola/ris/hw1/ros2_ws/install/tutorial_interfaces/local/lib/python3.10/dist-packages/tutorial_interfaces/msg/_num_s.c
[3.612s] -- Installing: /home/masa/Desktop/sola/ris/hw1/ros2_ws/install/tutorial_interfaces/local/lib/python3.10/dist-packages/tutorial_interfaces/_tutorial_interfaces_s.ep.rosidl_typesupport_introspection_c.c
[3.612s] -- Installing: /home/masa/Desktop/sola/ris/hw1/ros2_ws/install/tutorial_interfaces/local/lib/python3.10/dist-packages/tutorial_interfaces/tutorial_interfaces_s__rosidl_typesupport_introspection_c.cpython-310-x86_64-linux-gnu.so
[3.612s] -- Installing: /home/masa/Desktop/sola/ris/hw1/ros2_ws/install/tutorial_interfaces/local/lib/python3.10/dist-packages/tutorial_interfaces/_tutorial_interfaces_s.ep.rosidl_typesupport_c.c
[3.641s] Listing '/home/masa/Desktop/sola/ris/hw1/ros2_ws/install/tutorial_interfaces/local/lib/python3.10/dist-packages/tutorial_interfaces'...
[3.641s] Compiling '/home/masa/Desktop/sola/ris/hw1/ros2_ws/install/tutorial_interfaces/local/lib/python3.10/dist-packages/tutorial_interfaces/__init__.py'...
[3.642s] Listing '/home/masa/Desktop/sola/ris/hw1/ros2_ws/install/tutorial_interfaces/local/lib/python3.10/dist-packages/tutorial_interfaces/msg'...
[3.642s] Compiling '/home/masa/Desktop/sola/ris/hw1/ros2_ws/install/tutorial_interfaces/local/lib/python3.10/dist-packages/tutorial_interfaces/msg/__init__.py'...
[3.642s] Compiling '/home/masa/Desktop/sola/ris/hw1/ros2_ws/install/tutorial_interfaces/local/lib/python3.10/dist-packages/tutorial_interfaces/msg/_num.py'...
[3.642s] Compiling '/home/masa/Desktop/sola/ris/hw1/ros2_ws/install/tutorial_interfaces/local/lib/python3.10/dist-packages/tutorial_interfaces/msg/_sphere.py'...
[3.642s] Listing '/home/masa/Desktop/sola/ris/hw1/ros2_ws/install/tutorial_interfaces/local/lib/python3.10/dist-packages/tutorial_interfaces/srv'...
[3.642s] Compiling '/home/masa/Desktop/sola/ris/hw1/ros2_ws/install/tutorial_interfaces/local/lib/python3.10/dist-packages/tutorial_interfaces/srv/__init__.py'...
[3.642s] Compiling '/home/masa/Desktop/sola/ris/hw1/ros2_ws/install/tutorial_interfaces/local/lib/python3.10/dist-packages/tutorial_interfaces/srv/_add_three_ints.py'...
[3.646s] -- Installing: /home/masa/Desktop/sola/ris/hw1/ros2_ws/install/tutorial_interfaces/local/lib/python3.10/dist-packages/tutorial_interfaces/tutorial_interfaces_s__rosidl_typesupport_fastrtps_c.cpython-310-x86_64-linux-gnu.so
[3.646s] -- Set runtime path of "/home/masa/Desktop/sola/ris/hw1/ros2_ws/install/tutorial_interfaces/local/lib/python3.10/dist-packages/tutorial_interfaces/tutorial_interfaces_s__rosidl_typesupport_fastrtps_c.cpython-310-x86_64-linux-gnu.so" to ""
[3.647s] -- Installing: /home/masa/Desktop/sola/ris/hw1/ros2_ws/install/tutorial_interfaces/local/lib/python3.10/dist-packages/tutorial_interfaces/tutorial_interfaces_s__rosidl_typesupport_introspection_c.cpython-310-x86_64-linux-gnu.so
[3.647s] -- Set runtime path of "/home/masa/Desktop/sola/ris/hw1/ros2_ws/install/tutorial_interfaces/local/lib/python3.10/dist-packages/tutorial_interfaces/tutorial_interfaces_s__rosidl_typesupport_introspection_c.cpython-310-x86_64-linux-gnu.so" to ""
[3.647s] -- Installing: /home/masa/Desktop/sola/ris/hw1/ros2_ws/install/tutorial_interfaces/local/lib/python3.10/dist-packages/tutorial_interfaces/tutorial_interfaces_s__rosidl_typesupport_c.cpython-310-x86_64-linux-gnu.so
[3.648s] -- Set runtime path of "/home/masa/Desktop/sola/ris/hw1/ros2_ws/install/tutorial_interfaces/local/lib/python3.10/dist-packages/tutorial_interfaces/tutorial_interfaces_s__rosidl_typesupport_c.cpython-310-x86_64-linux-gnu.so" to ""
[3.648s] -- Installing: /home/masa/Desktop/sola/ris/hw1/ros2_ws/install/tutorial_interfaces/lib/libtutorial_interfaces__rosidl_generator_py.so
[3.648s] -- Set runtime path of "/home/masa/Desktop/sola/ris/hw1/ros2_ws/install/tutorial_interfaces/lib/libtutorial_interfaces__rosidl_generator_py.so" to ""
[3.649s] -- Installing: /home/masa/Desktop/sola/ris/hw1/ros2_ws/install/tutorial_interfaces/share/tutorial_interfaces/msg/Num.idl
[3.649s] -- Installing: /home/masa/Desktop/sola/ris/hw1/ros2_ws/install/tutorial_interfaces/share/tutorial_interfaces/msg/Sphere.idl
[3.649s] -- Installing: /home/masa/Desktop/sola/ris/hw1/ros2_ws/install/tutorial_interfaces/share/tutorial_interfaces/srv/AddThreeInts.idl
[3.649s] -- Installing: /home/masa/Desktop/sola/ris/hw1/ros2_ws/install/tutorial_interfaces/share/tutorial_interfaces/msg/Num.msg
[3.649s] -- Installing: /home/masa/Desktop/sola/ris/hw1/ros2_ws/install/tutorial_interfaces/share/tutorial_interfaces/msg/Sphere.msg
[3.650s] -- Installing: /home/masa/Desktop/sola/ris/hw1/ros2_ws/install/tutorial_interfaces/share/tutorial_interfaces/srv/AddThreeInts.srv
[3.650s] -- Installing: /home/masa/Desktop/sola/ris/hw1/ros2_ws/install/tutorial_interfaces/share/tutorial_interfaces/srv/AddThreeInts_Request.msg
[3.650s] -- Installing: /home/masa/Desktop/sola/ris/hw1/ros2_ws/install/tutorial_interfaces/share/tutorial_interfaces/srv/AddThreeInts_Response.msg
[3.650s] -- Installing: /home/masa/Desktop/sola/ris/hw1/ros2_ws/install/tutorial_interfaces/share/ament_index/resource_index/package_run_dependencies/tutorial_interfaces
[3.651s] -- Installing: /home/masa/Desktop/sola/ris/hw1/ros2_ws/install/tutorial_interfaces/share/ament_index/resource_index/parent_prefix_path/tutorial_interfaces
[3.651s] -- Installing: /home/masa/Desktop/sola/ris/hw1/ros2_ws/install/tutorial_interfaces/share/tutorial_interfaces/environment/ament_prefix_path.sh
[3.651s] -- Installing: /home/masa/Desktop/sola/ris/hw1/ros2_ws/install/tutorial_interfaces/share/tutorial_interfaces/environment/ament_prefix_path.dsv
[3.651s] -- Installing: /home/masa/Desktop/sola/ris/hw1/ros2_ws/install/tutorial_interfaces/share/tutorial_interfaces/environment/path.sh
[3.651s] -- Installing: /home/masa/Desktop/sola/ris/hw1/ros2_ws/install/tutorial_interfaces/share/tutorial_interfaces/environment/path.dsv
[3.651s] -- Installing: /home/masa/Desktop/sola/ris/hw1/ros2_ws/install/tutorial_interfaces/share/tutorial_interfaces/local_setup.bash
[3.652s] -- Installing: /home/masa/Desktop/sola/ris/hw1/ros2_ws/install/tutorial_interfaces/share/tutorial_interfaces/local_setup.sh
[3.652s] -- Installing: /home/masa/Desktop/sola/ris/hw1/ros2_ws/install/tutorial_interfaces/share/tutorial_interfaces/local_setup.zsh
[3.652s] -- Installing: /home/masa/Desktop/sola/ris/hw1/ros2_ws/install/tutorial_interfaces/share/tutorial_interfaces/local_setup.dsv
[3.652s] -- Installing: /home/masa/Desktop/sola/ris/hw1/ros2_ws/install/tutorial_interfaces/share/tutorial_interfaces/package.dsv
[3.652s] -- Installing: /home/masa/Desktop/sola/ris/hw1/ros2_ws/install/tutorial_interfaces/share/ament_index/resource_index/packages/tutorial_interfaces
[3.653s] -- Installing: /home/masa/Desktop/sola/ris/hw1/ros2_ws/install/tutorial_interfaces/share/tutorial_interfaces/cmake/export_tutorial_interfaces__rosidl_generator_cExport.cmake
[3.653s] -- Installing: /home/masa/Desktop/sola/ris/hw1/ros2_ws/install/tutorial_interfaces/share/tutorial_interfaces/cmake/export_tutorial_interfaces__rosidl_generator_cExport-noconfig.cmake
[3.653s] -- Installing: /home/masa/Desktop/sola/ris/hw1/ros2_ws/install/tutorial_interfaces/share/tutorial_interfaces/cmake/export_tutorial_interfaces__rosidl_typesupport_fastrtps_cExport.cmake
[3.653s] -- Installing: /home/masa/Desktop/sola/ris/hw1/ros2_ws/install/tutorial_interfaces/share/tutorial_interfaces/cmake/export_tutorial_interfaces__rosidl_typesupport_fastrtps_cExport-noconfig.cmake
[3.654s] -- Installing: /home/masa/Desktop/sola/ris/hw1/ros2_ws/install/tutorial_interfaces/share/tutorial_interfaces/cmake/export_tutorial_interfaces__rosidl_generator_cppExport.cmake
[3.654s] -- Installing: /home/masa/Desktop/sola/ris/hw1/ros2_ws/install/tutorial_interfaces/share/tutorial_interfaces/cmake/export_tutorial_interfaces__rosidl_typesupport_fastrtps_cppExport.cmake
[3.654s] -- Installing: /home/masa/Desktop/sola/ris/hw1/ros2_ws/install/tutorial_interfaces/share/tutorial_interfaces/cmake/export_tutorial_interfaces__rosidl_typesupport_fastrtps_cppExport-noconfig.cmake
[3.654s] -- Installing: /home/masa/Desktop/sola/ris/hw1/ros2_ws/install/tutorial_interfaces/share/tutorial_interfaces/cmake/tutorial_interfaces__rosidl_typesupport_introspection_cExport.cmake
[3.654s] -- Installing: /home/masa/Desktop/sola/ris/hw1/ros2_ws/install/tutorial_interfaces/share/tutorial_interfaces/cmake/tutorial_interfaces__rosidl_typesupport_introspection_cExport-noconfig.cmake
[3.654s] -- Installing: /home/masa/Desktop/sola/ris/hw1/ros2_ws/install/tutorial_interfaces/share/tutorial_interfaces/cmake/tutorial_interfaces__rosidl_typesupport_cExport.cmake
[3.655s] -- Installing: /home/masa/Desktop/sola/ris/hw1/ros2_ws/install/tutorial_interfaces/share/tutorial_interfaces/cmake/tutorial_interfaces__rosidl_typesupport_cExport-noconfig.cmake
[3.655s] -- Installing: /home/masa/Desktop/sola/ris/hw1/ros2_ws/install/tutorial_interfaces/share/tutorial_interfaces/cmake/tutorial_interfaces__rosidl_typesupport_introspection_cppExport.cmake
[3.655s] -- Installing: /home/masa/Desktop/sola/ris/hw1/ros2_ws/install/tutorial_interfaces/share/tutorial_interfaces/cmake/tutorial_interfaces__rosidl_typesupport_introspection_cppExport-noconfig.cmake
[3.655s] -- Installing: /home/masa/Desktop/sola/ris/hw1/ros2_ws/install/tutorial_interfaces/share/tutorial_interfaces/cmake/tutorial_interfaces__rosidl_typesupport_cppExport.cmake
[3.655s] -- Installing: /home/masa/Desktop/sola/ris/hw1/ros2_ws/install/tutorial_interfaces/share/tutorial_interfaces/cmake/tutorial_interfaces__rosidl_typesupport_cppExport-noconfig.cmake
[3.656s] -- Installing: /home/masa/Desktop/sola/ris/hw1/ros2_ws/install/tutorial_interfaces/share/tutorial_interfaces/cmake/export_tutorial_interfaces__rosidl_generator_pyExport.cmake
[3.656s] -- Installing: /home/masa/Desktop/sola/ris/hw1/ros2_ws/install/tutorial_interfaces/share/tutorial_interfaces/cmake/export_tutorial_interfaces__rosidl_generator_pyExport-noconfig.cmake
[3.656s] -- Installing: /home/masa/Desktop/sola/ris/hw1/ros2_ws/install/tutorial_interfaces/share/tutorial_interfaces/cmake/rosidl_cmake-extras.cmake
[3.656s] -- Installing: /home/masa/Desktop/sola/ris/hw1/ros2_ws/install/tutorial_interfaces/share/tutorial_interfaces/cmake/ament_cmake_export_dependencies-extras.cmake
[3.656s] -- Installing: /home/masa/Desktop/sola/ris/hw1/ros2_ws/install/tutorial_interfaces/share/tutorial_interfaces/cmake/ament_cmake_export_include_directories-extras.cmake
[3.656s] -- Installing: /home/masa/Desktop/sola/ris/hw1/ros2_ws/install/tutorial_interfaces/share/tutorial_interfaces/cmake/ament_cmake_export_libraries-extras.cmake
[3.657s] -- Installing: /home/masa/Desktop/sola/ris/hw1/ros2_ws/install/tutorial_interfaces/share/tutorial_interfaces/cmake/ament_cmake_export_targets-extras.cmake
[3.657s] -- Installing: /home/masa/Desktop/sola/ris/hw1/ros2_ws/install/tutorial_interfaces/share/tutorial_interfaces/cmake/rosidl_cmake_export_typesupport_targets-extras.cmake
[3.657s] -- Installing: /home/masa/Desktop/sola/ris/hw1/ros2_ws/install/tutorial_interfaces/share/tutorial_interfaces/cmake/rosidl_cmake_export_typesupport_libraries-extras.cmake
[3.657s] -- Installing: /home/masa/Desktop/sola/ris/hw1/ros2_ws/install/tutorial_interfaces/share/tutorial_interfaces/cmake/tutorial_interfacesConfig.cmake
[3.657s] -- Installing: /home/masa/Desktop/sola/ris/hw1/ros2_ws/install/tutorial_interfaces/share/tutorial_interfaces/cmake/tutorial_interfacesConfig-version.cmake
[3.657s] -- Installing: /home/masa/Desktop/sola/ris/hw1/ros2_ws/install/tutorial_interfaces/share/tutorial_interfaces/package.xml
[3.660s] Invoked command in '/home/masa/Desktop/sola/ris/hw1/ros2_ws/build/tutorial_interfaces' returned '0': CMAKE_PREFIX_PATH=${CMAKE_PREFIX_PATH}:/home/masa/Desktop/sola/ris/hw1/ros2_ws/install/my_package:/opt/ros/humble /usr/bin/cmake --install /home/masa/Desktop/sola/ris/hw1/ros2_ws/build/tutorial_interfaces
