[0.129s] DEBUG:colcon:Command line arguments: ['/usr/bin/colcon', 'build']
[0.129s] DEBUG:colcon:Parsed command line arguments: Namespace(log_base=None, log_level=None, verb_name='build', build_base='build', install_base='install', merge_install=False, symlink_install=False, test_result_base=None, continue_on_error=False, executor='parallel', parallel_workers=12, event_handlers=None, ignore_user_meta=False, metas=['./colcon.meta'], base_paths=['.'], packages_ignore=None, packages_ignore_regex=None, paths=None, packages_up_to=None, packages_up_to_regex=None, packages_above=None, packages_above_and_dependencies=None, packages_above_depth=None, packages_select_by_dep=None, packages_skip_by_dep=None, packages_skip_up_to=None, packages_select_build_failed=False, packages_skip_build_finished=False, packages_select_test_failures=False, packages_skip_test_passed=False, packages_select=None, packages_skip=None, packages_select_regex=None, packages_skip_regex=None, packages_start=None, packages_end=None, allow_overriding=[], cmake_args=None, cmake_target=None, cmake_target_skip_unavailable=False, cmake_clean_cache=False, cmake_clean_first=False, cmake_force_configure=False, ament_cmake_args=None, catkin_cmake_args=None, catkin_skip_building_tests=False, mixin_files=None, mixin=None, verb_parser=<colcon_mixin.mixin.mixin_argument.MixinArgumentDecorator object at 0x7ae911830c40>, verb_extension=<colcon_core.verb.build.BuildVerb object at 0x7ae9119af100>, main=<bound method BuildVerb.main of <colcon_core.verb.build.BuildVerb object at 0x7ae9119af100>>, mixin_verb=('build',))
[0.272s] Level 1:colcon.colcon_core.package_discovery:discover_packages(colcon_meta) check parameters
[0.272s] Level 1:colcon.colcon_core.package_discovery:discover_packages(recursive) check parameters
[0.272s] Level 1:colcon.colcon_core.package_discovery:discover_packages(ignore) check parameters
[0.272s] Level 1:colcon.colcon_core.package_discovery:discover_packages(path) check parameters
[0.272s] Level 1:colcon.colcon_core.package_discovery:discover_packages(colcon_meta) discover
[0.272s] Level 1:colcon.colcon_core.package_discovery:discover_packages(recursive) discover
[0.272s] INFO:colcon.colcon_core.package_discovery:Crawling recursively for packages in '/home/masa/Desktop/sola/ris/hw1/ros2_ws'
[0.272s] Level 1:colcon.colcon_core.package_identification:_identify(.) by extensions ['ignore', 'ignore_ament_install']
[0.272s] Level 1:colcon.colcon_core.package_identification:_identify(.) by extension 'ignore'
[0.272s] Level 1:colcon.colcon_core.package_identification:_identify(.) by extension 'ignore_ament_install'
[0.272s] Level 1:colcon.colcon_core.package_identification:_identify(.) by extensions ['colcon_pkg']
[0.272s] Level 1:colcon.colcon_core.package_identification:_identify(.) by extension 'colcon_pkg'
[0.272s] Level 1:colcon.colcon_core.package_identification:_identify(.) by extensions ['colcon_meta']
[0.272s] Level 1:colcon.colcon_core.package_identification:_identify(.) by extension 'colcon_meta'
[0.273s] Level 1:colcon.colcon_core.package_identification:_identify(.) by extensions ['ros']
[0.273s] Level 1:colcon.colcon_core.package_identification:_identify(.) by extension 'ros'
[0.281s] Level 1:colcon.colcon_core.package_identification:_identify(.) by extensions ['cmake', 'python']
[0.281s] Level 1:colcon.colcon_core.package_identification:_identify(.) by extension 'cmake'
[0.281s] Level 1:colcon.colcon_core.package_identification:_identify(.) by extension 'python'
[0.281s] Level 1:colcon.colcon_core.package_identification:_identify(.) by extensions ['python_setup_py']
[0.281s] Level 1:colcon.colcon_core.package_identification:_identify(.) by extension 'python_setup_py'
[0.281s] Level 1:colcon.colcon_core.package_identification:_identify(build) by extensions ['ignore', 'ignore_ament_install']
[0.281s] Level 1:colcon.colcon_core.package_identification:_identify(build) by extension 'ignore'
[0.281s] Level 1:colcon.colcon_core.package_identification:_identify(build) ignored
[0.281s] Level 1:colcon.colcon_core.package_identification:_identify(install) by extensions ['ignore', 'ignore_ament_install']
[0.281s] Level 1:colcon.colcon_core.package_identification:_identify(install) by extension 'ignore'
[0.281s] Level 1:colcon.colcon_core.package_identification:_identify(install) ignored
[0.281s] Level 1:colcon.colcon_core.package_identification:_identify(log) by extensions ['ignore', 'ignore_ament_install']
[0.281s] Level 1:colcon.colcon_core.package_identification:_identify(log) by extension 'ignore'
[0.281s] Level 1:colcon.colcon_core.package_identification:_identify(log) ignored
[0.281s] Level 1:colcon.colcon_core.package_identification:_identify(src) by extensions ['ignore', 'ignore_ament_install']
[0.281s] Level 1:colcon.colcon_core.package_identification:_identify(src) by extension 'ignore'
[0.281s] Level 1:colcon.colcon_core.package_identification:_identify(src) by extension 'ignore_ament_install'
[0.281s] Level 1:colcon.colcon_core.package_identification:_identify(src) by extensions ['colcon_pkg']
[0.282s] Level 1:colcon.colcon_core.package_identification:_identify(src) by extension 'colcon_pkg'
[0.282s] Level 1:colcon.colcon_core.package_identification:_identify(src) by extensions ['colcon_meta']
[0.282s] Level 1:colcon.colcon_core.package_identification:_identify(src) by extension 'colcon_meta'
[0.282s] Level 1:colcon.colcon_core.package_identification:_identify(src) by extensions ['ros']
[0.282s] Level 1:colcon.colcon_core.package_identification:_identify(src) by extension 'ros'
[0.282s] Level 1:colcon.colcon_core.package_identification:_identify(src) by extensions ['cmake', 'python']
[0.282s] Level 1:colcon.colcon_core.package_identification:_identify(src) by extension 'cmake'
[0.282s] Level 1:colcon.colcon_core.package_identification:_identify(src) by extension 'python'
[0.282s] Level 1:colcon.colcon_core.package_identification:_identify(src) by extensions ['python_setup_py']
[0.282s] Level 1:colcon.colcon_core.package_identification:_identify(src) by extension 'python_setup_py'
[0.282s] Level 1:colcon.colcon_core.package_identification:_identify(src/ros_tutorials) by extensions ['ignore', 'ignore_ament_install']
[0.282s] Level 1:colcon.colcon_core.package_identification:_identify(src/ros_tutorials) by extension 'ignore'
[0.282s] Level 1:colcon.colcon_core.package_identification:_identify(src/ros_tutorials) by extension 'ignore_ament_install'
[0.282s] Level 1:colcon.colcon_core.package_identification:_identify(src/ros_tutorials) by extensions ['colcon_pkg']
[0.282s] Level 1:colcon.colcon_core.package_identification:_identify(src/ros_tutorials) by extension 'colcon_pkg'
[0.282s] Level 1:colcon.colcon_core.package_identification:_identify(src/ros_tutorials) by extensions ['colcon_meta']
[0.282s] Level 1:colcon.colcon_core.package_identification:_identify(src/ros_tutorials) by extension 'colcon_meta'
[0.282s] Level 1:colcon.colcon_core.package_identification:_identify(src/ros_tutorials) by extensions ['ros']
[0.282s] Level 1:colcon.colcon_core.package_identification:_identify(src/ros_tutorials) by extension 'ros'
[0.282s] Level 1:colcon.colcon_core.package_identification:_identify(src/ros_tutorials) by extensions ['cmake', 'python']
[0.282s] Level 1:colcon.colcon_core.package_identification:_identify(src/ros_tutorials) by extension 'cmake'
[0.282s] Level 1:colcon.colcon_core.package_identification:_identify(src/ros_tutorials) by extension 'python'
[0.282s] Level 1:colcon.colcon_core.package_identification:_identify(src/ros_tutorials) by extensions ['python_setup_py']
[0.282s] Level 1:colcon.colcon_core.package_identification:_identify(src/ros_tutorials) by extension 'python_setup_py'
[0.282s] Level 1:colcon.colcon_core.package_identification:_identify(src/ros_tutorials/ros_tutorials) by extensions ['ignore', 'ignore_ament_install']
[0.282s] Level 1:colcon.colcon_core.package_identification:_identify(src/ros_tutorials/ros_tutorials) by extension 'ignore'
[0.282s] Level 1:colcon.colcon_core.package_identification:_identify(src/ros_tutorials/ros_tutorials) ignored
[0.283s] Level 1:colcon.colcon_core.package_identification:_identify(src/ros_tutorials/roscpp_tutorials) by extensions ['ignore', 'ignore_ament_install']
[0.283s] Level 1:colcon.colcon_core.package_identification:_identify(src/ros_tutorials/roscpp_tutorials) by extension 'ignore'
[0.283s] Level 1:colcon.colcon_core.package_identification:_identify(src/ros_tutorials/roscpp_tutorials) ignored
[0.283s] Level 1:colcon.colcon_core.package_identification:_identify(src/ros_tutorials/rospy_tutorials) by extensions ['ignore', 'ignore_ament_install']
[0.283s] Level 1:colcon.colcon_core.package_identification:_identify(src/ros_tutorials/rospy_tutorials) by extension 'ignore'
[0.283s] Level 1:colcon.colcon_core.package_identification:_identify(src/ros_tutorials/rospy_tutorials) ignored
[0.283s] Level 1:colcon.colcon_core.package_identification:_identify(src/ros_tutorials/turtlesim) by extensions ['ignore', 'ignore_ament_install']
[0.283s] Level 1:colcon.colcon_core.package_identification:_identify(src/ros_tutorials/turtlesim) by extension 'ignore'
[0.283s] Level 1:colcon.colcon_core.package_identification:_identify(src/ros_tutorials/turtlesim) by extension 'ignore_ament_install'
[0.283s] Level 1:colcon.colcon_core.package_identification:_identify(src/ros_tutorials/turtlesim) by extensions ['colcon_pkg']
[0.283s] Level 1:colcon.colcon_core.package_identification:_identify(src/ros_tutorials/turtlesim) by extension 'colcon_pkg'
[0.283s] Level 1:colcon.colcon_core.package_identification:_identify(src/ros_tutorials/turtlesim) by extensions ['colcon_meta']
[0.283s] Level 1:colcon.colcon_core.package_identification:_identify(src/ros_tutorials/turtlesim) by extension 'colcon_meta'
[0.283s] Level 1:colcon.colcon_core.package_identification:_identify(src/ros_tutorials/turtlesim) by extensions ['ros']
[0.283s] Level 1:colcon.colcon_core.package_identification:_identify(src/ros_tutorials/turtlesim) by extension 'ros'
[0.285s] DEBUG:colcon.colcon_core.package_identification:Package 'src/ros_tutorials/turtlesim' with type 'ros.ament_cmake' and name 'turtlesim'
[0.285s] Level 1:colcon.colcon_core.package_discovery:discover_packages(recursive) using defaults
[0.285s] Level 1:colcon.colcon_core.package_discovery:discover_packages(ignore) discover
[0.285s] Level 1:colcon.colcon_core.package_discovery:discover_packages(ignore) using defaults
[0.285s] Level 1:colcon.colcon_core.package_discovery:discover_packages(path) discover
[0.285s] Level 1:colcon.colcon_core.package_discovery:discover_packages(path) using defaults
[0.304s] Level 1:colcon.colcon_core.package_discovery:discover_packages(prefix_path) check parameters
[0.304s] Level 1:colcon.colcon_core.package_discovery:discover_packages(prefix_path) discover
[0.306s] DEBUG:colcon.colcon_installed_package_information.package_discovery:Found 75 installed packages in /opt/ros/humble
[0.307s] Level 1:colcon.colcon_core.package_discovery:discover_packages(prefix_path) using defaults
[0.314s] Level 5:colcon.colcon_core.verb:set package 'turtlesim' build argument 'cmake_args' from command line to 'None'
[0.314s] Level 5:colcon.colcon_core.verb:set package 'turtlesim' build argument 'cmake_target' from command line to 'None'
[0.314s] Level 5:colcon.colcon_core.verb:set package 'turtlesim' build argument 'cmake_target_skip_unavailable' from command line to 'False'
[0.314s] Level 5:colcon.colcon_core.verb:set package 'turtlesim' build argument 'cmake_clean_cache' from command line to 'False'
[0.314s] Level 5:colcon.colcon_core.verb:set package 'turtlesim' build argument 'cmake_clean_first' from command line to 'False'
[0.314s] Level 5:colcon.colcon_core.verb:set package 'turtlesim' build argument 'cmake_force_configure' from command line to 'False'
[0.314s] Level 5:colcon.colcon_core.verb:set package 'turtlesim' build argument 'ament_cmake_args' from command line to 'None'
[0.314s] Level 5:colcon.colcon_core.verb:set package 'turtlesim' build argument 'catkin_cmake_args' from command line to 'None'
[0.314s] Level 5:colcon.colcon_core.verb:set package 'turtlesim' build argument 'catkin_skip_building_tests' from command line to 'False'
[0.314s] DEBUG:colcon.colcon_core.verb:Building package 'turtlesim' with the following arguments: {'ament_cmake_args': None, 'build_base': '/home/masa/Desktop/sola/ris/hw1/ros2_ws/build/turtlesim', 'catkin_cmake_args': None, 'catkin_skip_building_tests': False, 'cmake_args': None, 'cmake_clean_cache': False, 'cmake_clean_first': False, 'cmake_force_configure': False, 'cmake_target': None, 'cmake_target_skip_unavailable': False, 'install_base': '/home/masa/Desktop/sola/ris/hw1/ros2_ws/install/turtlesim', 'merge_install': False, 'path': '/home/masa/Desktop/sola/ris/hw1/ros2_ws/src/ros_tutorials/turtlesim', 'symlink_install': False, 'test_result_base': None}
[0.314s] INFO:colcon.colcon_core.executor:Executing jobs using 'parallel' executor
[0.315s] DEBUG:colcon.colcon_parallel_executor.executor.parallel:run_until_complete
[0.315s] INFO:colcon.colcon_ros.task.ament_cmake.build:Building ROS package in '/home/masa/Desktop/sola/ris/hw1/ros2_ws/src/ros_tutorials/turtlesim' with build type 'ament_cmake'
[0.315s] INFO:colcon.colcon_cmake.task.cmake.build:Building CMake package in '/home/masa/Desktop/sola/ris/hw1/ros2_ws/src/ros_tutorials/turtlesim'
[0.317s] INFO:colcon.colcon_core.plugin_system:Skipping extension 'colcon_core.shell.bat': Not used on non-Windows systems
[0.317s] INFO:colcon.colcon_core.shell:Skip shell extension 'powershell' for command environment: Not usable outside of PowerShell
[0.317s] DEBUG:colcon.colcon_core.shell:Skip shell extension 'dsv' for command environment
[0.322s] DEBUG:colcon.colcon_core.event_handler.log_command:Invoking command in '/home/masa/Desktop/sola/ris/hw1/ros2_ws/build/turtlesim': CMAKE_PREFIX_PATH=/opt/ros/humble /usr/bin/cmake /home/masa/Desktop/sola/ris/hw1/ros2_ws/src/ros_tutorials/turtlesim -DCMAKE_INSTALL_PREFIX=/home/masa/Desktop/sola/ris/hw1/ros2_ws/install/turtlesim
[2.062s] DEBUG:colcon.colcon_core.event_handler.log_command:Invoked command in '/home/masa/Desktop/sola/ris/hw1/ros2_ws/build/turtlesim' returned '0': CMAKE_PREFIX_PATH=/opt/ros/humble /usr/bin/cmake /home/masa/Desktop/sola/ris/hw1/ros2_ws/src/ros_tutorials/turtlesim -DCMAKE_INSTALL_PREFIX=/home/masa/Desktop/sola/ris/hw1/ros2_ws/install/turtlesim
[2.063s] DEBUG:colcon.colcon_core.event_handler.log_command:Invoking command in '/home/masa/Desktop/sola/ris/hw1/ros2_ws/build/turtlesim': CMAKE_PREFIX_PATH=/opt/ros/humble /usr/bin/cmake --build /home/masa/Desktop/sola/ris/hw1/ros2_ws/build/turtlesim -- -j12 -l12
[18.466s] DEBUG:colcon.colcon_core.event_handler.log_command:Invoked command in '/home/masa/Desktop/sola/ris/hw1/ros2_ws/build/turtlesim' returned '0': CMAKE_PREFIX_PATH=/opt/ros/humble /usr/bin/cmake --build /home/masa/Desktop/sola/ris/hw1/ros2_ws/build/turtlesim -- -j12 -l12
[18.474s] DEBUG:colcon.colcon_core.event_handler.log_command:Invoking command in '/home/masa/Desktop/sola/ris/hw1/ros2_ws/build/turtlesim': CMAKE_PREFIX_PATH=/opt/ros/humble /usr/bin/cmake --install /home/masa/Desktop/sola/ris/hw1/ros2_ws/build/turtlesim
[18.580s] Level 1:colcon.colcon_core.environment:create_environment_scripts_only(turtlesim)
[18.580s] DEBUG:colcon.colcon_core.event_handler.log_command:Invoked command in '/home/masa/Desktop/sola/ris/hw1/ros2_ws/build/turtlesim' returned '0': CMAKE_PREFIX_PATH=/opt/ros/humble /usr/bin/cmake --install /home/masa/Desktop/sola/ris/hw1/ros2_ws/build/turtlesim
[18.586s] Level 1:colcon.colcon_core.environment:checking '/home/masa/Desktop/sola/ris/hw1/ros2_ws/install/turtlesim' for CMake module files
[18.587s] Level 1:colcon.colcon_core.environment:checking '/home/masa/Desktop/sola/ris/hw1/ros2_ws/install/turtlesim' for CMake config files
[18.587s] Level 1:colcon.colcon_core.shell:create_environment_hook('turtlesim', 'cmake_prefix_path')
[18.587s] INFO:colcon.colcon_core.shell:Creating environment hook '/home/masa/Desktop/sola/ris/hw1/ros2_ws/install/turtlesim/share/turtlesim/hook/cmake_prefix_path.ps1'
[18.588s] INFO:colcon.colcon_core.shell:Creating environment descriptor '/home/masa/Desktop/sola/ris/hw1/ros2_ws/install/turtlesim/share/turtlesim/hook/cmake_prefix_path.dsv'
[18.589s] INFO:colcon.colcon_core.shell:Creating environment hook '/home/masa/Desktop/sola/ris/hw1/ros2_ws/install/turtlesim/share/turtlesim/hook/cmake_prefix_path.sh'
[18.589s] Level 1:colcon.colcon_core.environment:checking '/home/masa/Desktop/sola/ris/hw1/ros2_ws/install/turtlesim/lib'
[18.590s] Level 1:colcon.colcon_core.shell:create_environment_hook('turtlesim', 'ld_library_path_lib')
[18.590s] INFO:colcon.colcon_core.shell:Creating environment hook '/home/masa/Desktop/sola/ris/hw1/ros2_ws/install/turtlesim/share/turtlesim/hook/ld_library_path_lib.ps1'
[18.590s] INFO:colcon.colcon_core.shell:Creating environment descriptor '/home/masa/Desktop/sola/ris/hw1/ros2_ws/install/turtlesim/share/turtlesim/hook/ld_library_path_lib.dsv'
[18.590s] INFO:colcon.colcon_core.shell:Creating environment hook '/home/masa/Desktop/sola/ris/hw1/ros2_ws/install/turtlesim/share/turtlesim/hook/ld_library_path_lib.sh'
[18.590s] Level 1:colcon.colcon_core.environment:checking '/home/masa/Desktop/sola/ris/hw1/ros2_ws/install/turtlesim/bin'
[18.590s] Level 1:colcon.colcon_core.environment:checking '/home/masa/Desktop/sola/ris/hw1/ros2_ws/install/turtlesim/lib/pkgconfig/turtlesim.pc'
[18.591s] Level 1:colcon.colcon_core.environment:checking '/home/masa/Desktop/sola/ris/hw1/ros2_ws/install/turtlesim/lib/python3.10/site-packages'
[18.591s] Level 1:colcon.colcon_core.environment:checking '/home/masa/Desktop/sola/ris/hw1/ros2_ws/install/turtlesim/bin'
[18.591s] INFO:colcon.colcon_core.shell:Creating package script '/home/masa/Desktop/sola/ris/hw1/ros2_ws/install/turtlesim/share/turtlesim/package.ps1'
[18.592s] INFO:colcon.colcon_core.shell:Creating package descriptor '/home/masa/Desktop/sola/ris/hw1/ros2_ws/install/turtlesim/share/turtlesim/package.dsv'
[18.592s] INFO:colcon.colcon_core.shell:Creating package script '/home/masa/Desktop/sola/ris/hw1/ros2_ws/install/turtlesim/share/turtlesim/package.sh'
[18.593s] INFO:colcon.colcon_core.shell:Creating package script '/home/masa/Desktop/sola/ris/hw1/ros2_ws/install/turtlesim/share/turtlesim/package.bash'
[18.594s] INFO:colcon.colcon_core.shell:Creating package script '/home/masa/Desktop/sola/ris/hw1/ros2_ws/install/turtlesim/share/turtlesim/package.zsh'
[18.594s] Level 1:colcon.colcon_core.environment:create_file_with_runtime_dependencies(/home/masa/Desktop/sola/ris/hw1/ros2_ws/install/turtlesim/share/colcon-core/packages/turtlesim)
[18.595s] Level 1:colcon.colcon_core.environment:create_environment_scripts_only(turtlesim)
[18.595s] Level 1:colcon.colcon_core.environment:checking '/home/masa/Desktop/sola/ris/hw1/ros2_ws/install/turtlesim' for CMake module files
[18.596s] Level 1:colcon.colcon_core.environment:checking '/home/masa/Desktop/sola/ris/hw1/ros2_ws/install/turtlesim' for CMake config files
[18.596s] Level 1:colcon.colcon_core.shell:create_environment_hook('turtlesim', 'cmake_prefix_path')
[18.596s] INFO:colcon.colcon_core.shell:Creating environment hook '/home/masa/Desktop/sola/ris/hw1/ros2_ws/install/turtlesim/share/turtlesim/hook/cmake_prefix_path.ps1'
[18.596s] INFO:colcon.colcon_core.shell:Creating environment descriptor '/home/masa/Desktop/sola/ris/hw1/ros2_ws/install/turtlesim/share/turtlesim/hook/cmake_prefix_path.dsv'
[18.597s] INFO:colcon.colcon_core.shell:Creating environment hook '/home/masa/Desktop/sola/ris/hw1/ros2_ws/install/turtlesim/share/turtlesim/hook/cmake_prefix_path.sh'
[18.597s] Level 1:colcon.colcon_core.environment:checking '/home/masa/Desktop/sola/ris/hw1/ros2_ws/install/turtlesim/lib'
[18.597s] Level 1:colcon.colcon_core.shell:create_environment_hook('turtlesim', 'ld_library_path_lib')
[18.597s] INFO:colcon.colcon_core.shell:Creating environment hook '/home/masa/Desktop/sola/ris/hw1/ros2_ws/install/turtlesim/share/turtlesim/hook/ld_library_path_lib.ps1'
[18.597s] INFO:colcon.colcon_core.shell:Creating environment descriptor '/home/masa/Desktop/sola/ris/hw1/ros2_ws/install/turtlesim/share/turtlesim/hook/ld_library_path_lib.dsv'
[18.598s] INFO:colcon.colcon_core.shell:Creating environment hook '/home/masa/Desktop/sola/ris/hw1/ros2_ws/install/turtlesim/share/turtlesim/hook/ld_library_path_lib.sh'
[18.598s] Level 1:colcon.colcon_core.environment:checking '/home/masa/Desktop/sola/ris/hw1/ros2_ws/install/turtlesim/bin'
[18.598s] Level 1:colcon.colcon_core.environment:checking '/home/masa/Desktop/sola/ris/hw1/ros2_ws/install/turtlesim/lib/pkgconfig/turtlesim.pc'
[18.598s] Level 1:colcon.colcon_core.environment:checking '/home/masa/Desktop/sola/ris/hw1/ros2_ws/install/turtlesim/lib/python3.10/site-packages'
[18.598s] Level 1:colcon.colcon_core.environment:checking '/home/masa/Desktop/sola/ris/hw1/ros2_ws/install/turtlesim/bin'
[18.599s] INFO:colcon.colcon_core.shell:Creating package script '/home/masa/Desktop/sola/ris/hw1/ros2_ws/install/turtlesim/share/turtlesim/package.ps1'
[18.599s] INFO:colcon.colcon_core.shell:Creating package descriptor '/home/masa/Desktop/sola/ris/hw1/ros2_ws/install/turtlesim/share/turtlesim/package.dsv'
[18.599s] INFO:colcon.colcon_core.shell:Creating package script '/home/masa/Desktop/sola/ris/hw1/ros2_ws/install/turtlesim/share/turtlesim/package.sh'
[18.608s] INFO:colcon.colcon_core.shell:Creating package script '/home/masa/Desktop/sola/ris/hw1/ros2_ws/install/turtlesim/share/turtlesim/package.bash'
[18.609s] INFO:colcon.colcon_core.shell:Creating package script '/home/masa/Desktop/sola/ris/hw1/ros2_ws/install/turtlesim/share/turtlesim/package.zsh'
[18.609s] Level 1:colcon.colcon_core.environment:create_file_with_runtime_dependencies(/home/masa/Desktop/sola/ris/hw1/ros2_ws/install/turtlesim/share/colcon-core/packages/turtlesim)
[18.609s] DEBUG:colcon.colcon_parallel_executor.executor.parallel:closing loop
[18.609s] DEBUG:colcon.colcon_parallel_executor.executor.parallel:loop closed
[18.609s] DEBUG:colcon.colcon_parallel_executor.executor.parallel:run_until_complete finished with '0'
[18.610s] DEBUG:colcon.colcon_core.event_reactor:joining thread
[18.614s] INFO:colcon.colcon_core.plugin_system:Skipping extension 'colcon_notification.desktop_notification.terminal_notifier': Not used on non-Darwin systems
[18.614s] INFO:colcon.colcon_core.plugin_system:Skipping extension 'colcon_notification.desktop_notification.win32': Not used on non-Windows systems
[18.614s] INFO:colcon.colcon_notification.desktop_notification:Sending desktop notification using 'notify2'
[18.625s] DEBUG:colcon.colcon_core.event_reactor:joined thread
[18.625s] INFO:colcon.colcon_core.shell:Creating prefix script '/home/masa/Desktop/sola/ris/hw1/ros2_ws/install/local_setup.ps1'
[18.626s] INFO:colcon.colcon_core.shell:Creating prefix util module '/home/masa/Desktop/sola/ris/hw1/ros2_ws/install/_local_setup_util_ps1.py'
[18.628s] INFO:colcon.colcon_core.shell:Creating prefix chain script '/home/masa/Desktop/sola/ris/hw1/ros2_ws/install/setup.ps1'
[18.628s] INFO:colcon.colcon_core.shell:Creating prefix script '/home/masa/Desktop/sola/ris/hw1/ros2_ws/install/local_setup.sh'
[18.629s] INFO:colcon.colcon_core.shell:Creating prefix util module '/home/masa/Desktop/sola/ris/hw1/ros2_ws/install/_local_setup_util_sh.py'
[18.629s] INFO:colcon.colcon_core.shell:Creating prefix chain script '/home/masa/Desktop/sola/ris/hw1/ros2_ws/install/setup.sh'
[18.630s] INFO:colcon.colcon_core.shell:Creating prefix script '/home/masa/Desktop/sola/ris/hw1/ros2_ws/install/local_setup.bash'
[18.630s] INFO:colcon.colcon_core.shell:Creating prefix chain script '/home/masa/Desktop/sola/ris/hw1/ros2_ws/install/setup.bash'
[18.631s] INFO:colcon.colcon_core.shell:Creating prefix script '/home/masa/Desktop/sola/ris/hw1/ros2_ws/install/local_setup.zsh'
[18.631s] INFO:colcon.colcon_core.shell:Creating prefix chain script '/home/masa/Desktop/sola/ris/hw1/ros2_ws/install/setup.zsh'
