[0.663s] Invoking command in '/home/masa/Desktop/sola/ris/hw1/ros2_ws/src/py_srvcli': PYTHONPATH=/home/masa/Desktop/sola/ris/hw1/ros2_ws/build/py_srvcli/prefix_override:/usr/lib/python3/dist-packages/colcon_core/task/python/colcon_distutils_commands:/home/masa/Desktop/sola/ris/hw1/ros2_ws/install/py_srvcli/lib/python3.10/site-packages:${PYTHONPATH} /usr/bin/python3 -W ignore:setup.py install is deprecated -W ignore:easy_install command is deprecated setup.py egg_info --egg-base ../../build/py_srvcli build --build-base /home/masa/Desktop/sola/ris/hw1/ros2_ws/build/py_srvcli/build install --record /home/masa/Desktop/sola/ris/hw1/ros2_ws/build/py_srvcli/install.log --single-version-externally-managed install_data
[0.846s] running egg_info
[0.846s] writing ../../build/py_srvcli/py_srvcli.egg-info/PKG-INFO
[0.846s] writing dependency_links to ../../build/py_srvcli/py_srvcli.egg-info/dependency_links.txt
[0.846s] writing entry points to ../../build/py_srvcli/py_srvcli.egg-info/entry_points.txt
[0.847s] writing requirements to ../../build/py_srvcli/py_srvcli.egg-info/requires.txt
[0.847s] writing top-level names to ../../build/py_srvcli/py_srvcli.egg-info/top_level.txt
[0.848s] reading manifest file '../../build/py_srvcli/py_srvcli.egg-info/SOURCES.txt'
[0.848s] adding license file 'LICENSE'
[0.848s] writing manifest file '../../build/py_srvcli/py_srvcli.egg-info/SOURCES.txt'
[0.848s] running build
[0.849s] running build_py
[0.849s] copying py_srvcli/client_member_function.py -> /home/masa/Desktop/sola/ris/hw1/ros2_ws/build/py_srvcli/build/lib/py_srvcli
[0.849s] running install
[0.849s] running install_lib
[0.850s] copying /home/masa/Desktop/sola/ris/hw1/ros2_ws/build/py_srvcli/build/lib/py_srvcli/client_member_function.py -> /home/masa/Desktop/sola/ris/hw1/ros2_ws/install/py_srvcli/lib/python3.10/site-packages/py_srvcli
[0.850s] byte-compiling /home/masa/Desktop/sola/ris/hw1/ros2_ws/install/py_srvcli/lib/python3.10/site-packages/py_srvcli/client_member_function.py to client_member_function.cpython-310.pyc
[0.851s] running install_data
[0.852s] running install_egg_info
[0.855s] removing '/home/masa/Desktop/sola/ris/hw1/ros2_ws/install/py_srvcli/lib/python3.10/site-packages/py_srvcli-0.0.0-py3.10.egg-info' (and everything under it)
[0.855s] Copying ../../build/py_srvcli/py_srvcli.egg-info to /home/masa/Desktop/sola/ris/hw1/ros2_ws/install/py_srvcli/lib/python3.10/site-packages/py_srvcli-0.0.0-py3.10.egg-info
[0.855s] running install_scripts
[0.869s] Installing client script to /home/masa/Desktop/sola/ris/hw1/ros2_ws/install/py_srvcli/lib/py_srvcli
[0.869s] Installing service script to /home/masa/Desktop/sola/ris/hw1/ros2_ws/install/py_srvcli/lib/py_srvcli
[0.870s] writing list of installed files to '/home/masa/Desktop/sola/ris/hw1/ros2_ws/build/py_srvcli/install.log'
[0.889s] Invoked command in '/home/masa/Desktop/sola/ris/hw1/ros2_ws/src/py_srvcli' returned '0': PYTHONPATH=/home/masa/Desktop/sola/ris/hw1/ros2_ws/build/py_srvcli/prefix_override:/usr/lib/python3/dist-packages/colcon_core/task/python/colcon_distutils_commands:/home/masa/Desktop/sola/ris/hw1/ros2_ws/install/py_srvcli/lib/python3.10/site-packages:${PYTHONPATH} /usr/bin/python3 -W ignore:setup.py install is deprecated -W ignore:easy_install command is deprecated setup.py egg_info --egg-base ../../build/py_srvcli build --build-base /home/masa/Desktop/sola/ris/hw1/ros2_ws/build/py_srvcli/build install --record /home/masa/Desktop/sola/ris/hw1/ros2_ws/build/py_srvcli/install.log --single-version-externally-managed install_data
