[0.366s] Invoking command in '/home/masa/Desktop/sola/ris/hw1/ros2_ws/build/tutorial_interfaces': CMAKE_PREFIX_PATH=${CMAKE_PREFIX_PATH}:/home/masa/Desktop/sola/ris/hw1/ros2_ws/install/py_srvcli:/home/masa/Desktop/sola/ris/hw1/ros2_ws/install/my_package:/opt/ros/humble /usr/bin/cmake --build /home/masa/Desktop/sola/ris/hw1/ros2_ws/build/tutorial_interfaces -- -j12 -l12
[0.399s] [35m[1mConsolidate compiler generated dependencies of target tutorial_interfaces__rosidl_generator_c[0m
[0.415s] [  2%] Built target tutorial_interfaces__cpp
[0.415s] [ 12%] Built target tutorial_interfaces__rosidl_generator_c
[0.425s] [ 12%] Built target ament_cmake_python_copy_tutorial_interfaces
[0.428s] [35m[1mConsolidate compiler generated dependencies of target tutorial_interfaces__rosidl_typesupport_cpp[0m
[0.438s] [35m[1mConsolidate compiler generated dependencies of target tutorial_interfaces__rosidl_typesupport_introspection_c[0m
[0.438s] [35m[1mConsolidate compiler generated dependencies of target tutorial_interfaces__rosidl_typesupport_fastrtps_cpp[0m
[0.445s] [35m[1mConsolidate compiler generated dependencies of target tutorial_interfaces__rosidl_typesupport_c[0m
[0.451s] [35m[1mConsolidate compiler generated dependencies of target tutorial_interfaces__rosidl_typesupport_fastrtps_c[0m
[0.452s] [35m[1mConsolidate compiler generated dependencies of target tutorial_interfaces__rosidl_typesupport_introspection_cpp[0m
[0.459s] [ 23%] Built target tutorial_interfaces__rosidl_typesupport_cpp
[0.463s] [ 34%] Built target tutorial_interfaces__rosidl_typesupport_introspection_c
[0.480s] [ 44%] Built target tutorial_interfaces__rosidl_typesupport_introspection_cpp
[0.482s] [ 55%] Built target tutorial_interfaces__rosidl_typesupport_fastrtps_cpp
[0.485s] [ 65%] Built target tutorial_interfaces__rosidl_typesupport_fastrtps_c
[0.493s] [ 76%] Built target tutorial_interfaces__rosidl_typesupport_c
[0.518s] [ 76%] Built target tutorial_interfaces
[0.540s] [ 78%] Built target tutorial_interfaces__py
[0.557s] [35m[1mConsolidate compiler generated dependencies of target tutorial_interfaces__rosidl_generator_py[0m
[0.577s] [ 87%] Built target tutorial_interfaces__rosidl_generator_py
[0.589s] [35m[1mConsolidate compiler generated dependencies of target tutorial_interfaces__rosidl_typesupport_fastrtps_c__pyext[0m
[0.590s] [35m[1mConsolidate compiler generated dependencies of target tutorial_interfaces__rosidl_typesupport_c__pyext[0m
[0.590s] [35m[1mConsolidate compiler generated dependencies of target tutorial_interfaces__rosidl_typesupport_introspection_c__pyext[0m
[0.606s] [ 91%] Built target tutorial_interfaces__rosidl_typesupport_c__pyext
[0.607s] [100%] Built target tutorial_interfaces__rosidl_typesupport_fastrtps_c__pyext
[0.607s] [100%] Built target tutorial_interfaces__rosidl_typesupport_introspection_c__pyext
[0.659s] running egg_info
[0.659s] writing tutorial_interfaces.egg-info/PKG-INFO
[0.659s] writing dependency_links to tutorial_interfaces.egg-info/dependency_links.txt
[0.660s] writing top-level names to tutorial_interfaces.egg-info/top_level.txt
[0.660s] reading manifest file 'tutorial_interfaces.egg-info/SOURCES.txt'
[0.660s] writing manifest file 'tutorial_interfaces.egg-info/SOURCES.txt'
[0.680s] [100%] Built target ament_cmake_python_build_tutorial_interfaces_egg
[0.691s] Invoked command in '/home/masa/Desktop/sola/ris/hw1/ros2_ws/build/tutorial_interfaces' returned '0': CMAKE_PREFIX_PATH=${CMAKE_PREFIX_PATH}:/home/masa/Desktop/sola/ris/hw1/ros2_ws/install/py_srvcli:/home/masa/Desktop/sola/ris/hw1/ros2_ws/install/my_package:/opt/ros/humble /usr/bin/cmake --build /home/masa/Desktop/sola/ris/hw1/ros2_ws/build/tutorial_interfaces -- -j12 -l12
[0.693s] Invoking command in '/home/masa/Desktop/sola/ris/hw1/ros2_ws/build/tutorial_interfaces': CMAKE_PREFIX_PATH=${CMAKE_PREFIX_PATH}:/home/masa/Desktop/sola/ris/hw1/ros2_ws/install/py_srvcli:/home/masa/Desktop/sola/ris/hw1/ros2_ws/install/my_package:/opt/ros/humble /usr/bin/cmake --install /home/masa/Desktop/sola/ris/hw1/ros2_ws/build/tutorial_interfaces
[0.700s] -- Install configuration: ""
[0.700s] -- Up-to-date: /home/masa/Desktop/sola/ris/hw1/ros2_ws/install/tutorial_interfaces/share/ament_index/resource_index/rosidl_interfaces/tutorial_interfaces
[0.700s] -- Up-to-date: /home/masa/Desktop/sola/ris/hw1/ros2_ws/install/tutorial_interfaces/include/tutorial_interfaces/tutorial_interfaces
[0.700s] -- Up-to-date: /home/masa/Desktop/sola/ris/hw1/ros2_ws/install/tutorial_interfaces/include/tutorial_interfaces/tutorial_interfaces/srv
[0.701s] -- Up-to-date: /home/masa/Desktop/sola/ris/hw1/ros2_ws/install/tutorial_interfaces/include/tutorial_interfaces/tutorial_interfaces/srv/add_three_ints.h
[0.701s] -- Up-to-date: /home/masa/Desktop/sola/ris/hw1/ros2_ws/install/tutorial_interfaces/include/tutorial_interfaces/tutorial_interfaces/srv/detail
[0.701s] -- Up-to-date: /home/masa/Desktop/sola/ris/hw1/ros2_ws/install/tutorial_interfaces/include/tutorial_interfaces/tutorial_interfaces/srv/detail/add_three_ints__functions.h
[0.701s] -- Up-to-date: /home/masa/Desktop/sola/ris/hw1/ros2_ws/install/tutorial_interfaces/include/tutorial_interfaces/tutorial_interfaces/srv/detail/add_three_ints__functions.c
[0.701s] -- Up-to-date: /home/masa/Desktop/sola/ris/hw1/ros2_ws/install/tutorial_interfaces/include/tutorial_interfaces/tutorial_interfaces/srv/detail/add_three_ints__struct.h
[0.701s] -- Up-to-date: /home/masa/Desktop/sola/ris/hw1/ros2_ws/install/tutorial_interfaces/include/tutorial_interfaces/tutorial_interfaces/srv/detail/add_three_ints__type_support.h
[0.701s] -- Up-to-date: /home/masa/Desktop/sola/ris/hw1/ros2_ws/install/tutorial_interfaces/include/tutorial_interfaces/tutorial_interfaces/msg
[0.701s] -- Up-to-date: /home/masa/Desktop/sola/ris/hw1/ros2_ws/install/tutorial_interfaces/include/tutorial_interfaces/tutorial_interfaces/msg/num.h
[0.702s] -- Up-to-date: /home/masa/Desktop/sola/ris/hw1/ros2_ws/install/tutorial_interfaces/include/tutorial_interfaces/tutorial_interfaces/msg/sphere.h
[0.702s] -- Up-to-date: /home/masa/Desktop/sola/ris/hw1/ros2_ws/install/tutorial_interfaces/include/tutorial_interfaces/tutorial_interfaces/msg/rosidl_generator_c__visibility_control.h
[0.702s] -- Up-to-date: /home/masa/Desktop/sola/ris/hw1/ros2_ws/install/tutorial_interfaces/include/tutorial_interfaces/tutorial_interfaces/msg/detail
[0.702s] -- Up-to-date: /home/masa/Desktop/sola/ris/hw1/ros2_ws/install/tutorial_interfaces/include/tutorial_interfaces/tutorial_interfaces/msg/detail/sphere__functions.c
[0.702s] -- Up-to-date: /home/masa/Desktop/sola/ris/hw1/ros2_ws/install/tutorial_interfaces/include/tutorial_interfaces/tutorial_interfaces/msg/detail/sphere__type_support.h
[0.702s] -- Up-to-date: /home/masa/Desktop/sola/ris/hw1/ros2_ws/install/tutorial_interfaces/include/tutorial_interfaces/tutorial_interfaces/msg/detail/num__struct.h
[0.703s] -- Up-to-date: /home/masa/Desktop/sola/ris/hw1/ros2_ws/install/tutorial_interfaces/include/tutorial_interfaces/tutorial_interfaces/msg/detail/sphere__functions.h
[0.703s] -- Up-to-date: /home/masa/Desktop/sola/ris/hw1/ros2_ws/install/tutorial_interfaces/include/tutorial_interfaces/tutorial_interfaces/msg/detail/num__type_support.h
[0.703s] -- Up-to-date: /home/masa/Desktop/sola/ris/hw1/ros2_ws/install/tutorial_interfaces/include/tutorial_interfaces/tutorial_interfaces/msg/detail/sphere__struct.h
[0.703s] -- Up-to-date: /home/masa/Desktop/sola/ris/hw1/ros2_ws/install/tutorial_interfaces/include/tutorial_interfaces/tutorial_interfaces/msg/detail/num__functions.c
[0.703s] -- Up-to-date: /home/masa/Desktop/sola/ris/hw1/ros2_ws/install/tutorial_interfaces/include/tutorial_interfaces/tutorial_interfaces/msg/detail/num__functions.h
[0.703s] -- Up-to-date: /home/masa/Desktop/sola/ris/hw1/ros2_ws/install/tutorial_interfaces/share/tutorial_interfaces/environment/library_path.sh
[0.703s] -- Up-to-date: /home/masa/Desktop/sola/ris/hw1/ros2_ws/install/tutorial_interfaces/share/tutorial_interfaces/environment/library_path.dsv
[0.703s] -- Up-to-date: /home/masa/Desktop/sola/ris/hw1/ros2_ws/install/tutorial_interfaces/lib/libtutorial_interfaces__rosidl_generator_c.so
[0.703s] -- Up-to-date: /home/masa/Desktop/sola/ris/hw1/ros2_ws/install/tutorial_interfaces/include/tutorial_interfaces/tutorial_interfaces
[0.704s] -- Up-to-date: /home/masa/Desktop/sola/ris/hw1/ros2_ws/install/tutorial_interfaces/include/tutorial_interfaces/tutorial_interfaces/srv
[0.704s] -- Up-to-date: /home/masa/Desktop/sola/ris/hw1/ros2_ws/install/tutorial_interfaces/include/tutorial_interfaces/tutorial_interfaces/srv/detail
[0.704s] -- Up-to-date: /home/masa/Desktop/sola/ris/hw1/ros2_ws/install/tutorial_interfaces/include/tutorial_interfaces/tutorial_interfaces/srv/detail/add_three_ints__rosidl_typesupport_fastrtps_c.h
[0.704s] -- Up-to-date: /home/masa/Desktop/sola/ris/hw1/ros2_ws/install/tutorial_interfaces/include/tutorial_interfaces/tutorial_interfaces/msg
[0.704s] -- Up-to-date: /home/masa/Desktop/sola/ris/hw1/ros2_ws/install/tutorial_interfaces/include/tutorial_interfaces/tutorial_interfaces/msg/detail
[0.704s] -- Up-to-date: /home/masa/Desktop/sola/ris/hw1/ros2_ws/install/tutorial_interfaces/include/tutorial_interfaces/tutorial_interfaces/msg/detail/num__rosidl_typesupport_fastrtps_c.h
[0.704s] -- Up-to-date: /home/masa/Desktop/sola/ris/hw1/ros2_ws/install/tutorial_interfaces/include/tutorial_interfaces/tutorial_interfaces/msg/detail/sphere__rosidl_typesupport_fastrtps_c.h
[0.704s] -- Up-to-date: /home/masa/Desktop/sola/ris/hw1/ros2_ws/install/tutorial_interfaces/include/tutorial_interfaces/tutorial_interfaces/msg/rosidl_typesupport_fastrtps_c__visibility_control.h
[0.705s] -- Up-to-date: /home/masa/Desktop/sola/ris/hw1/ros2_ws/install/tutorial_interfaces/lib/libtutorial_interfaces__rosidl_typesupport_fastrtps_c.so
[0.705s] -- Up-to-date: /home/masa/Desktop/sola/ris/hw1/ros2_ws/install/tutorial_interfaces/include/tutorial_interfaces/tutorial_interfaces
[0.705s] -- Up-to-date: /home/masa/Desktop/sola/ris/hw1/ros2_ws/install/tutorial_interfaces/include/tutorial_interfaces/tutorial_interfaces/srv
[0.705s] -- Up-to-date: /home/masa/Desktop/sola/ris/hw1/ros2_ws/install/tutorial_interfaces/include/tutorial_interfaces/tutorial_interfaces/srv/add_three_ints.hpp
[0.705s] -- Up-to-date: /home/masa/Desktop/sola/ris/hw1/ros2_ws/install/tutorial_interfaces/include/tutorial_interfaces/tutorial_interfaces/srv/detail
[0.705s] -- Up-to-date: /home/masa/Desktop/sola/ris/hw1/ros2_ws/install/tutorial_interfaces/include/tutorial_interfaces/tutorial_interfaces/srv/detail/add_three_ints__type_support.hpp
[0.705s] -- Up-to-date: /home/masa/Desktop/sola/ris/hw1/ros2_ws/install/tutorial_interfaces/include/tutorial_interfaces/tutorial_interfaces/srv/detail/add_three_ints__struct.hpp
[0.705s] -- Up-to-date: /home/masa/Desktop/sola/ris/hw1/ros2_ws/install/tutorial_interfaces/include/tutorial_interfaces/tutorial_interfaces/srv/detail/add_three_ints__traits.hpp
[0.705s] -- Up-to-date: /home/masa/Desktop/sola/ris/hw1/ros2_ws/install/tutorial_interfaces/include/tutorial_interfaces/tutorial_interfaces/srv/detail/add_three_ints__builder.hpp
[0.705s] -- Up-to-date: /home/masa/Desktop/sola/ris/hw1/ros2_ws/install/tutorial_interfaces/include/tutorial_interfaces/tutorial_interfaces/msg
[0.706s] -- Up-to-date: /home/masa/Desktop/sola/ris/hw1/ros2_ws/install/tutorial_interfaces/include/tutorial_interfaces/tutorial_interfaces/msg/num.hpp
[0.706s] -- Up-to-date: /home/masa/Desktop/sola/ris/hw1/ros2_ws/install/tutorial_interfaces/include/tutorial_interfaces/tutorial_interfaces/msg/detail
[0.706s] -- Up-to-date: /home/masa/Desktop/sola/ris/hw1/ros2_ws/install/tutorial_interfaces/include/tutorial_interfaces/tutorial_interfaces/msg/detail/num__traits.hpp
[0.706s] -- Up-to-date: /home/masa/Desktop/sola/ris/hw1/ros2_ws/install/tutorial_interfaces/include/tutorial_interfaces/tutorial_interfaces/msg/detail/num__struct.hpp
[0.706s] -- Up-to-date: /home/masa/Desktop/sola/ris/hw1/ros2_ws/install/tutorial_interfaces/include/tutorial_interfaces/tutorial_interfaces/msg/detail/sphere__type_support.hpp
[0.706s] -- Up-to-date: /home/masa/Desktop/sola/ris/hw1/ros2_ws/install/tutorial_interfaces/include/tutorial_interfaces/tutorial_interfaces/msg/detail/num__builder.hpp
[0.706s] -- Up-to-date: /home/masa/Desktop/sola/ris/hw1/ros2_ws/install/tutorial_interfaces/include/tutorial_interfaces/tutorial_interfaces/msg/detail/num__type_support.hpp
[0.706s] -- Up-to-date: /home/masa/Desktop/sola/ris/hw1/ros2_ws/install/tutorial_interfaces/include/tutorial_interfaces/tutorial_interfaces/msg/detail/sphere__builder.hpp
[0.706s] -- Up-to-date: /home/masa/Desktop/sola/ris/hw1/ros2_ws/install/tutorial_interfaces/include/tutorial_interfaces/tutorial_interfaces/msg/detail/sphere__traits.hpp
[0.706s] -- Up-to-date: /home/masa/Desktop/sola/ris/hw1/ros2_ws/install/tutorial_interfaces/include/tutorial_interfaces/tutorial_interfaces/msg/detail/sphere__struct.hpp
[0.707s] -- Up-to-date: /home/masa/Desktop/sola/ris/hw1/ros2_ws/install/tutorial_interfaces/include/tutorial_interfaces/tutorial_interfaces/msg/sphere.hpp
[0.707s] -- Up-to-date: /home/masa/Desktop/sola/ris/hw1/ros2_ws/install/tutorial_interfaces/include/tutorial_interfaces/tutorial_interfaces/msg/rosidl_generator_cpp__visibility_control.hpp
[0.707s] -- Up-to-date: /home/masa/Desktop/sola/ris/hw1/ros2_ws/install/tutorial_interfaces/include/tutorial_interfaces/tutorial_interfaces
[0.707s] -- Up-to-date: /home/masa/Desktop/sola/ris/hw1/ros2_ws/install/tutorial_interfaces/include/tutorial_interfaces/tutorial_interfaces/srv
[0.707s] -- Up-to-date: /home/masa/Desktop/sola/ris/hw1/ros2_ws/install/tutorial_interfaces/include/tutorial_interfaces/tutorial_interfaces/srv/detail
[0.707s] -- Up-to-date: /home/masa/Desktop/sola/ris/hw1/ros2_ws/install/tutorial_interfaces/include/tutorial_interfaces/tutorial_interfaces/srv/detail/dds_fastrtps
[0.707s] -- Up-to-date: /home/masa/Desktop/sola/ris/hw1/ros2_ws/install/tutorial_interfaces/include/tutorial_interfaces/tutorial_interfaces/srv/detail/add_three_ints__rosidl_typesupport_fastrtps_cpp.hpp
[0.707s] -- Up-to-date: /home/masa/Desktop/sola/ris/hw1/ros2_ws/install/tutorial_interfaces/include/tutorial_interfaces/tutorial_interfaces/msg
[0.707s] -- Up-to-date: /home/masa/Desktop/sola/ris/hw1/ros2_ws/install/tutorial_interfaces/include/tutorial_interfaces/tutorial_interfaces/msg/rosidl_typesupport_fastrtps_cpp__visibility_control.h
[0.707s] -- Up-to-date: /home/masa/Desktop/sola/ris/hw1/ros2_ws/install/tutorial_interfaces/include/tutorial_interfaces/tutorial_interfaces/msg/detail
[0.707s] -- Up-to-date: /home/masa/Desktop/sola/ris/hw1/ros2_ws/install/tutorial_interfaces/include/tutorial_interfaces/tutorial_interfaces/msg/detail/sphere__rosidl_typesupport_fastrtps_cpp.hpp
[0.707s] -- Up-to-date: /home/masa/Desktop/sola/ris/hw1/ros2_ws/install/tutorial_interfaces/include/tutorial_interfaces/tutorial_interfaces/msg/detail/num__rosidl_typesupport_fastrtps_cpp.hpp
[0.708s] -- Up-to-date: /home/masa/Desktop/sola/ris/hw1/ros2_ws/install/tutorial_interfaces/include/tutorial_interfaces/tutorial_interfaces/msg/detail/dds_fastrtps
[0.708s] -- Up-to-date: /home/masa/Desktop/sola/ris/hw1/ros2_ws/install/tutorial_interfaces/lib/libtutorial_interfaces__rosidl_typesupport_fastrtps_cpp.so
[0.708s] -- Up-to-date: /home/masa/Desktop/sola/ris/hw1/ros2_ws/install/tutorial_interfaces/include/tutorial_interfaces/tutorial_interfaces
[0.708s] -- Up-to-date: /home/masa/Desktop/sola/ris/hw1/ros2_ws/install/tutorial_interfaces/include/tutorial_interfaces/tutorial_interfaces/srv
[0.708s] -- Up-to-date: /home/masa/Desktop/sola/ris/hw1/ros2_ws/install/tutorial_interfaces/include/tutorial_interfaces/tutorial_interfaces/srv/detail
[0.708s] -- Up-to-date: /home/masa/Desktop/sola/ris/hw1/ros2_ws/install/tutorial_interfaces/include/tutorial_interfaces/tutorial_interfaces/srv/detail/add_three_ints__rosidl_typesupport_introspection_c.h
[0.708s] -- Up-to-date: /home/masa/Desktop/sola/ris/hw1/ros2_ws/install/tutorial_interfaces/include/tutorial_interfaces/tutorial_interfaces/srv/detail/add_three_ints__type_support.c
[0.708s] -- Up-to-date: /home/masa/Desktop/sola/ris/hw1/ros2_ws/install/tutorial_interfaces/include/tutorial_interfaces/tutorial_interfaces/msg
[0.708s] -- Up-to-date: /home/masa/Desktop/sola/ris/hw1/ros2_ws/install/tutorial_interfaces/include/tutorial_interfaces/tutorial_interfaces/msg/rosidl_typesupport_introspection_c__visibility_control.h
[0.708s] -- Up-to-date: /home/masa/Desktop/sola/ris/hw1/ros2_ws/install/tutorial_interfaces/include/tutorial_interfaces/tutorial_interfaces/msg/detail
[0.708s] -- Up-to-date: /home/masa/Desktop/sola/ris/hw1/ros2_ws/install/tutorial_interfaces/include/tutorial_interfaces/tutorial_interfaces/msg/detail/sphere__type_support.c
[0.708s] -- Up-to-date: /home/masa/Desktop/sola/ris/hw1/ros2_ws/install/tutorial_interfaces/include/tutorial_interfaces/tutorial_interfaces/msg/detail/num__rosidl_typesupport_introspection_c.h
[0.709s] -- Up-to-date: /home/masa/Desktop/sola/ris/hw1/ros2_ws/install/tutorial_interfaces/include/tutorial_interfaces/tutorial_interfaces/msg/detail/sphere__rosidl_typesupport_introspection_c.h
[0.709s] -- Up-to-date: /home/masa/Desktop/sola/ris/hw1/ros2_ws/install/tutorial_interfaces/include/tutorial_interfaces/tutorial_interfaces/msg/detail/num__type_support.c
[0.709s] -- Up-to-date: /home/masa/Desktop/sola/ris/hw1/ros2_ws/install/tutorial_interfaces/lib/libtutorial_interfaces__rosidl_typesupport_introspection_c.so
[0.709s] -- Up-to-date: /home/masa/Desktop/sola/ris/hw1/ros2_ws/install/tutorial_interfaces/lib/libtutorial_interfaces__rosidl_typesupport_c.so
[0.709s] -- Up-to-date: /home/masa/Desktop/sola/ris/hw1/ros2_ws/install/tutorial_interfaces/include/tutorial_interfaces/tutorial_interfaces
[0.709s] -- Up-to-date: /home/masa/Desktop/sola/ris/hw1/ros2_ws/install/tutorial_interfaces/include/tutorial_interfaces/tutorial_interfaces/srv
[0.709s] -- Up-to-date: /home/masa/Desktop/sola/ris/hw1/ros2_ws/install/tutorial_interfaces/include/tutorial_interfaces/tutorial_interfaces/srv/detail
[0.709s] -- Up-to-date: /home/masa/Desktop/sola/ris/hw1/ros2_ws/install/tutorial_interfaces/include/tutorial_interfaces/tutorial_interfaces/srv/detail/add_three_ints__rosidl_typesupport_introspection_cpp.hpp
[0.709s] -- Up-to-date: /home/masa/Desktop/sola/ris/hw1/ros2_ws/install/tutorial_interfaces/include/tutorial_interfaces/tutorial_interfaces/srv/detail/add_three_ints__type_support.cpp
[0.709s] -- Up-to-date: /home/masa/Desktop/sola/ris/hw1/ros2_ws/install/tutorial_interfaces/include/tutorial_interfaces/tutorial_interfaces/msg
[0.709s] -- Up-to-date: /home/masa/Desktop/sola/ris/hw1/ros2_ws/install/tutorial_interfaces/include/tutorial_interfaces/tutorial_interfaces/msg/detail
[0.709s] -- Up-to-date: /home/masa/Desktop/sola/ris/hw1/ros2_ws/install/tutorial_interfaces/include/tutorial_interfaces/tutorial_interfaces/msg/detail/sphere__rosidl_typesupport_introspection_cpp.hpp
[0.710s] -- Up-to-date: /home/masa/Desktop/sola/ris/hw1/ros2_ws/install/tutorial_interfaces/include/tutorial_interfaces/tutorial_interfaces/msg/detail/sphere__type_support.cpp
[0.710s] -- Up-to-date: /home/masa/Desktop/sola/ris/hw1/ros2_ws/install/tutorial_interfaces/include/tutorial_interfaces/tutorial_interfaces/msg/detail/num__type_support.cpp
[0.710s] -- Up-to-date: /home/masa/Desktop/sola/ris/hw1/ros2_ws/install/tutorial_interfaces/include/tutorial_interfaces/tutorial_interfaces/msg/detail/num__rosidl_typesupport_introspection_cpp.hpp
[0.710s] -- Up-to-date: /home/masa/Desktop/sola/ris/hw1/ros2_ws/install/tutorial_interfaces/lib/libtutorial_interfaces__rosidl_typesupport_introspection_cpp.so
[0.710s] -- Up-to-date: /home/masa/Desktop/sola/ris/hw1/ros2_ws/install/tutorial_interfaces/lib/libtutorial_interfaces__rosidl_typesupport_cpp.so
[0.710s] -- Up-to-date: /home/masa/Desktop/sola/ris/hw1/ros2_ws/install/tutorial_interfaces/share/tutorial_interfaces/environment/pythonpath.sh
[0.710s] -- Up-to-date: /home/masa/Desktop/sola/ris/hw1/ros2_ws/install/tutorial_interfaces/share/tutorial_interfaces/environment/pythonpath.dsv
[0.710s] -- Up-to-date: /home/masa/Desktop/sola/ris/hw1/ros2_ws/install/tutorial_interfaces/local/lib/python3.10/dist-packages/tutorial_interfaces-0.0.0-py3.10.egg-info
[0.710s] -- Installing: /home/masa/Desktop/sola/ris/hw1/ros2_ws/install/tutorial_interfaces/local/lib/python3.10/dist-packages/tutorial_interfaces-0.0.0-py3.10.egg-info/dependency_links.txt
[0.710s] -- Installing: /home/masa/Desktop/sola/ris/hw1/ros2_ws/install/tutorial_interfaces/local/lib/python3.10/dist-packages/tutorial_interfaces-0.0.0-py3.10.egg-info/SOURCES.txt
[0.710s] -- Installing: /home/masa/Desktop/sola/ris/hw1/ros2_ws/install/tutorial_interfaces/local/lib/python3.10/dist-packages/tutorial_interfaces-0.0.0-py3.10.egg-info/PKG-INFO
[0.711s] -- Installing: /home/masa/Desktop/sola/ris/hw1/ros2_ws/install/tutorial_interfaces/local/lib/python3.10/dist-packages/tutorial_interfaces-0.0.0-py3.10.egg-info/top_level.txt
[0.711s] -- Up-to-date: /home/masa/Desktop/sola/ris/hw1/ros2_ws/install/tutorial_interfaces/local/lib/python3.10/dist-packages/tutorial_interfaces
[0.711s] -- Up-to-date: /home/masa/Desktop/sola/ris/hw1/ros2_ws/install/tutorial_interfaces/local/lib/python3.10/dist-packages/tutorial_interfaces/__init__.py
[0.711s] -- Up-to-date: /home/masa/Desktop/sola/ris/hw1/ros2_ws/install/tutorial_interfaces/local/lib/python3.10/dist-packages/tutorial_interfaces/libtutorial_interfaces__rosidl_generator_py.so
[0.711s] -- Up-to-date: /home/masa/Desktop/sola/ris/hw1/ros2_ws/install/tutorial_interfaces/local/lib/python3.10/dist-packages/tutorial_interfaces/tutorial_interfaces_s__rosidl_typesupport_c.cpython-310-x86_64-linux-gnu.so
[0.711s] -- Up-to-date: /home/masa/Desktop/sola/ris/hw1/ros2_ws/install/tutorial_interfaces/local/lib/python3.10/dist-packages/tutorial_interfaces/tutorial_interfaces_s__rosidl_typesupport_fastrtps_c.cpython-310-x86_64-linux-gnu.so
[0.711s] -- Up-to-date: /home/masa/Desktop/sola/ris/hw1/ros2_ws/install/tutorial_interfaces/local/lib/python3.10/dist-packages/tutorial_interfaces/srv
[0.711s] -- Up-to-date: /home/masa/Desktop/sola/ris/hw1/ros2_ws/install/tutorial_interfaces/local/lib/python3.10/dist-packages/tutorial_interfaces/srv/__init__.py
[0.711s] -- Up-to-date: /home/masa/Desktop/sola/ris/hw1/ros2_ws/install/tutorial_interfaces/local/lib/python3.10/dist-packages/tutorial_interfaces/srv/_add_three_ints_s.c
[0.711s] -- Up-to-date: /home/masa/Desktop/sola/ris/hw1/ros2_ws/install/tutorial_interfaces/local/lib/python3.10/dist-packages/tutorial_interfaces/srv/_add_three_ints.py
[0.711s] -- Up-to-date: /home/masa/Desktop/sola/ris/hw1/ros2_ws/install/tutorial_interfaces/local/lib/python3.10/dist-packages/tutorial_interfaces/_tutorial_interfaces_s.ep.rosidl_typesupport_fastrtps_c.c
[0.711s] -- Up-to-date: /home/masa/Desktop/sola/ris/hw1/ros2_ws/install/tutorial_interfaces/local/lib/python3.10/dist-packages/tutorial_interfaces/msg
[0.712s] -- Up-to-date: /home/masa/Desktop/sola/ris/hw1/ros2_ws/install/tutorial_interfaces/local/lib/python3.10/dist-packages/tutorial_interfaces/msg/__init__.py
[0.712s] -- Up-to-date: /home/masa/Desktop/sola/ris/hw1/ros2_ws/install/tutorial_interfaces/local/lib/python3.10/dist-packages/tutorial_interfaces/msg/_sphere.py
[0.712s] -- Up-to-date: /home/masa/Desktop/sola/ris/hw1/ros2_ws/install/tutorial_interfaces/local/lib/python3.10/dist-packages/tutorial_interfaces/msg/_sphere_s.c
[0.712s] -- Up-to-date: /home/masa/Desktop/sola/ris/hw1/ros2_ws/install/tutorial_interfaces/local/lib/python3.10/dist-packages/tutorial_interfaces/msg/_num.py
[0.712s] -- Up-to-date: /home/masa/Desktop/sola/ris/hw1/ros2_ws/install/tutorial_interfaces/local/lib/python3.10/dist-packages/tutorial_interfaces/msg/_num_s.c
[0.712s] -- Up-to-date: /home/masa/Desktop/sola/ris/hw1/ros2_ws/install/tutorial_interfaces/local/lib/python3.10/dist-packages/tutorial_interfaces/_tutorial_interfaces_s.ep.rosidl_typesupport_introspection_c.c
[0.712s] -- Up-to-date: /home/masa/Desktop/sola/ris/hw1/ros2_ws/install/tutorial_interfaces/local/lib/python3.10/dist-packages/tutorial_interfaces/tutorial_interfaces_s__rosidl_typesupport_introspection_c.cpython-310-x86_64-linux-gnu.so
[0.712s] -- Up-to-date: /home/masa/Desktop/sola/ris/hw1/ros2_ws/install/tutorial_interfaces/local/lib/python3.10/dist-packages/tutorial_interfaces/_tutorial_interfaces_s.ep.rosidl_typesupport_c.c
[0.739s] Listing '/home/masa/Desktop/sola/ris/hw1/ros2_ws/install/tutorial_interfaces/local/lib/python3.10/dist-packages/tutorial_interfaces'...
[0.739s] Listing '/home/masa/Desktop/sola/ris/hw1/ros2_ws/install/tutorial_interfaces/local/lib/python3.10/dist-packages/tutorial_interfaces/msg'...
[0.739s] Listing '/home/masa/Desktop/sola/ris/hw1/ros2_ws/install/tutorial_interfaces/local/lib/python3.10/dist-packages/tutorial_interfaces/srv'...
[0.745s] -- Up-to-date: /home/masa/Desktop/sola/ris/hw1/ros2_ws/install/tutorial_interfaces/local/lib/python3.10/dist-packages/tutorial_interfaces/tutorial_interfaces_s__rosidl_typesupport_fastrtps_c.cpython-310-x86_64-linux-gnu.so
[0.745s] -- Up-to-date: /home/masa/Desktop/sola/ris/hw1/ros2_ws/install/tutorial_interfaces/local/lib/python3.10/dist-packages/tutorial_interfaces/tutorial_interfaces_s__rosidl_typesupport_introspection_c.cpython-310-x86_64-linux-gnu.so
[0.745s] -- Up-to-date: /home/masa/Desktop/sola/ris/hw1/ros2_ws/install/tutorial_interfaces/local/lib/python3.10/dist-packages/tutorial_interfaces/tutorial_interfaces_s__rosidl_typesupport_c.cpython-310-x86_64-linux-gnu.so
[0.745s] -- Up-to-date: /home/masa/Desktop/sola/ris/hw1/ros2_ws/install/tutorial_interfaces/lib/libtutorial_interfaces__rosidl_generator_py.so
[0.745s] -- Up-to-date: /home/masa/Desktop/sola/ris/hw1/ros2_ws/install/tutorial_interfaces/share/tutorial_interfaces/msg/Num.idl
[0.746s] -- Up-to-date: /home/masa/Desktop/sola/ris/hw1/ros2_ws/install/tutorial_interfaces/share/tutorial_interfaces/msg/Sphere.idl
[0.746s] -- Up-to-date: /home/masa/Desktop/sola/ris/hw1/ros2_ws/install/tutorial_interfaces/share/tutorial_interfaces/srv/AddThreeInts.idl
[0.746s] -- Up-to-date: /home/masa/Desktop/sola/ris/hw1/ros2_ws/install/tutorial_interfaces/share/tutorial_interfaces/msg/Num.msg
[0.746s] -- Up-to-date: /home/masa/Desktop/sola/ris/hw1/ros2_ws/install/tutorial_interfaces/share/tutorial_interfaces/msg/Sphere.msg
[0.746s] -- Up-to-date: /home/masa/Desktop/sola/ris/hw1/ros2_ws/install/tutorial_interfaces/share/tutorial_interfaces/srv/AddThreeInts.srv
[0.746s] -- Up-to-date: /home/masa/Desktop/sola/ris/hw1/ros2_ws/install/tutorial_interfaces/share/tutorial_interfaces/srv/AddThreeInts_Request.msg
[0.747s] -- Up-to-date: /home/masa/Desktop/sola/ris/hw1/ros2_ws/install/tutorial_interfaces/share/tutorial_interfaces/srv/AddThreeInts_Response.msg
[0.747s] -- Up-to-date: /home/masa/Desktop/sola/ris/hw1/ros2_ws/install/tutorial_interfaces/share/ament_index/resource_index/package_run_dependencies/tutorial_interfaces
[0.747s] -- Up-to-date: /home/masa/Desktop/sola/ris/hw1/ros2_ws/install/tutorial_interfaces/share/ament_index/resource_index/parent_prefix_path/tutorial_interfaces
[0.747s] -- Up-to-date: /home/masa/Desktop/sola/ris/hw1/ros2_ws/install/tutorial_interfaces/share/tutorial_interfaces/environment/ament_prefix_path.sh
[0.747s] -- Up-to-date: /home/masa/Desktop/sola/ris/hw1/ros2_ws/install/tutorial_interfaces/share/tutorial_interfaces/environment/ament_prefix_path.dsv
[0.747s] -- Up-to-date: /home/masa/Desktop/sola/ris/hw1/ros2_ws/install/tutorial_interfaces/share/tutorial_interfaces/environment/path.sh
[0.747s] -- Up-to-date: /home/masa/Desktop/sola/ris/hw1/ros2_ws/install/tutorial_interfaces/share/tutorial_interfaces/environment/path.dsv
[0.747s] -- Up-to-date: /home/masa/Desktop/sola/ris/hw1/ros2_ws/install/tutorial_interfaces/share/tutorial_interfaces/local_setup.bash
[0.747s] -- Up-to-date: /home/masa/Desktop/sola/ris/hw1/ros2_ws/install/tutorial_interfaces/share/tutorial_interfaces/local_setup.sh
[0.748s] -- Up-to-date: /home/masa/Desktop/sola/ris/hw1/ros2_ws/install/tutorial_interfaces/share/tutorial_interfaces/local_setup.zsh
[0.748s] -- Up-to-date: /home/masa/Desktop/sola/ris/hw1/ros2_ws/install/tutorial_interfaces/share/tutorial_interfaces/local_setup.dsv
[0.748s] -- Installing: /home/masa/Desktop/sola/ris/hw1/ros2_ws/install/tutorial_interfaces/share/tutorial_interfaces/package.dsv
[0.748s] -- Up-to-date: /home/masa/Desktop/sola/ris/hw1/ros2_ws/install/tutorial_interfaces/share/ament_index/resource_index/packages/tutorial_interfaces
[0.748s] -- Up-to-date: /home/masa/Desktop/sola/ris/hw1/ros2_ws/install/tutorial_interfaces/share/tutorial_interfaces/cmake/export_tutorial_interfaces__rosidl_generator_cExport.cmake
[0.748s] -- Up-to-date: /home/masa/Desktop/sola/ris/hw1/ros2_ws/install/tutorial_interfaces/share/tutorial_interfaces/cmake/export_tutorial_interfaces__rosidl_generator_cExport-noconfig.cmake
[0.748s] -- Up-to-date: /home/masa/Desktop/sola/ris/hw1/ros2_ws/install/tutorial_interfaces/share/tutorial_interfaces/cmake/export_tutorial_interfaces__rosidl_typesupport_fastrtps_cExport.cmake
[0.749s] -- Up-to-date: /home/masa/Desktop/sola/ris/hw1/ros2_ws/install/tutorial_interfaces/share/tutorial_interfaces/cmake/export_tutorial_interfaces__rosidl_typesupport_fastrtps_cExport-noconfig.cmake
[0.749s] -- Up-to-date: /home/masa/Desktop/sola/ris/hw1/ros2_ws/install/tutorial_interfaces/share/tutorial_interfaces/cmake/export_tutorial_interfaces__rosidl_generator_cppExport.cmake
[0.749s] -- Up-to-date: /home/masa/Desktop/sola/ris/hw1/ros2_ws/install/tutorial_interfaces/share/tutorial_interfaces/cmake/export_tutorial_interfaces__rosidl_typesupport_fastrtps_cppExport.cmake
[0.749s] -- Up-to-date: /home/masa/Desktop/sola/ris/hw1/ros2_ws/install/tutorial_interfaces/share/tutorial_interfaces/cmake/export_tutorial_interfaces__rosidl_typesupport_fastrtps_cppExport-noconfig.cmake
[0.749s] -- Up-to-date: /home/masa/Desktop/sola/ris/hw1/ros2_ws/install/tutorial_interfaces/share/tutorial_interfaces/cmake/tutorial_interfaces__rosidl_typesupport_introspection_cExport.cmake
[0.750s] -- Up-to-date: /home/masa/Desktop/sola/ris/hw1/ros2_ws/install/tutorial_interfaces/share/tutorial_interfaces/cmake/tutorial_interfaces__rosidl_typesupport_introspection_cExport-noconfig.cmake
[0.751s] -- Up-to-date: /home/masa/Desktop/sola/ris/hw1/ros2_ws/install/tutorial_interfaces/share/tutorial_interfaces/cmake/tutorial_interfaces__rosidl_typesupport_cExport.cmake
[0.751s] -- Up-to-date: /home/masa/Desktop/sola/ris/hw1/ros2_ws/install/tutorial_interfaces/share/tutorial_interfaces/cmake/tutorial_interfaces__rosidl_typesupport_cExport-noconfig.cmake
[0.751s] -- Up-to-date: /home/masa/Desktop/sola/ris/hw1/ros2_ws/install/tutorial_interfaces/share/tutorial_interfaces/cmake/tutorial_interfaces__rosidl_typesupport_introspection_cppExport.cmake
[0.751s] -- Up-to-date: /home/masa/Desktop/sola/ris/hw1/ros2_ws/install/tutorial_interfaces/share/tutorial_interfaces/cmake/tutorial_interfaces__rosidl_typesupport_introspection_cppExport-noconfig.cmake
[0.751s] -- Up-to-date: /home/masa/Desktop/sola/ris/hw1/ros2_ws/install/tutorial_interfaces/share/tutorial_interfaces/cmake/tutorial_interfaces__rosidl_typesupport_cppExport.cmake
[0.752s] -- Up-to-date: /home/masa/Desktop/sola/ris/hw1/ros2_ws/install/tutorial_interfaces/share/tutorial_interfaces/cmake/tutorial_interfaces__rosidl_typesupport_cppExport-noconfig.cmake
[0.752s] -- Up-to-date: /home/masa/Desktop/sola/ris/hw1/ros2_ws/install/tutorial_interfaces/share/tutorial_interfaces/cmake/export_tutorial_interfaces__rosidl_generator_pyExport.cmake
[0.752s] -- Up-to-date: /home/masa/Desktop/sola/ris/hw1/ros2_ws/install/tutorial_interfaces/share/tutorial_interfaces/cmake/export_tutorial_interfaces__rosidl_generator_pyExport-noconfig.cmake
[0.752s] -- Up-to-date: /home/masa/Desktop/sola/ris/hw1/ros2_ws/install/tutorial_interfaces/share/tutorial_interfaces/cmake/rosidl_cmake-extras.cmake
[0.752s] -- Up-to-date: /home/masa/Desktop/sola/ris/hw1/ros2_ws/install/tutorial_interfaces/share/tutorial_interfaces/cmake/ament_cmake_export_dependencies-extras.cmake
[0.753s] -- Up-to-date: /home/masa/Desktop/sola/ris/hw1/ros2_ws/install/tutorial_interfaces/share/tutorial_interfaces/cmake/ament_cmake_export_include_directories-extras.cmake
[0.753s] -- Up-to-date: /home/masa/Desktop/sola/ris/hw1/ros2_ws/install/tutorial_interfaces/share/tutorial_interfaces/cmake/ament_cmake_export_libraries-extras.cmake
[0.753s] -- Up-to-date: /home/masa/Desktop/sola/ris/hw1/ros2_ws/install/tutorial_interfaces/share/tutorial_interfaces/cmake/ament_cmake_export_targets-extras.cmake
[0.753s] -- Up-to-date: /home/masa/Desktop/sola/ris/hw1/ros2_ws/install/tutorial_interfaces/share/tutorial_interfaces/cmake/rosidl_cmake_export_typesupport_targets-extras.cmake
[0.753s] -- Up-to-date: /home/masa/Desktop/sola/ris/hw1/ros2_ws/install/tutorial_interfaces/share/tutorial_interfaces/cmake/rosidl_cmake_export_typesupport_libraries-extras.cmake
[0.754s] -- Up-to-date: /home/masa/Desktop/sola/ris/hw1/ros2_ws/install/tutorial_interfaces/share/tutorial_interfaces/cmake/tutorial_interfacesConfig.cmake
[0.754s] -- Up-to-date: /home/masa/Desktop/sola/ris/hw1/ros2_ws/install/tutorial_interfaces/share/tutorial_interfaces/cmake/tutorial_interfacesConfig-version.cmake
[0.754s] -- Up-to-date: /home/masa/Desktop/sola/ris/hw1/ros2_ws/install/tutorial_interfaces/share/tutorial_interfaces/package.xml
[0.754s] Invoked command in '/home/masa/Desktop/sola/ris/hw1/ros2_ws/build/tutorial_interfaces' returned '0': CMAKE_PREFIX_PATH=${CMAKE_PREFIX_PATH}:/home/masa/Desktop/sola/ris/hw1/ros2_ws/install/py_srvcli:/home/masa/Desktop/sola/ris/hw1/ros2_ws/install/my_package:/opt/ros/humble /usr/bin/cmake --install /home/masa/Desktop/sola/ris/hw1/ros2_ws/build/tutorial_interfaces
