[0.019s] Invoking command in '/home/masa/Desktop/sola/ris/hw1/ros2_ws/build/cpp_pubsub': CMAKE_PREFIX_PATH=${CMAKE_PREFIX_PATH}:/home/masa/Desktop/sola/ris/hw1/ros2_ws/install/py_srvcli:/home/masa/Desktop/sola/ris/hw1/ros2_ws/install/my_package:/opt/ros/humble /usr/bin/cmake --build /home/masa/Desktop/sola/ris/hw1/ros2_ws/build/cpp_pubsub -- -j12 -l12
[0.373s] -- Found ament_cmake: 1.3.11 (/opt/ros/humble/share/ament_cmake/cmake)
[0.374s] -- Found rclcpp: 16.0.11 (/opt/ros/humble/share/rclcpp/cmake)
[0.374s] -- Found rosidl_generator_c: 3.1.6 (/opt/ros/humble/share/rosidl_generator_c/cmake)
[0.375s] -- Found rosidl_adapter: 3.1.6 (/opt/ros/humble/share/rosidl_adapter/cmake)
[0.375s] -- Found rosidl_generator_cpp: 3.1.6 (/opt/ros/humble/share/rosidl_generator_cpp/cmake)
[0.375s] -- Using all available rosidl_typesupport_c: rosidl_typesupport_fastrtps_c;rosidl_typesupport_introspection_c
[0.375s] -- Using all available rosidl_typesupport_cpp: rosidl_typesupport_fastrtps_cpp;rosidl_typesupport_introspection_cpp
[0.376s] -- Found rmw_implementation_cmake: 6.1.2 (/opt/ros/humble/share/rmw_implementation_cmake/cmake)
[0.376s] -- Found rmw_fastrtps_cpp: 6.2.7 (/opt/ros/humble/share/rmw_fastrtps_cpp/cmake)
[0.377s] -- Using RMW implementation 'rmw_fastrtps_cpp' as default
[0.377s] -- Configuring done
[0.377s] -- Generating done
[0.377s] -- Build files have been written to: /home/masa/Desktop/sola/ris/hw1/ros2_ws/build/cpp_pubsub
[0.392s] [35m[1mConsolidate compiler generated dependencies of target talker[0m
[0.392s] [35m[1mConsolidate compiler generated dependencies of target listener[0m
[0.421s] [ 50%] Built target talker
[0.425s] [100%] Built target listener
[0.446s] Invoked command in '/home/masa/Desktop/sola/ris/hw1/ros2_ws/build/cpp_pubsub' returned '0': CMAKE_PREFIX_PATH=${CMAKE_PREFIX_PATH}:/home/masa/Desktop/sola/ris/hw1/ros2_ws/install/py_srvcli:/home/masa/Desktop/sola/ris/hw1/ros2_ws/install/my_package:/opt/ros/humble /usr/bin/cmake --build /home/masa/Desktop/sola/ris/hw1/ros2_ws/build/cpp_pubsub -- -j12 -l12
[0.457s] Invoking command in '/home/masa/Desktop/sola/ris/hw1/ros2_ws/build/cpp_pubsub': CMAKE_PREFIX_PATH=${CMAKE_PREFIX_PATH}:/home/masa/Desktop/sola/ris/hw1/ros2_ws/install/py_srvcli:/home/masa/Desktop/sola/ris/hw1/ros2_ws/install/my_package:/opt/ros/humble /usr/bin/cmake --install /home/masa/Desktop/sola/ris/hw1/ros2_ws/build/cpp_pubsub
[0.466s] -- Install configuration: ""
[0.466s] -- Up-to-date: /home/masa/Desktop/sola/ris/hw1/ros2_ws/install/cpp_pubsub/lib/cpp_pubsub/talker
[0.466s] -- Up-to-date: /home/masa/Desktop/sola/ris/hw1/ros2_ws/install/cpp_pubsub/lib/cpp_pubsub/talker
[0.467s] -- Up-to-date: /home/masa/Desktop/sola/ris/hw1/ros2_ws/install/cpp_pubsub/lib/cpp_pubsub/listener
[0.467s] -- Up-to-date: /home/masa/Desktop/sola/ris/hw1/ros2_ws/install/cpp_pubsub/share/ament_index/resource_index/package_run_dependencies/cpp_pubsub
[0.467s] -- Installing: /home/masa/Desktop/sola/ris/hw1/ros2_ws/install/cpp_pubsub/share/ament_index/resource_index/parent_prefix_path/cpp_pubsub
[0.467s] -- Up-to-date: /home/masa/Desktop/sola/ris/hw1/ros2_ws/install/cpp_pubsub/share/cpp_pubsub/environment/ament_prefix_path.sh
[0.467s] -- Installing: /home/masa/Desktop/sola/ris/hw1/ros2_ws/install/cpp_pubsub/share/cpp_pubsub/environment/ament_prefix_path.dsv
[0.468s] -- Up-to-date: /home/masa/Desktop/sola/ris/hw1/ros2_ws/install/cpp_pubsub/share/cpp_pubsub/environment/path.sh
[0.468s] -- Installing: /home/masa/Desktop/sola/ris/hw1/ros2_ws/install/cpp_pubsub/share/cpp_pubsub/environment/path.dsv
[0.468s] -- Up-to-date: /home/masa/Desktop/sola/ris/hw1/ros2_ws/install/cpp_pubsub/share/cpp_pubsub/local_setup.bash
[0.468s] -- Up-to-date: /home/masa/Desktop/sola/ris/hw1/ros2_ws/install/cpp_pubsub/share/cpp_pubsub/local_setup.sh
[0.468s] -- Up-to-date: /home/masa/Desktop/sola/ris/hw1/ros2_ws/install/cpp_pubsub/share/cpp_pubsub/local_setup.zsh
[0.468s] -- Installing: /home/masa/Desktop/sola/ris/hw1/ros2_ws/install/cpp_pubsub/share/cpp_pubsub/local_setup.dsv
[0.473s] -- Installing: /home/masa/Desktop/sola/ris/hw1/ros2_ws/install/cpp_pubsub/share/cpp_pubsub/package.dsv
[0.473s] -- Up-to-date: /home/masa/Desktop/sola/ris/hw1/ros2_ws/install/cpp_pubsub/share/ament_index/resource_index/packages/cpp_pubsub
[0.473s] -- Up-to-date: /home/masa/Desktop/sola/ris/hw1/ros2_ws/install/cpp_pubsub/share/cpp_pubsub/cmake/cpp_pubsubConfig.cmake
[0.473s] -- Up-to-date: /home/masa/Desktop/sola/ris/hw1/ros2_ws/install/cpp_pubsub/share/cpp_pubsub/cmake/cpp_pubsubConfig-version.cmake
[0.473s] -- Up-to-date: /home/masa/Desktop/sola/ris/hw1/ros2_ws/install/cpp_pubsub/share/cpp_pubsub/package.xml
[0.476s] Invoked command in '/home/masa/Desktop/sola/ris/hw1/ros2_ws/build/cpp_pubsub' returned '0': CMAKE_PREFIX_PATH=${CMAKE_PREFIX_PATH}:/home/masa/Desktop/sola/ris/hw1/ros2_ws/install/py_srvcli:/home/masa/Desktop/sola/ris/hw1/ros2_ws/install/my_package:/opt/ros/humble /usr/bin/cmake --install /home/masa/Desktop/sola/ris/hw1/ros2_ws/build/cpp_pubsub
