[0.391s] Invoking command in '/home/masa/Desktop/sola/ris/hw1/ros2_ws/src/py_pubsub': PYTHONPATH=/home/masa/Desktop/sola/ris/hw1/ros2_ws/build/py_pubsub/prefix_override:/usr/lib/python3/dist-packages/colcon_core/task/python/colcon_distutils_commands:/home/masa/Desktop/sola/ris/hw1/ros2_ws/install/py_pubsub/lib/python3.10/site-packages:${PYTHONPATH} /usr/bin/python3 -W ignore:setup.py install is deprecated -W ignore:easy_install command is deprecated setup.py egg_info --egg-base ../../build/py_pubsub build --build-base /home/masa/Desktop/sola/ris/hw1/ros2_ws/build/py_pubsub/build install --record /home/masa/Desktop/sola/ris/hw1/ros2_ws/build/py_pubsub/install.log --single-version-externally-managed install_data
[0.550s] running egg_info
[0.550s] creating ../../build/py_pubsub/py_pubsub.egg-info
[0.551s] writing ../../build/py_pubsub/py_pubsub.egg-info/PKG-INFO
[0.551s] writing dependency_links to ../../build/py_pubsub/py_pubsub.egg-info/dependency_links.txt
[0.551s] writing entry points to ../../build/py_pubsub/py_pubsub.egg-info/entry_points.txt
[0.551s] writing requirements to ../../build/py_pubsub/py_pubsub.egg-info/requires.txt
[0.551s] writing top-level names to ../../build/py_pubsub/py_pubsub.egg-info/top_level.txt
[0.551s] writing manifest file '../../build/py_pubsub/py_pubsub.egg-info/SOURCES.txt'
[0.552s] reading manifest file '../../build/py_pubsub/py_pubsub.egg-info/SOURCES.txt'
[0.552s] adding license file 'LICENSE'
[0.552s] writing manifest file '../../build/py_pubsub/py_pubsub.egg-info/SOURCES.txt'
[0.553s] running build
[0.553s] running build_py
[0.553s] creating /home/masa/Desktop/sola/ris/hw1/ros2_ws/build/py_pubsub/build
[0.553s] creating /home/masa/Desktop/sola/ris/hw1/ros2_ws/build/py_pubsub/build/lib
[0.553s] creating /home/masa/Desktop/sola/ris/hw1/ros2_ws/build/py_pubsub/build/lib/py_pubsub
[0.553s] copying py_pubsub/subscriber_member_function.py -> /home/masa/Desktop/sola/ris/hw1/ros2_ws/build/py_pubsub/build/lib/py_pubsub
[0.553s] copying py_pubsub/__init__.py -> /home/masa/Desktop/sola/ris/hw1/ros2_ws/build/py_pubsub/build/lib/py_pubsub
[0.553s] copying py_pubsub/publisher_member_function.py -> /home/masa/Desktop/sola/ris/hw1/ros2_ws/build/py_pubsub/build/lib/py_pubsub
[0.553s] running install
[0.553s] running install_lib
[0.554s] creating /home/masa/Desktop/sola/ris/hw1/ros2_ws/install/py_pubsub/lib/python3.10/site-packages/py_pubsub
[0.554s] copying /home/masa/Desktop/sola/ris/hw1/ros2_ws/build/py_pubsub/build/lib/py_pubsub/subscriber_member_function.py -> /home/masa/Desktop/sola/ris/hw1/ros2_ws/install/py_pubsub/lib/python3.10/site-packages/py_pubsub
[0.554s] copying /home/masa/Desktop/sola/ris/hw1/ros2_ws/build/py_pubsub/build/lib/py_pubsub/__init__.py -> /home/masa/Desktop/sola/ris/hw1/ros2_ws/install/py_pubsub/lib/python3.10/site-packages/py_pubsub
[0.554s] copying /home/masa/Desktop/sola/ris/hw1/ros2_ws/build/py_pubsub/build/lib/py_pubsub/publisher_member_function.py -> /home/masa/Desktop/sola/ris/hw1/ros2_ws/install/py_pubsub/lib/python3.10/site-packages/py_pubsub
[0.554s] byte-compiling /home/masa/Desktop/sola/ris/hw1/ros2_ws/install/py_pubsub/lib/python3.10/site-packages/py_pubsub/subscriber_member_function.py to subscriber_member_function.cpython-310.pyc
[0.555s] byte-compiling /home/masa/Desktop/sola/ris/hw1/ros2_ws/install/py_pubsub/lib/python3.10/site-packages/py_pubsub/__init__.py to __init__.cpython-310.pyc
[0.555s] byte-compiling /home/masa/Desktop/sola/ris/hw1/ros2_ws/install/py_pubsub/lib/python3.10/site-packages/py_pubsub/publisher_member_function.py to publisher_member_function.cpython-310.pyc
[0.555s] running install_data
[0.555s] creating /home/masa/Desktop/sola/ris/hw1/ros2_ws/install/py_pubsub/share/ament_index
[0.555s] creating /home/masa/Desktop/sola/ris/hw1/ros2_ws/install/py_pubsub/share/ament_index/resource_index
[0.555s] creating /home/masa/Desktop/sola/ris/hw1/ros2_ws/install/py_pubsub/share/ament_index/resource_index/packages
[0.555s] copying resource/py_pubsub -> /home/masa/Desktop/sola/ris/hw1/ros2_ws/install/py_pubsub/share/ament_index/resource_index/packages
[0.555s] copying package.xml -> /home/masa/Desktop/sola/ris/hw1/ros2_ws/install/py_pubsub/share/py_pubsub
[0.555s] running install_egg_info
[0.557s] Copying ../../build/py_pubsub/py_pubsub.egg-info to /home/masa/Desktop/sola/ris/hw1/ros2_ws/install/py_pubsub/lib/python3.10/site-packages/py_pubsub-0.0.0-py3.10.egg-info
[0.557s] running install_scripts
[0.570s] Installing listener script to /home/masa/Desktop/sola/ris/hw1/ros2_ws/install/py_pubsub/lib/py_pubsub
[0.570s] Installing talker script to /home/masa/Desktop/sola/ris/hw1/ros2_ws/install/py_pubsub/lib/py_pubsub
[0.571s] writing list of installed files to '/home/masa/Desktop/sola/ris/hw1/ros2_ws/build/py_pubsub/install.log'
[0.583s] Invoked command in '/home/masa/Desktop/sola/ris/hw1/ros2_ws/src/py_pubsub' returned '0': PYTHONPATH=/home/masa/Desktop/sola/ris/hw1/ros2_ws/build/py_pubsub/prefix_override:/usr/lib/python3/dist-packages/colcon_core/task/python/colcon_distutils_commands:/home/masa/Desktop/sola/ris/hw1/ros2_ws/install/py_pubsub/lib/python3.10/site-packages:${PYTHONPATH} /usr/bin/python3 -W ignore:setup.py install is deprecated -W ignore:easy_install command is deprecated setup.py egg_info --egg-base ../../build/py_pubsub build --build-base /home/masa/Desktop/sola/ris/hw1/ros2_ws/build/py_pubsub/build install --record /home/masa/Desktop/sola/ris/hw1/ros2_ws/build/py_pubsub/install.log --single-version-externally-managed install_data
