[0.647s] Invoking command in '/home/masa/Desktop/sola/ris/hw1/ros2_ws/src/my_package': PYTHONPATH=/home/masa/Desktop/sola/ris/hw1/ros2_ws/build/my_package/prefix_override:/usr/lib/python3/dist-packages/colcon_core/task/python/colcon_distutils_commands:/home/masa/Desktop/sola/ris/hw1/ros2_ws/install/my_package/lib/python3.10/site-packages:${PYTHONPATH} /usr/bin/python3 -W ignore:setup.py install is deprecated -W ignore:easy_install command is deprecated setup.py egg_info --egg-base ../../build/my_package build --build-base /home/masa/Desktop/sola/ris/hw1/ros2_ws/build/my_package/build install --record /home/masa/Desktop/sola/ris/hw1/ros2_ws/build/my_package/install.log --single-version-externally-managed install_data
[0.842s] running egg_info
[0.843s] writing ../../build/my_package/my_package.egg-info/PKG-INFO
[0.843s] writing dependency_links to ../../build/my_package/my_package.egg-info/dependency_links.txt
[0.843s] writing entry points to ../../build/my_package/my_package.egg-info/entry_points.txt
[0.843s] writing requirements to ../../build/my_package/my_package.egg-info/requires.txt
[0.843s] writing top-level names to ../../build/my_package/my_package.egg-info/top_level.txt
[0.844s] reading manifest file '../../build/my_package/my_package.egg-info/SOURCES.txt'
[0.845s] adding license file 'LICENSE'
[0.845s] writing manifest file '../../build/my_package/my_package.egg-info/SOURCES.txt'
[0.845s] running build
[0.845s] running build_py
[0.846s] running install
[0.846s] running install_lib
[0.847s] running install_data
[0.847s] running install_egg_info
[0.849s] removing '/home/masa/Desktop/sola/ris/hw1/ros2_ws/install/my_package/lib/python3.10/site-packages/my_package-0.0.0-py3.10.egg-info' (and everything under it)
[0.849s] Copying ../../build/my_package/my_package.egg-info to /home/masa/Desktop/sola/ris/hw1/ros2_ws/install/my_package/lib/python3.10/site-packages/my_package-0.0.0-py3.10.egg-info
[0.850s] running install_scripts
[0.867s] Installing my_node script to /home/masa/Desktop/sola/ris/hw1/ros2_ws/install/my_package/lib/my_package
[0.867s] writing list of installed files to '/home/masa/Desktop/sola/ris/hw1/ros2_ws/build/my_package/install.log'
[0.886s] Invoked command in '/home/masa/Desktop/sola/ris/hw1/ros2_ws/src/my_package' returned '0': PYTHONPATH=/home/masa/Desktop/sola/ris/hw1/ros2_ws/build/my_package/prefix_override:/usr/lib/python3/dist-packages/colcon_core/task/python/colcon_distutils_commands:/home/masa/Desktop/sola/ris/hw1/ros2_ws/install/my_package/lib/python3.10/site-packages:${PYTHONPATH} /usr/bin/python3 -W ignore:setup.py install is deprecated -W ignore:easy_install command is deprecated setup.py egg_info --egg-base ../../build/my_package build --build-base /home/masa/Desktop/sola/ris/hw1/ros2_ws/build/my_package/build install --record /home/masa/Desktop/sola/ris/hw1/ros2_ws/build/my_package/install.log --single-version-externally-managed install_data
