[0.008s] Invoking command in '/home/masa/Desktop/sola/ris/hw1/ros2_ws/build/tutorial_interfaces': CMAKE_PREFIX_PATH=${CMAKE_PREFIX_PATH}:/home/masa/Desktop/sola/ris/hw1/ros2_ws/install/py_srvcli:/home/masa/Desktop/sola/ris/hw1/ros2_ws/install/my_package:/opt/ros/humble /usr/bin/cmake --build /home/masa/Desktop/sola/ris/hw1/ros2_ws/build/tutorial_interfaces -- -j12 -l12
[0.027s] -- Found ament_cmake: 1.3.11 (/opt/ros/humble/share/ament_cmake/cmake)
[0.115s] -- Found ament_lint_auto: 0.12.11 (/opt/ros/humble/share/ament_lint_auto/cmake)
[0.160s] -- Found geometry_msgs: 4.2.4 (/opt/ros/humble/share/geometry_msgs/cmake)
[0.187s] -- Found rosidl_generator_c: 3.1.6 (/opt/ros/humble/share/rosidl_generator_c/cmake)
[0.190s] -- Found rosidl_adapter: 3.1.6 (/opt/ros/humble/share/rosidl_adapter/cmake)
[0.195s] -- Found rosidl_generator_cpp: 3.1.6 (/opt/ros/humble/share/rosidl_generator_cpp/cmake)
[0.201s] -- Using all available rosidl_typesupport_c: rosidl_typesupport_fastrtps_c;rosidl_typesupport_introspection_c
[0.209s] -- Using all available rosidl_typesupport_cpp: rosidl_typesupport_fastrtps_cpp;rosidl_typesupport_introspection_cpp
[0.233s] -- Found rosidl_default_generators: 1.2.0 (/opt/ros/humble/share/rosidl_default_generators/cmake)
[0.408s] -- Found ament_cmake_ros: 0.10.0 (/opt/ros/humble/share/ament_cmake_ros/cmake)
[0.728s] -- Using all available rosidl_typesupport_c: rosidl_typesupport_fastrtps_c;rosidl_typesupport_introspection_c
[0.851s] -- Using all available rosidl_typesupport_cpp: rosidl_typesupport_fastrtps_cpp;rosidl_typesupport_introspection_cpp
[0.868s] -- Found python_cmake_module: 0.10.0 (/opt/ros/humble/share/python_cmake_module/cmake)
[0.885s] -- Using PYTHON_EXECUTABLE: /usr/bin/python3
[0.885s] -- Using PYTHON_INCLUDE_DIRS: /usr/include/python3.10
[0.886s] -- Using PYTHON_LIBRARIES: /usr/lib/x86_64-linux-gnu/libpython3.10.so
[0.923s] -- Added test 'lint_cmake' to check CMake code style
[0.924s] -- Added test 'xmllint' to check XML markup files
[0.927s] -- Configuring done
[0.959s] -- Generating done
[0.969s] -- Build files have been written to: /home/masa/Desktop/sola/ris/hw1/ros2_ws/build/tutorial_interfaces
[0.989s] [  1%] [34m[1mGenerating C code for ROS interfaces[0m
[0.997s] [  3%] [34m[1mGenerating C++ code for ROS interfaces[0m
[1.004s] [  3%] Built target ament_cmake_python_copy_tutorial_interfaces
[1.208s] running egg_info
[1.208s] writing tutorial_interfaces.egg-info/PKG-INFO
[1.209s] writing dependency_links to tutorial_interfaces.egg-info/dependency_links.txt
[1.209s] writing top-level names to tutorial_interfaces.egg-info/top_level.txt
[1.210s] reading manifest file 'tutorial_interfaces.egg-info/SOURCES.txt'
[1.211s] writing manifest file 'tutorial_interfaces.egg-info/SOURCES.txt'
[1.232s] [  3%] Built target ament_cmake_python_build_tutorial_interfaces_egg
[1.291s] [35m[1mConsolidate compiler generated dependencies of target tutorial_interfaces__rosidl_generator_c[0m
[1.300s] [  5%] [32mBuilding C object CMakeFiles/tutorial_interfaces__rosidl_generator_c.dir/rosidl_generator_c/tutorial_interfaces/msg/detail/sphere__functions.c.o[0m
[1.302s] [  7%] [32mBuilding C object CMakeFiles/tutorial_interfaces__rosidl_generator_c.dir/rosidl_generator_c/tutorial_interfaces/msg/detail/custom_message__functions.c.o[0m
[1.302s] [  9%] [32mBuilding C object CMakeFiles/tutorial_interfaces__rosidl_generator_c.dir/rosidl_generator_c/tutorial_interfaces/msg/detail/num__functions.c.o[0m
[1.302s] [ 10%] [32mBuilding C object CMakeFiles/tutorial_interfaces__rosidl_generator_c.dir/rosidl_generator_c/tutorial_interfaces/srv/detail/add_three_ints__functions.c.o[0m
[1.305s] [ 10%] Built target tutorial_interfaces__cpp
[1.316s] [ 12%] [34m[1mGenerating C++ introspection for ROS interfaces[0m
[1.316s] [ 16%] [34m[1mGenerating C++ type support dispatch for ROS interfaces[0m
[1.317s] [ 16%] [34m[1mGenerating C++ type support for eProsima Fast-RTPS[0m
[1.351s] [ 18%] [32m[1mLinking C shared library libtutorial_interfaces__rosidl_generator_c.so[0m
[1.383s] [ 18%] Built target tutorial_interfaces__rosidl_generator_c
[1.391s] [ 21%] [34m[1mGenerating C introspection for ROS interfaces[0m
[1.391s] [ 21%] [34m[1mGenerating C type support dispatch for ROS interfaces[0m
[1.394s] [ 23%] [34m[1mGenerating C type support for eProsima Fast-RTPS[0m
[1.525s] [35m[1mConsolidate compiler generated dependencies of target tutorial_interfaces__rosidl_typesupport_cpp[0m
[1.539s] [ 25%] [32mBuilding CXX object CMakeFiles/tutorial_interfaces__rosidl_typesupport_cpp.dir/rosidl_typesupport_cpp/tutorial_interfaces/msg/sphere__type_support.cpp.o[0m
[1.540s] [ 27%] [32mBuilding CXX object CMakeFiles/tutorial_interfaces__rosidl_typesupport_cpp.dir/rosidl_typesupport_cpp/tutorial_interfaces/msg/num__type_support.cpp.o[0m
[1.540s] [ 29%] [32mBuilding CXX object CMakeFiles/tutorial_interfaces__rosidl_typesupport_cpp.dir/rosidl_typesupport_cpp/tutorial_interfaces/srv/add_three_ints__type_support.cpp.o[0m
[1.541s] [ 30%] [32mBuilding CXX object CMakeFiles/tutorial_interfaces__rosidl_typesupport_cpp.dir/rosidl_typesupport_cpp/tutorial_interfaces/msg/custom_message__type_support.cpp.o[0m
[1.575s] [35m[1mConsolidate compiler generated dependencies of target tutorial_interfaces__rosidl_typesupport_introspection_cpp[0m
[1.591s] [ 34%] [32mBuilding CXX object CMakeFiles/tutorial_interfaces__rosidl_typesupport_introspection_cpp.dir/rosidl_typesupport_introspection_cpp/tutorial_interfaces/msg/detail/sphere__type_support.cpp.o[0m
[1.591s] [ 34%] [32mBuilding CXX object CMakeFiles/tutorial_interfaces__rosidl_typesupport_introspection_cpp.dir/rosidl_typesupport_introspection_cpp/tutorial_interfaces/msg/detail/num__type_support.cpp.o[0m
[1.591s] [ 36%] [32mBuilding CXX object CMakeFiles/tutorial_interfaces__rosidl_typesupport_introspection_cpp.dir/rosidl_typesupport_introspection_cpp/tutorial_interfaces/msg/detail/custom_message__type_support.cpp.o[0m
[1.591s] [ 38%] [32mBuilding CXX object CMakeFiles/tutorial_interfaces__rosidl_typesupport_introspection_cpp.dir/rosidl_typesupport_introspection_cpp/tutorial_interfaces/srv/detail/add_three_ints__type_support.cpp.o[0m
[1.666s] [35m[1mConsolidate compiler generated dependencies of target tutorial_interfaces__rosidl_typesupport_c[0m
[1.683s] [35m[1mConsolidate compiler generated dependencies of target tutorial_interfaces__rosidl_typesupport_fastrtps_cpp[0m
[1.694s] [ 40%] [32mBuilding CXX object CMakeFiles/tutorial_interfaces__rosidl_typesupport_c.dir/rosidl_typesupport_c/tutorial_interfaces/msg/num__type_support.cpp.o[0m
[1.728s] [ 41%] [32mBuilding CXX object CMakeFiles/tutorial_interfaces__rosidl_typesupport_fastrtps_cpp.dir/rosidl_typesupport_fastrtps_cpp/tutorial_interfaces/msg/detail/dds_fastrtps/num__type_support.cpp.o[0m
[1.748s] [ 43%] [32mBuilding CXX object CMakeFiles/tutorial_interfaces__rosidl_typesupport_c.dir/rosidl_typesupport_c/tutorial_interfaces/msg/sphere__type_support.cpp.o[0m
[1.834s] [ 45%] [32mBuilding CXX object CMakeFiles/tutorial_interfaces__rosidl_typesupport_c.dir/rosidl_typesupport_c/tutorial_interfaces/srv/add_three_ints__type_support.cpp.o[0m
[1.843s] [ 47%] [32mBuilding CXX object CMakeFiles/tutorial_interfaces__rosidl_typesupport_c.dir/rosidl_typesupport_c/tutorial_interfaces/msg/custom_message__type_support.cpp.o[0m
[1.860s] [ 49%] [32m[1mLinking CXX shared library libtutorial_interfaces__rosidl_typesupport_cpp.so[0m
[1.863s] [ 50%] [32mBuilding CXX object CMakeFiles/tutorial_interfaces__rosidl_typesupport_fastrtps_cpp.dir/rosidl_typesupport_fastrtps_cpp/tutorial_interfaces/msg/detail/dds_fastrtps/sphere__type_support.cpp.o[0m
[1.874s] [ 52%] [32mBuilding CXX object CMakeFiles/tutorial_interfaces__rosidl_typesupport_fastrtps_cpp.dir/rosidl_typesupport_fastrtps_cpp/tutorial_interfaces/srv/detail/dds_fastrtps/add_three_ints__type_support.cpp.o[0m
[1.877s] [ 54%] [32mBuilding CXX object CMakeFiles/tutorial_interfaces__rosidl_typesupport_fastrtps_cpp.dir/rosidl_typesupport_fastrtps_cpp/tutorial_interfaces/msg/detail/dds_fastrtps/custom_message__type_support.cpp.o[0m
[1.889s] [35m[1mConsolidate compiler generated dependencies of target tutorial_interfaces__rosidl_typesupport_introspection_c[0m
[1.890s] [ 56%] [32m[1mLinking CXX shared library libtutorial_interfaces__rosidl_typesupport_c.so[0m
[1.892s] [35m[1mConsolidate compiler generated dependencies of target tutorial_interfaces__rosidl_typesupport_fastrtps_c[0m
[1.909s] [ 58%] [32mBuilding C object CMakeFiles/tutorial_interfaces__rosidl_typesupport_introspection_c.dir/rosidl_typesupport_introspection_c/tutorial_interfaces/msg/detail/num__type_support.c.o[0m
[1.920s] [ 60%] [32mBuilding CXX object CMakeFiles/tutorial_interfaces__rosidl_typesupport_fastrtps_c.dir/rosidl_typesupport_fastrtps_c/tutorial_interfaces/msg/detail/num__type_support_c.cpp.o[0m
[1.928s] [ 60%] Built target tutorial_interfaces__rosidl_typesupport_cpp
[1.944s] [ 61%] [32mBuilding C object CMakeFiles/tutorial_interfaces__rosidl_typesupport_introspection_c.dir/rosidl_typesupport_introspection_c/tutorial_interfaces/msg/detail/sphere__type_support.c.o[0m
[1.952s] [ 61%] Built target tutorial_interfaces__rosidl_typesupport_c
[1.962s] [ 65%] [32mBuilding CXX object CMakeFiles/tutorial_interfaces__rosidl_typesupport_fastrtps_c.dir/rosidl_typesupport_fastrtps_c/tutorial_interfaces/msg/detail/sphere__type_support_c.cpp.o[0m
[1.963s] [ 65%] [32mBuilding C object CMakeFiles/tutorial_interfaces__rosidl_typesupport_introspection_c.dir/rosidl_typesupport_introspection_c/tutorial_interfaces/srv/detail/add_three_ints__type_support.c.o[0m
[2.008s] [ 67%] [32mBuilding C object CMakeFiles/tutorial_interfaces__rosidl_typesupport_introspection_c.dir/rosidl_typesupport_introspection_c/tutorial_interfaces/msg/detail/custom_message__type_support.c.o[0m
[2.020s] [ 69%] [32mBuilding CXX object CMakeFiles/tutorial_interfaces__rosidl_typesupport_fastrtps_c.dir/rosidl_typesupport_fastrtps_c/tutorial_interfaces/srv/detail/add_three_ints__type_support_c.cpp.o[0m
[2.027s] [ 70%] [32mBuilding CXX object CMakeFiles/tutorial_interfaces__rosidl_typesupport_fastrtps_c.dir/rosidl_typesupport_fastrtps_c/tutorial_interfaces/msg/detail/custom_message__type_support_c.cpp.o[0m
[2.053s] [ 72%] [32m[1mLinking C shared library libtutorial_interfaces__rosidl_typesupport_introspection_c.so[0m
[2.079s] [ 74%] [32m[1mLinking CXX shared library libtutorial_interfaces__rosidl_typesupport_introspection_cpp.so[0m
[2.098s] [ 74%] Built target tutorial_interfaces__rosidl_typesupport_introspection_c
[2.164s] [ 74%] Built target tutorial_interfaces__rosidl_typesupport_introspection_cpp
[2.322s] [ 76%] [32m[1mLinking CXX shared library libtutorial_interfaces__rosidl_typesupport_fastrtps_cpp.so[0m
[2.336s] [ 78%] [32m[1mLinking CXX shared library libtutorial_interfaces__rosidl_typesupport_fastrtps_c.so[0m
[2.376s] [ 78%] Built target tutorial_interfaces__rosidl_typesupport_fastrtps_cpp
[2.389s] [ 78%] Built target tutorial_interfaces__rosidl_typesupport_fastrtps_c
[2.404s] [ 78%] Built target tutorial_interfaces
[2.419s] [ 80%] [34m[1mGenerating Python code for ROS interfaces[0m
[2.825s] [ 80%] Built target tutorial_interfaces__py
[2.834s] [35m[1mConsolidate compiler generated dependencies of target tutorial_interfaces__rosidl_generator_py[0m
[2.848s] [ 87%] [32mBuilding C object CMakeFiles/tutorial_interfaces__rosidl_generator_py.dir/rosidl_generator_py/tutorial_interfaces/msg/_sphere_s.c.o[0m
[2.848s] [ 87%] [32mBuilding C object CMakeFiles/tutorial_interfaces__rosidl_generator_py.dir/rosidl_generator_py/tutorial_interfaces/msg/_custom_message_s.c.o[0m
[2.848s] [ 87%] [32mBuilding C object CMakeFiles/tutorial_interfaces__rosidl_generator_py.dir/rosidl_generator_py/tutorial_interfaces/srv/_add_three_ints_s.c.o[0m
[2.848s] [ 87%] [32mBuilding C object CMakeFiles/tutorial_interfaces__rosidl_generator_py.dir/rosidl_generator_py/tutorial_interfaces/msg/_num_s.c.o[0m
[2.924s] [ 89%] [32m[1mLinking C shared library rosidl_generator_py/tutorial_interfaces/libtutorial_interfaces__rosidl_generator_py.so[0m
[2.956s] [ 89%] Built target tutorial_interfaces__rosidl_generator_py
[2.964s] [35m[1mConsolidate compiler generated dependencies of target tutorial_interfaces__rosidl_typesupport_fastrtps_c__pyext[0m
[2.965s] [35m[1mConsolidate compiler generated dependencies of target tutorial_interfaces__rosidl_typesupport_introspection_c__pyext[0m
[2.965s] [35m[1mConsolidate compiler generated dependencies of target tutorial_interfaces__rosidl_typesupport_c__pyext[0m
[2.976s] [ 92%] [32mBuilding C object CMakeFiles/tutorial_interfaces__rosidl_typesupport_c__pyext.dir/rosidl_generator_py/tutorial_interfaces/_tutorial_interfaces_s.ep.rosidl_typesupport_c.c.o[0m
[2.976s] [ 92%] [32mBuilding C object CMakeFiles/tutorial_interfaces__rosidl_typesupport_introspection_c__pyext.dir/rosidl_generator_py/tutorial_interfaces/_tutorial_interfaces_s.ep.rosidl_typesupport_introspection_c.c.o[0m
[2.976s] [ 94%] [32mBuilding C object CMakeFiles/tutorial_interfaces__rosidl_typesupport_fastrtps_c__pyext.dir/rosidl_generator_py/tutorial_interfaces/_tutorial_interfaces_s.ep.rosidl_typesupport_fastrtps_c.c.o[0m
[3.055s] [ 96%] [32m[1mLinking C shared library rosidl_generator_py/tutorial_interfaces/tutorial_interfaces_s__rosidl_typesupport_introspection_c.cpython-310-x86_64-linux-gnu.so[0m
[3.055s] [100%] [32m[1mLinking C shared library rosidl_generator_py/tutorial_interfaces/tutorial_interfaces_s__rosidl_typesupport_c.cpython-310-x86_64-linux-gnu.so[0m
[3.055s] [100%] [32m[1mLinking C shared library rosidl_generator_py/tutorial_interfaces/tutorial_interfaces_s__rosidl_typesupport_fastrtps_c.cpython-310-x86_64-linux-gnu.so[0m
[3.087s] [100%] Built target tutorial_interfaces__rosidl_typesupport_fastrtps_c__pyext
[3.088s] [100%] Built target tutorial_interfaces__rosidl_typesupport_c__pyext
[3.088s] [100%] Built target tutorial_interfaces__rosidl_typesupport_introspection_c__pyext
[3.098s] Invoked command in '/home/masa/Desktop/sola/ris/hw1/ros2_ws/build/tutorial_interfaces' returned '0': CMAKE_PREFIX_PATH=${CMAKE_PREFIX_PATH}:/home/masa/Desktop/sola/ris/hw1/ros2_ws/install/py_srvcli:/home/masa/Desktop/sola/ris/hw1/ros2_ws/install/my_package:/opt/ros/humble /usr/bin/cmake --build /home/masa/Desktop/sola/ris/hw1/ros2_ws/build/tutorial_interfaces -- -j12 -l12
[3.105s] Invoking command in '/home/masa/Desktop/sola/ris/hw1/ros2_ws/build/tutorial_interfaces': CMAKE_PREFIX_PATH=${CMAKE_PREFIX_PATH}:/home/masa/Desktop/sola/ris/hw1/ros2_ws/install/py_srvcli:/home/masa/Desktop/sola/ris/hw1/ros2_ws/install/my_package:/opt/ros/humble /usr/bin/cmake --install /home/masa/Desktop/sola/ris/hw1/ros2_ws/build/tutorial_interfaces
[3.111s] -- Install configuration: ""
[3.111s] -- Installing: /home/masa/Desktop/sola/ris/hw1/ros2_ws/install/tutorial_interfaces/share/ament_index/resource_index/rosidl_interfaces/tutorial_interfaces
[3.111s] -- Up-to-date: /home/masa/Desktop/sola/ris/hw1/ros2_ws/install/tutorial_interfaces/include/tutorial_interfaces/tutorial_interfaces
[3.111s] -- Up-to-date: /home/masa/Desktop/sola/ris/hw1/ros2_ws/install/tutorial_interfaces/include/tutorial_interfaces/tutorial_interfaces/srv
[3.111s] -- Installing: /home/masa/Desktop/sola/ris/hw1/ros2_ws/install/tutorial_interfaces/include/tutorial_interfaces/tutorial_interfaces/srv/add_three_ints.h
[3.111s] -- Up-to-date: /home/masa/Desktop/sola/ris/hw1/ros2_ws/install/tutorial_interfaces/include/tutorial_interfaces/tutorial_interfaces/srv/detail
[3.111s] -- Installing: /home/masa/Desktop/sola/ris/hw1/ros2_ws/install/tutorial_interfaces/include/tutorial_interfaces/tutorial_interfaces/srv/detail/add_three_ints__functions.h
[3.111s] -- Installing: /home/masa/Desktop/sola/ris/hw1/ros2_ws/install/tutorial_interfaces/include/tutorial_interfaces/tutorial_interfaces/srv/detail/add_three_ints__functions.c
[3.112s] -- Installing: /home/masa/Desktop/sola/ris/hw1/ros2_ws/install/tutorial_interfaces/include/tutorial_interfaces/tutorial_interfaces/srv/detail/add_three_ints__struct.h
[3.112s] -- Installing: /home/masa/Desktop/sola/ris/hw1/ros2_ws/install/tutorial_interfaces/include/tutorial_interfaces/tutorial_interfaces/srv/detail/add_three_ints__type_support.h
[3.112s] -- Up-to-date: /home/masa/Desktop/sola/ris/hw1/ros2_ws/install/tutorial_interfaces/include/tutorial_interfaces/tutorial_interfaces/msg
[3.112s] -- Installing: /home/masa/Desktop/sola/ris/hw1/ros2_ws/install/tutorial_interfaces/include/tutorial_interfaces/tutorial_interfaces/msg/custom_message.h
[3.112s] -- Installing: /home/masa/Desktop/sola/ris/hw1/ros2_ws/install/tutorial_interfaces/include/tutorial_interfaces/tutorial_interfaces/msg/num.h
[3.112s] -- Installing: /home/masa/Desktop/sola/ris/hw1/ros2_ws/install/tutorial_interfaces/include/tutorial_interfaces/tutorial_interfaces/msg/sphere.h
[3.112s] -- Up-to-date: /home/masa/Desktop/sola/ris/hw1/ros2_ws/install/tutorial_interfaces/include/tutorial_interfaces/tutorial_interfaces/msg/rosidl_generator_c__visibility_control.h
[3.112s] -- Up-to-date: /home/masa/Desktop/sola/ris/hw1/ros2_ws/install/tutorial_interfaces/include/tutorial_interfaces/tutorial_interfaces/msg/detail
[3.113s] -- Installing: /home/masa/Desktop/sola/ris/hw1/ros2_ws/install/tutorial_interfaces/include/tutorial_interfaces/tutorial_interfaces/msg/detail/custom_message__struct.h
[3.113s] -- Installing: /home/masa/Desktop/sola/ris/hw1/ros2_ws/install/tutorial_interfaces/include/tutorial_interfaces/tutorial_interfaces/msg/detail/sphere__functions.c
[3.113s] -- Installing: /home/masa/Desktop/sola/ris/hw1/ros2_ws/install/tutorial_interfaces/include/tutorial_interfaces/tutorial_interfaces/msg/detail/sphere__type_support.h
[3.113s] -- Installing: /home/masa/Desktop/sola/ris/hw1/ros2_ws/install/tutorial_interfaces/include/tutorial_interfaces/tutorial_interfaces/msg/detail/num__struct.h
[3.113s] -- Installing: /home/masa/Desktop/sola/ris/hw1/ros2_ws/install/tutorial_interfaces/include/tutorial_interfaces/tutorial_interfaces/msg/detail/custom_message__functions.c
[3.113s] -- Installing: /home/masa/Desktop/sola/ris/hw1/ros2_ws/install/tutorial_interfaces/include/tutorial_interfaces/tutorial_interfaces/msg/detail/sphere__functions.h
[3.113s] -- Installing: /home/masa/Desktop/sola/ris/hw1/ros2_ws/install/tutorial_interfaces/include/tutorial_interfaces/tutorial_interfaces/msg/detail/num__type_support.h
[3.114s] -- Installing: /home/masa/Desktop/sola/ris/hw1/ros2_ws/install/tutorial_interfaces/include/tutorial_interfaces/tutorial_interfaces/msg/detail/sphere__struct.h
[3.114s] -- Installing: /home/masa/Desktop/sola/ris/hw1/ros2_ws/install/tutorial_interfaces/include/tutorial_interfaces/tutorial_interfaces/msg/detail/custom_message__type_support.h
[3.114s] -- Installing: /home/masa/Desktop/sola/ris/hw1/ros2_ws/install/tutorial_interfaces/include/tutorial_interfaces/tutorial_interfaces/msg/detail/num__functions.c
[3.114s] -- Installing: /home/masa/Desktop/sola/ris/hw1/ros2_ws/install/tutorial_interfaces/include/tutorial_interfaces/tutorial_interfaces/msg/detail/num__functions.h
[3.114s] -- Installing: /home/masa/Desktop/sola/ris/hw1/ros2_ws/install/tutorial_interfaces/include/tutorial_interfaces/tutorial_interfaces/msg/detail/custom_message__functions.h
[3.114s] -- Up-to-date: /home/masa/Desktop/sola/ris/hw1/ros2_ws/install/tutorial_interfaces/share/tutorial_interfaces/environment/library_path.sh
[3.114s] -- Installing: /home/masa/Desktop/sola/ris/hw1/ros2_ws/install/tutorial_interfaces/share/tutorial_interfaces/environment/library_path.dsv
[3.115s] -- Installing: /home/masa/Desktop/sola/ris/hw1/ros2_ws/install/tutorial_interfaces/lib/libtutorial_interfaces__rosidl_generator_c.so
[3.115s] -- Set runtime path of "/home/masa/Desktop/sola/ris/hw1/ros2_ws/install/tutorial_interfaces/lib/libtutorial_interfaces__rosidl_generator_c.so" to ""
[3.115s] -- Up-to-date: /home/masa/Desktop/sola/ris/hw1/ros2_ws/install/tutorial_interfaces/include/tutorial_interfaces/tutorial_interfaces
[3.115s] -- Up-to-date: /home/masa/Desktop/sola/ris/hw1/ros2_ws/install/tutorial_interfaces/include/tutorial_interfaces/tutorial_interfaces/srv
[3.115s] -- Up-to-date: /home/masa/Desktop/sola/ris/hw1/ros2_ws/install/tutorial_interfaces/include/tutorial_interfaces/tutorial_interfaces/srv/detail
[3.116s] -- Installing: /home/masa/Desktop/sola/ris/hw1/ros2_ws/install/tutorial_interfaces/include/tutorial_interfaces/tutorial_interfaces/srv/detail/add_three_ints__rosidl_typesupport_fastrtps_c.h
[3.116s] -- Up-to-date: /home/masa/Desktop/sola/ris/hw1/ros2_ws/install/tutorial_interfaces/include/tutorial_interfaces/tutorial_interfaces/msg
[3.116s] -- Up-to-date: /home/masa/Desktop/sola/ris/hw1/ros2_ws/install/tutorial_interfaces/include/tutorial_interfaces/tutorial_interfaces/msg/detail
[3.116s] -- Installing: /home/masa/Desktop/sola/ris/hw1/ros2_ws/install/tutorial_interfaces/include/tutorial_interfaces/tutorial_interfaces/msg/detail/num__rosidl_typesupport_fastrtps_c.h
[3.116s] -- Installing: /home/masa/Desktop/sola/ris/hw1/ros2_ws/install/tutorial_interfaces/include/tutorial_interfaces/tutorial_interfaces/msg/detail/custom_message__rosidl_typesupport_fastrtps_c.h
[3.116s] -- Installing: /home/masa/Desktop/sola/ris/hw1/ros2_ws/install/tutorial_interfaces/include/tutorial_interfaces/tutorial_interfaces/msg/detail/sphere__rosidl_typesupport_fastrtps_c.h
[3.116s] -- Up-to-date: /home/masa/Desktop/sola/ris/hw1/ros2_ws/install/tutorial_interfaces/include/tutorial_interfaces/tutorial_interfaces/msg/rosidl_typesupport_fastrtps_c__visibility_control.h
[3.116s] -- Installing: /home/masa/Desktop/sola/ris/hw1/ros2_ws/install/tutorial_interfaces/lib/libtutorial_interfaces__rosidl_typesupport_fastrtps_c.so
[3.117s] -- Set runtime path of "/home/masa/Desktop/sola/ris/hw1/ros2_ws/install/tutorial_interfaces/lib/libtutorial_interfaces__rosidl_typesupport_fastrtps_c.so" to ""
[3.117s] -- Up-to-date: /home/masa/Desktop/sola/ris/hw1/ros2_ws/install/tutorial_interfaces/include/tutorial_interfaces/tutorial_interfaces
[3.117s] -- Up-to-date: /home/masa/Desktop/sola/ris/hw1/ros2_ws/install/tutorial_interfaces/include/tutorial_interfaces/tutorial_interfaces/srv
[3.117s] -- Installing: /home/masa/Desktop/sola/ris/hw1/ros2_ws/install/tutorial_interfaces/include/tutorial_interfaces/tutorial_interfaces/srv/add_three_ints.hpp
[3.117s] -- Up-to-date: /home/masa/Desktop/sola/ris/hw1/ros2_ws/install/tutorial_interfaces/include/tutorial_interfaces/tutorial_interfaces/srv/detail
[3.117s] -- Installing: /home/masa/Desktop/sola/ris/hw1/ros2_ws/install/tutorial_interfaces/include/tutorial_interfaces/tutorial_interfaces/srv/detail/add_three_ints__type_support.hpp
[3.117s] -- Installing: /home/masa/Desktop/sola/ris/hw1/ros2_ws/install/tutorial_interfaces/include/tutorial_interfaces/tutorial_interfaces/srv/detail/add_three_ints__struct.hpp
[3.117s] -- Installing: /home/masa/Desktop/sola/ris/hw1/ros2_ws/install/tutorial_interfaces/include/tutorial_interfaces/tutorial_interfaces/srv/detail/add_three_ints__traits.hpp
[3.118s] -- Installing: /home/masa/Desktop/sola/ris/hw1/ros2_ws/install/tutorial_interfaces/include/tutorial_interfaces/tutorial_interfaces/srv/detail/add_three_ints__builder.hpp
[3.118s] -- Up-to-date: /home/masa/Desktop/sola/ris/hw1/ros2_ws/install/tutorial_interfaces/include/tutorial_interfaces/tutorial_interfaces/msg
[3.118s] -- Installing: /home/masa/Desktop/sola/ris/hw1/ros2_ws/install/tutorial_interfaces/include/tutorial_interfaces/tutorial_interfaces/msg/num.hpp
[3.118s] -- Installing: /home/masa/Desktop/sola/ris/hw1/ros2_ws/install/tutorial_interfaces/include/tutorial_interfaces/tutorial_interfaces/msg/custom_message.hpp
[3.118s] -- Up-to-date: /home/masa/Desktop/sola/ris/hw1/ros2_ws/install/tutorial_interfaces/include/tutorial_interfaces/tutorial_interfaces/msg/detail
[3.118s] -- Installing: /home/masa/Desktop/sola/ris/hw1/ros2_ws/install/tutorial_interfaces/include/tutorial_interfaces/tutorial_interfaces/msg/detail/num__traits.hpp
[3.118s] -- Installing: /home/masa/Desktop/sola/ris/hw1/ros2_ws/install/tutorial_interfaces/include/tutorial_interfaces/tutorial_interfaces/msg/detail/custom_message__builder.hpp
[3.119s] -- Installing: /home/masa/Desktop/sola/ris/hw1/ros2_ws/install/tutorial_interfaces/include/tutorial_interfaces/tutorial_interfaces/msg/detail/num__struct.hpp
[3.119s] -- Installing: /home/masa/Desktop/sola/ris/hw1/ros2_ws/install/tutorial_interfaces/include/tutorial_interfaces/tutorial_interfaces/msg/detail/sphere__type_support.hpp
[3.119s] -- Installing: /home/masa/Desktop/sola/ris/hw1/ros2_ws/install/tutorial_interfaces/include/tutorial_interfaces/tutorial_interfaces/msg/detail/num__builder.hpp
[3.119s] -- Installing: /home/masa/Desktop/sola/ris/hw1/ros2_ws/install/tutorial_interfaces/include/tutorial_interfaces/tutorial_interfaces/msg/detail/num__type_support.hpp
[3.119s] -- Installing: /home/masa/Desktop/sola/ris/hw1/ros2_ws/install/tutorial_interfaces/include/tutorial_interfaces/tutorial_interfaces/msg/detail/custom_message__traits.hpp
[3.119s] -- Installing: /home/masa/Desktop/sola/ris/hw1/ros2_ws/install/tutorial_interfaces/include/tutorial_interfaces/tutorial_interfaces/msg/detail/custom_message__struct.hpp
[3.119s] -- Installing: /home/masa/Desktop/sola/ris/hw1/ros2_ws/install/tutorial_interfaces/include/tutorial_interfaces/tutorial_interfaces/msg/detail/sphere__builder.hpp
[3.120s] -- Installing: /home/masa/Desktop/sola/ris/hw1/ros2_ws/install/tutorial_interfaces/include/tutorial_interfaces/tutorial_interfaces/msg/detail/sphere__traits.hpp
[3.120s] -- Installing: /home/masa/Desktop/sola/ris/hw1/ros2_ws/install/tutorial_interfaces/include/tutorial_interfaces/tutorial_interfaces/msg/detail/sphere__struct.hpp
[3.120s] -- Installing: /home/masa/Desktop/sola/ris/hw1/ros2_ws/install/tutorial_interfaces/include/tutorial_interfaces/tutorial_interfaces/msg/detail/custom_message__type_support.hpp
[3.120s] -- Installing: /home/masa/Desktop/sola/ris/hw1/ros2_ws/install/tutorial_interfaces/include/tutorial_interfaces/tutorial_interfaces/msg/sphere.hpp
[3.120s] -- Up-to-date: /home/masa/Desktop/sola/ris/hw1/ros2_ws/install/tutorial_interfaces/include/tutorial_interfaces/tutorial_interfaces/msg/rosidl_generator_cpp__visibility_control.hpp
[3.120s] -- Up-to-date: /home/masa/Desktop/sola/ris/hw1/ros2_ws/install/tutorial_interfaces/include/tutorial_interfaces/tutorial_interfaces
[3.120s] -- Up-to-date: /home/masa/Desktop/sola/ris/hw1/ros2_ws/install/tutorial_interfaces/include/tutorial_interfaces/tutorial_interfaces/srv
[3.121s] -- Up-to-date: /home/masa/Desktop/sola/ris/hw1/ros2_ws/install/tutorial_interfaces/include/tutorial_interfaces/tutorial_interfaces/srv/detail
[3.121s] -- Up-to-date: /home/masa/Desktop/sola/ris/hw1/ros2_ws/install/tutorial_interfaces/include/tutorial_interfaces/tutorial_interfaces/srv/detail/dds_fastrtps
[3.121s] -- Installing: /home/masa/Desktop/sola/ris/hw1/ros2_ws/install/tutorial_interfaces/include/tutorial_interfaces/tutorial_interfaces/srv/detail/add_three_ints__rosidl_typesupport_fastrtps_cpp.hpp
[3.121s] -- Up-to-date: /home/masa/Desktop/sola/ris/hw1/ros2_ws/install/tutorial_interfaces/include/tutorial_interfaces/tutorial_interfaces/msg
[3.121s] -- Up-to-date: /home/masa/Desktop/sola/ris/hw1/ros2_ws/install/tutorial_interfaces/include/tutorial_interfaces/tutorial_interfaces/msg/rosidl_typesupport_fastrtps_cpp__visibility_control.h
[3.121s] -- Up-to-date: /home/masa/Desktop/sola/ris/hw1/ros2_ws/install/tutorial_interfaces/include/tutorial_interfaces/tutorial_interfaces/msg/detail
[3.121s] -- Installing: /home/masa/Desktop/sola/ris/hw1/ros2_ws/install/tutorial_interfaces/include/tutorial_interfaces/tutorial_interfaces/msg/detail/sphere__rosidl_typesupport_fastrtps_cpp.hpp
[3.121s] -- Installing: /home/masa/Desktop/sola/ris/hw1/ros2_ws/install/tutorial_interfaces/include/tutorial_interfaces/tutorial_interfaces/msg/detail/num__rosidl_typesupport_fastrtps_cpp.hpp
[3.121s] -- Up-to-date: /home/masa/Desktop/sola/ris/hw1/ros2_ws/install/tutorial_interfaces/include/tutorial_interfaces/tutorial_interfaces/msg/detail/dds_fastrtps
[3.121s] -- Installing: /home/masa/Desktop/sola/ris/hw1/ros2_ws/install/tutorial_interfaces/include/tutorial_interfaces/tutorial_interfaces/msg/detail/custom_message__rosidl_typesupport_fastrtps_cpp.hpp
[3.121s] -- Installing: /home/masa/Desktop/sola/ris/hw1/ros2_ws/install/tutorial_interfaces/lib/libtutorial_interfaces__rosidl_typesupport_fastrtps_cpp.so
[3.122s] -- Set runtime path of "/home/masa/Desktop/sola/ris/hw1/ros2_ws/install/tutorial_interfaces/lib/libtutorial_interfaces__rosidl_typesupport_fastrtps_cpp.so" to ""
[3.122s] -- Up-to-date: /home/masa/Desktop/sola/ris/hw1/ros2_ws/install/tutorial_interfaces/include/tutorial_interfaces/tutorial_interfaces
[3.122s] -- Up-to-date: /home/masa/Desktop/sola/ris/hw1/ros2_ws/install/tutorial_interfaces/include/tutorial_interfaces/tutorial_interfaces/srv
[3.122s] -- Up-to-date: /home/masa/Desktop/sola/ris/hw1/ros2_ws/install/tutorial_interfaces/include/tutorial_interfaces/tutorial_interfaces/srv/detail
[3.122s] -- Installing: /home/masa/Desktop/sola/ris/hw1/ros2_ws/install/tutorial_interfaces/include/tutorial_interfaces/tutorial_interfaces/srv/detail/add_three_ints__rosidl_typesupport_introspection_c.h
[3.122s] -- Installing: /home/masa/Desktop/sola/ris/hw1/ros2_ws/install/tutorial_interfaces/include/tutorial_interfaces/tutorial_interfaces/srv/detail/add_three_ints__type_support.c
[3.122s] -- Up-to-date: /home/masa/Desktop/sola/ris/hw1/ros2_ws/install/tutorial_interfaces/include/tutorial_interfaces/tutorial_interfaces/msg
[3.122s] -- Up-to-date: /home/masa/Desktop/sola/ris/hw1/ros2_ws/install/tutorial_interfaces/include/tutorial_interfaces/tutorial_interfaces/msg/rosidl_typesupport_introspection_c__visibility_control.h
[3.122s] -- Up-to-date: /home/masa/Desktop/sola/ris/hw1/ros2_ws/install/tutorial_interfaces/include/tutorial_interfaces/tutorial_interfaces/msg/detail
[3.123s] -- Installing: /home/masa/Desktop/sola/ris/hw1/ros2_ws/install/tutorial_interfaces/include/tutorial_interfaces/tutorial_interfaces/msg/detail/sphere__type_support.c
[3.123s] -- Installing: /home/masa/Desktop/sola/ris/hw1/ros2_ws/install/tutorial_interfaces/include/tutorial_interfaces/tutorial_interfaces/msg/detail/num__rosidl_typesupport_introspection_c.h
[3.123s] -- Installing: /home/masa/Desktop/sola/ris/hw1/ros2_ws/install/tutorial_interfaces/include/tutorial_interfaces/tutorial_interfaces/msg/detail/sphere__rosidl_typesupport_introspection_c.h
[3.123s] -- Installing: /home/masa/Desktop/sola/ris/hw1/ros2_ws/install/tutorial_interfaces/include/tutorial_interfaces/tutorial_interfaces/msg/detail/custom_message__rosidl_typesupport_introspection_c.h
[3.123s] -- Installing: /home/masa/Desktop/sola/ris/hw1/ros2_ws/install/tutorial_interfaces/include/tutorial_interfaces/tutorial_interfaces/msg/detail/num__type_support.c
[3.123s] -- Installing: /home/masa/Desktop/sola/ris/hw1/ros2_ws/install/tutorial_interfaces/include/tutorial_interfaces/tutorial_interfaces/msg/detail/custom_message__type_support.c
[3.123s] -- Installing: /home/masa/Desktop/sola/ris/hw1/ros2_ws/install/tutorial_interfaces/lib/libtutorial_interfaces__rosidl_typesupport_introspection_c.so
[3.124s] -- Set runtime path of "/home/masa/Desktop/sola/ris/hw1/ros2_ws/install/tutorial_interfaces/lib/libtutorial_interfaces__rosidl_typesupport_introspection_c.so" to ""
[3.124s] -- Installing: /home/masa/Desktop/sola/ris/hw1/ros2_ws/install/tutorial_interfaces/lib/libtutorial_interfaces__rosidl_typesupport_c.so
[3.124s] -- Set runtime path of "/home/masa/Desktop/sola/ris/hw1/ros2_ws/install/tutorial_interfaces/lib/libtutorial_interfaces__rosidl_typesupport_c.so" to ""
[3.124s] -- Up-to-date: /home/masa/Desktop/sola/ris/hw1/ros2_ws/install/tutorial_interfaces/include/tutorial_interfaces/tutorial_interfaces
[3.124s] -- Up-to-date: /home/masa/Desktop/sola/ris/hw1/ros2_ws/install/tutorial_interfaces/include/tutorial_interfaces/tutorial_interfaces/srv
[3.125s] -- Up-to-date: /home/masa/Desktop/sola/ris/hw1/ros2_ws/install/tutorial_interfaces/include/tutorial_interfaces/tutorial_interfaces/srv/detail
[3.125s] -- Installing: /home/masa/Desktop/sola/ris/hw1/ros2_ws/install/tutorial_interfaces/include/tutorial_interfaces/tutorial_interfaces/srv/detail/add_three_ints__rosidl_typesupport_introspection_cpp.hpp
[3.125s] -- Installing: /home/masa/Desktop/sola/ris/hw1/ros2_ws/install/tutorial_interfaces/include/tutorial_interfaces/tutorial_interfaces/srv/detail/add_three_ints__type_support.cpp
[3.125s] -- Up-to-date: /home/masa/Desktop/sola/ris/hw1/ros2_ws/install/tutorial_interfaces/include/tutorial_interfaces/tutorial_interfaces/msg
[3.125s] -- Up-to-date: /home/masa/Desktop/sola/ris/hw1/ros2_ws/install/tutorial_interfaces/include/tutorial_interfaces/tutorial_interfaces/msg/detail
[3.125s] -- Installing: /home/masa/Desktop/sola/ris/hw1/ros2_ws/install/tutorial_interfaces/include/tutorial_interfaces/tutorial_interfaces/msg/detail/sphere__rosidl_typesupport_introspection_cpp.hpp
[3.125s] -- Installing: /home/masa/Desktop/sola/ris/hw1/ros2_ws/install/tutorial_interfaces/include/tutorial_interfaces/tutorial_interfaces/msg/detail/sphere__type_support.cpp
[3.125s] -- Installing: /home/masa/Desktop/sola/ris/hw1/ros2_ws/install/tutorial_interfaces/include/tutorial_interfaces/tutorial_interfaces/msg/detail/custom_message__rosidl_typesupport_introspection_cpp.hpp
[3.125s] -- Installing: /home/masa/Desktop/sola/ris/hw1/ros2_ws/install/tutorial_interfaces/include/tutorial_interfaces/tutorial_interfaces/msg/detail/num__type_support.cpp
[3.126s] -- Installing: /home/masa/Desktop/sola/ris/hw1/ros2_ws/install/tutorial_interfaces/include/tutorial_interfaces/tutorial_interfaces/msg/detail/num__rosidl_typesupport_introspection_cpp.hpp
[3.126s] -- Installing: /home/masa/Desktop/sola/ris/hw1/ros2_ws/install/tutorial_interfaces/include/tutorial_interfaces/tutorial_interfaces/msg/detail/custom_message__type_support.cpp
[3.126s] -- Installing: /home/masa/Desktop/sola/ris/hw1/ros2_ws/install/tutorial_interfaces/lib/libtutorial_interfaces__rosidl_typesupport_introspection_cpp.so
[3.126s] -- Set runtime path of "/home/masa/Desktop/sola/ris/hw1/ros2_ws/install/tutorial_interfaces/lib/libtutorial_interfaces__rosidl_typesupport_introspection_cpp.so" to ""
[3.127s] -- Installing: /home/masa/Desktop/sola/ris/hw1/ros2_ws/install/tutorial_interfaces/lib/libtutorial_interfaces__rosidl_typesupport_cpp.so
[3.127s] -- Set runtime path of "/home/masa/Desktop/sola/ris/hw1/ros2_ws/install/tutorial_interfaces/lib/libtutorial_interfaces__rosidl_typesupport_cpp.so" to ""
[3.127s] -- Up-to-date: /home/masa/Desktop/sola/ris/hw1/ros2_ws/install/tutorial_interfaces/share/tutorial_interfaces/environment/pythonpath.sh
[3.127s] -- Installing: /home/masa/Desktop/sola/ris/hw1/ros2_ws/install/tutorial_interfaces/share/tutorial_interfaces/environment/pythonpath.dsv
[3.127s] -- Up-to-date: /home/masa/Desktop/sola/ris/hw1/ros2_ws/install/tutorial_interfaces/local/lib/python3.10/dist-packages/tutorial_interfaces-0.0.0-py3.10.egg-info
[3.127s] -- Installing: /home/masa/Desktop/sola/ris/hw1/ros2_ws/install/tutorial_interfaces/local/lib/python3.10/dist-packages/tutorial_interfaces-0.0.0-py3.10.egg-info/dependency_links.txt
[3.128s] -- Installing: /home/masa/Desktop/sola/ris/hw1/ros2_ws/install/tutorial_interfaces/local/lib/python3.10/dist-packages/tutorial_interfaces-0.0.0-py3.10.egg-info/SOURCES.txt
[3.128s] -- Installing: /home/masa/Desktop/sola/ris/hw1/ros2_ws/install/tutorial_interfaces/local/lib/python3.10/dist-packages/tutorial_interfaces-0.0.0-py3.10.egg-info/PKG-INFO
[3.128s] -- Installing: /home/masa/Desktop/sola/ris/hw1/ros2_ws/install/tutorial_interfaces/local/lib/python3.10/dist-packages/tutorial_interfaces-0.0.0-py3.10.egg-info/top_level.txt
[3.128s] -- Up-to-date: /home/masa/Desktop/sola/ris/hw1/ros2_ws/install/tutorial_interfaces/local/lib/python3.10/dist-packages/tutorial_interfaces
[3.128s] -- Installing: /home/masa/Desktop/sola/ris/hw1/ros2_ws/install/tutorial_interfaces/local/lib/python3.10/dist-packages/tutorial_interfaces/__init__.py
[3.128s] -- Installing: /home/masa/Desktop/sola/ris/hw1/ros2_ws/install/tutorial_interfaces/local/lib/python3.10/dist-packages/tutorial_interfaces/libtutorial_interfaces__rosidl_generator_py.so
[3.129s] -- Installing: /home/masa/Desktop/sola/ris/hw1/ros2_ws/install/tutorial_interfaces/local/lib/python3.10/dist-packages/tutorial_interfaces/tutorial_interfaces_s__rosidl_typesupport_c.cpython-310-x86_64-linux-gnu.so
[3.129s] -- Installing: /home/masa/Desktop/sola/ris/hw1/ros2_ws/install/tutorial_interfaces/local/lib/python3.10/dist-packages/tutorial_interfaces/tutorial_interfaces_s__rosidl_typesupport_fastrtps_c.cpython-310-x86_64-linux-gnu.so
[3.129s] -- Up-to-date: /home/masa/Desktop/sola/ris/hw1/ros2_ws/install/tutorial_interfaces/local/lib/python3.10/dist-packages/tutorial_interfaces/srv
[3.129s] -- Installing: /home/masa/Desktop/sola/ris/hw1/ros2_ws/install/tutorial_interfaces/local/lib/python3.10/dist-packages/tutorial_interfaces/srv/__init__.py
[3.129s] -- Installing: /home/masa/Desktop/sola/ris/hw1/ros2_ws/install/tutorial_interfaces/local/lib/python3.10/dist-packages/tutorial_interfaces/srv/_add_three_ints_s.c
[3.129s] -- Installing: /home/masa/Desktop/sola/ris/hw1/ros2_ws/install/tutorial_interfaces/local/lib/python3.10/dist-packages/tutorial_interfaces/srv/_add_three_ints.py
[3.130s] -- Installing: /home/masa/Desktop/sola/ris/hw1/ros2_ws/install/tutorial_interfaces/local/lib/python3.10/dist-packages/tutorial_interfaces/_tutorial_interfaces_s.ep.rosidl_typesupport_fastrtps_c.c
[3.130s] -- Up-to-date: /home/masa/Desktop/sola/ris/hw1/ros2_ws/install/tutorial_interfaces/local/lib/python3.10/dist-packages/tutorial_interfaces/msg
[3.130s] -- Installing: /home/masa/Desktop/sola/ris/hw1/ros2_ws/install/tutorial_interfaces/local/lib/python3.10/dist-packages/tutorial_interfaces/msg/__init__.py
[3.130s] -- Installing: /home/masa/Desktop/sola/ris/hw1/ros2_ws/install/tutorial_interfaces/local/lib/python3.10/dist-packages/tutorial_interfaces/msg/_custom_message_s.c
[3.130s] -- Installing: /home/masa/Desktop/sola/ris/hw1/ros2_ws/install/tutorial_interfaces/local/lib/python3.10/dist-packages/tutorial_interfaces/msg/_custom_message.py
[3.130s] -- Installing: /home/masa/Desktop/sola/ris/hw1/ros2_ws/install/tutorial_interfaces/local/lib/python3.10/dist-packages/tutorial_interfaces/msg/_sphere.py
[3.130s] -- Installing: /home/masa/Desktop/sola/ris/hw1/ros2_ws/install/tutorial_interfaces/local/lib/python3.10/dist-packages/tutorial_interfaces/msg/_sphere_s.c
[3.131s] -- Installing: /home/masa/Desktop/sola/ris/hw1/ros2_ws/install/tutorial_interfaces/local/lib/python3.10/dist-packages/tutorial_interfaces/msg/_num.py
[3.131s] -- Installing: /home/masa/Desktop/sola/ris/hw1/ros2_ws/install/tutorial_interfaces/local/lib/python3.10/dist-packages/tutorial_interfaces/msg/_num_s.c
[3.131s] -- Installing: /home/masa/Desktop/sola/ris/hw1/ros2_ws/install/tutorial_interfaces/local/lib/python3.10/dist-packages/tutorial_interfaces/_tutorial_interfaces_s.ep.rosidl_typesupport_introspection_c.c
[3.131s] -- Installing: /home/masa/Desktop/sola/ris/hw1/ros2_ws/install/tutorial_interfaces/local/lib/python3.10/dist-packages/tutorial_interfaces/tutorial_interfaces_s__rosidl_typesupport_introspection_c.cpython-310-x86_64-linux-gnu.so
[3.131s] -- Installing: /home/masa/Desktop/sola/ris/hw1/ros2_ws/install/tutorial_interfaces/local/lib/python3.10/dist-packages/tutorial_interfaces/_tutorial_interfaces_s.ep.rosidl_typesupport_c.c
[3.160s] Listing '/home/masa/Desktop/sola/ris/hw1/ros2_ws/install/tutorial_interfaces/local/lib/python3.10/dist-packages/tutorial_interfaces'...
[3.160s] Compiling '/home/masa/Desktop/sola/ris/hw1/ros2_ws/install/tutorial_interfaces/local/lib/python3.10/dist-packages/tutorial_interfaces/__init__.py'...
[3.160s] Listing '/home/masa/Desktop/sola/ris/hw1/ros2_ws/install/tutorial_interfaces/local/lib/python3.10/dist-packages/tutorial_interfaces/msg'...
[3.160s] Compiling '/home/masa/Desktop/sola/ris/hw1/ros2_ws/install/tutorial_interfaces/local/lib/python3.10/dist-packages/tutorial_interfaces/msg/__init__.py'...
[3.160s] Compiling '/home/masa/Desktop/sola/ris/hw1/ros2_ws/install/tutorial_interfaces/local/lib/python3.10/dist-packages/tutorial_interfaces/msg/_custom_message.py'...
[3.160s] Compiling '/home/masa/Desktop/sola/ris/hw1/ros2_ws/install/tutorial_interfaces/local/lib/python3.10/dist-packages/tutorial_interfaces/msg/_num.py'...
[3.160s] Compiling '/home/masa/Desktop/sola/ris/hw1/ros2_ws/install/tutorial_interfaces/local/lib/python3.10/dist-packages/tutorial_interfaces/msg/_sphere.py'...
[3.160s] Listing '/home/masa/Desktop/sola/ris/hw1/ros2_ws/install/tutorial_interfaces/local/lib/python3.10/dist-packages/tutorial_interfaces/srv'...
[3.161s] Compiling '/home/masa/Desktop/sola/ris/hw1/ros2_ws/install/tutorial_interfaces/local/lib/python3.10/dist-packages/tutorial_interfaces/srv/__init__.py'...
[3.161s] Compiling '/home/masa/Desktop/sola/ris/hw1/ros2_ws/install/tutorial_interfaces/local/lib/python3.10/dist-packages/tutorial_interfaces/srv/_add_three_ints.py'...
[3.163s] -- Installing: /home/masa/Desktop/sola/ris/hw1/ros2_ws/install/tutorial_interfaces/local/lib/python3.10/dist-packages/tutorial_interfaces/tutorial_interfaces_s__rosidl_typesupport_fastrtps_c.cpython-310-x86_64-linux-gnu.so
[3.164s] -- Set runtime path of "/home/masa/Desktop/sola/ris/hw1/ros2_ws/install/tutorial_interfaces/local/lib/python3.10/dist-packages/tutorial_interfaces/tutorial_interfaces_s__rosidl_typesupport_fastrtps_c.cpython-310-x86_64-linux-gnu.so" to ""
[3.164s] -- Installing: /home/masa/Desktop/sola/ris/hw1/ros2_ws/install/tutorial_interfaces/local/lib/python3.10/dist-packages/tutorial_interfaces/tutorial_interfaces_s__rosidl_typesupport_introspection_c.cpython-310-x86_64-linux-gnu.so
[3.164s] -- Set runtime path of "/home/masa/Desktop/sola/ris/hw1/ros2_ws/install/tutorial_interfaces/local/lib/python3.10/dist-packages/tutorial_interfaces/tutorial_interfaces_s__rosidl_typesupport_introspection_c.cpython-310-x86_64-linux-gnu.so" to ""
[3.165s] -- Installing: /home/masa/Desktop/sola/ris/hw1/ros2_ws/install/tutorial_interfaces/local/lib/python3.10/dist-packages/tutorial_interfaces/tutorial_interfaces_s__rosidl_typesupport_c.cpython-310-x86_64-linux-gnu.so
[3.165s] -- Set runtime path of "/home/masa/Desktop/sola/ris/hw1/ros2_ws/install/tutorial_interfaces/local/lib/python3.10/dist-packages/tutorial_interfaces/tutorial_interfaces_s__rosidl_typesupport_c.cpython-310-x86_64-linux-gnu.so" to ""
[3.165s] -- Installing: /home/masa/Desktop/sola/ris/hw1/ros2_ws/install/tutorial_interfaces/lib/libtutorial_interfaces__rosidl_generator_py.so
[3.166s] -- Set runtime path of "/home/masa/Desktop/sola/ris/hw1/ros2_ws/install/tutorial_interfaces/lib/libtutorial_interfaces__rosidl_generator_py.so" to ""
[3.166s] -- Up-to-date: /home/masa/Desktop/sola/ris/hw1/ros2_ws/install/tutorial_interfaces/share/tutorial_interfaces/msg/Num.idl
[3.166s] -- Up-to-date: /home/masa/Desktop/sola/ris/hw1/ros2_ws/install/tutorial_interfaces/share/tutorial_interfaces/msg/Sphere.idl
[3.166s] -- Up-to-date: /home/masa/Desktop/sola/ris/hw1/ros2_ws/install/tutorial_interfaces/share/tutorial_interfaces/srv/AddThreeInts.idl
[3.166s] -- Installing: /home/masa/Desktop/sola/ris/hw1/ros2_ws/install/tutorial_interfaces/share/tutorial_interfaces/msg/CustomMessage.idl
[3.166s] -- Up-to-date: /home/masa/Desktop/sola/ris/hw1/ros2_ws/install/tutorial_interfaces/share/tutorial_interfaces/msg/Num.msg
[3.166s] -- Up-to-date: /home/masa/Desktop/sola/ris/hw1/ros2_ws/install/tutorial_interfaces/share/tutorial_interfaces/msg/Sphere.msg
[3.167s] -- Up-to-date: /home/masa/Desktop/sola/ris/hw1/ros2_ws/install/tutorial_interfaces/share/tutorial_interfaces/srv/AddThreeInts.srv
[3.167s] -- Up-to-date: /home/masa/Desktop/sola/ris/hw1/ros2_ws/install/tutorial_interfaces/share/tutorial_interfaces/srv/AddThreeInts_Request.msg
[3.167s] -- Up-to-date: /home/masa/Desktop/sola/ris/hw1/ros2_ws/install/tutorial_interfaces/share/tutorial_interfaces/srv/AddThreeInts_Response.msg
[3.167s] -- Installing: /home/masa/Desktop/sola/ris/hw1/ros2_ws/install/tutorial_interfaces/share/tutorial_interfaces/msg/CustomMessage.msg
[3.167s] -- Up-to-date: /home/masa/Desktop/sola/ris/hw1/ros2_ws/install/tutorial_interfaces/share/ament_index/resource_index/package_run_dependencies/tutorial_interfaces
[3.167s] -- Up-to-date: /home/masa/Desktop/sola/ris/hw1/ros2_ws/install/tutorial_interfaces/share/ament_index/resource_index/parent_prefix_path/tutorial_interfaces
[3.167s] -- Up-to-date: /home/masa/Desktop/sola/ris/hw1/ros2_ws/install/tutorial_interfaces/share/tutorial_interfaces/environment/ament_prefix_path.sh
[3.167s] -- Installing: /home/masa/Desktop/sola/ris/hw1/ros2_ws/install/tutorial_interfaces/share/tutorial_interfaces/environment/ament_prefix_path.dsv
[3.167s] -- Up-to-date: /home/masa/Desktop/sola/ris/hw1/ros2_ws/install/tutorial_interfaces/share/tutorial_interfaces/environment/path.sh
[3.168s] -- Installing: /home/masa/Desktop/sola/ris/hw1/ros2_ws/install/tutorial_interfaces/share/tutorial_interfaces/environment/path.dsv
[3.168s] -- Up-to-date: /home/masa/Desktop/sola/ris/hw1/ros2_ws/install/tutorial_interfaces/share/tutorial_interfaces/local_setup.bash
[3.168s] -- Up-to-date: /home/masa/Desktop/sola/ris/hw1/ros2_ws/install/tutorial_interfaces/share/tutorial_interfaces/local_setup.sh
[3.168s] -- Up-to-date: /home/masa/Desktop/sola/ris/hw1/ros2_ws/install/tutorial_interfaces/share/tutorial_interfaces/local_setup.zsh
[3.168s] -- Installing: /home/masa/Desktop/sola/ris/hw1/ros2_ws/install/tutorial_interfaces/share/tutorial_interfaces/local_setup.dsv
[3.168s] -- Installing: /home/masa/Desktop/sola/ris/hw1/ros2_ws/install/tutorial_interfaces/share/tutorial_interfaces/package.dsv
[3.168s] -- Up-to-date: /home/masa/Desktop/sola/ris/hw1/ros2_ws/install/tutorial_interfaces/share/ament_index/resource_index/packages/tutorial_interfaces
[3.168s] -- Up-to-date: /home/masa/Desktop/sola/ris/hw1/ros2_ws/install/tutorial_interfaces/share/tutorial_interfaces/cmake/export_tutorial_interfaces__rosidl_generator_cExport.cmake
[3.168s] -- Up-to-date: /home/masa/Desktop/sola/ris/hw1/ros2_ws/install/tutorial_interfaces/share/tutorial_interfaces/cmake/export_tutorial_interfaces__rosidl_generator_cExport-noconfig.cmake
[3.169s] -- Up-to-date: /home/masa/Desktop/sola/ris/hw1/ros2_ws/install/tutorial_interfaces/share/tutorial_interfaces/cmake/export_tutorial_interfaces__rosidl_typesupport_fastrtps_cExport.cmake
[3.169s] -- Up-to-date: /home/masa/Desktop/sola/ris/hw1/ros2_ws/install/tutorial_interfaces/share/tutorial_interfaces/cmake/export_tutorial_interfaces__rosidl_typesupport_fastrtps_cExport-noconfig.cmake
[3.169s] -- Up-to-date: /home/masa/Desktop/sola/ris/hw1/ros2_ws/install/tutorial_interfaces/share/tutorial_interfaces/cmake/export_tutorial_interfaces__rosidl_generator_cppExport.cmake
[3.169s] -- Up-to-date: /home/masa/Desktop/sola/ris/hw1/ros2_ws/install/tutorial_interfaces/share/tutorial_interfaces/cmake/export_tutorial_interfaces__rosidl_typesupport_fastrtps_cppExport.cmake
[3.169s] -- Up-to-date: /home/masa/Desktop/sola/ris/hw1/ros2_ws/install/tutorial_interfaces/share/tutorial_interfaces/cmake/export_tutorial_interfaces__rosidl_typesupport_fastrtps_cppExport-noconfig.cmake
[3.169s] -- Up-to-date: /home/masa/Desktop/sola/ris/hw1/ros2_ws/install/tutorial_interfaces/share/tutorial_interfaces/cmake/tutorial_interfaces__rosidl_typesupport_introspection_cExport.cmake
[3.169s] -- Up-to-date: /home/masa/Desktop/sola/ris/hw1/ros2_ws/install/tutorial_interfaces/share/tutorial_interfaces/cmake/tutorial_interfaces__rosidl_typesupport_introspection_cExport-noconfig.cmake
[3.169s] -- Up-to-date: /home/masa/Desktop/sola/ris/hw1/ros2_ws/install/tutorial_interfaces/share/tutorial_interfaces/cmake/tutorial_interfaces__rosidl_typesupport_cExport.cmake
[3.170s] -- Up-to-date: /home/masa/Desktop/sola/ris/hw1/ros2_ws/install/tutorial_interfaces/share/tutorial_interfaces/cmake/tutorial_interfaces__rosidl_typesupport_cExport-noconfig.cmake
[3.170s] -- Up-to-date: /home/masa/Desktop/sola/ris/hw1/ros2_ws/install/tutorial_interfaces/share/tutorial_interfaces/cmake/tutorial_interfaces__rosidl_typesupport_introspection_cppExport.cmake
[3.170s] -- Up-to-date: /home/masa/Desktop/sola/ris/hw1/ros2_ws/install/tutorial_interfaces/share/tutorial_interfaces/cmake/tutorial_interfaces__rosidl_typesupport_introspection_cppExport-noconfig.cmake
[3.170s] -- Up-to-date: /home/masa/Desktop/sola/ris/hw1/ros2_ws/install/tutorial_interfaces/share/tutorial_interfaces/cmake/tutorial_interfaces__rosidl_typesupport_cppExport.cmake
[3.170s] -- Up-to-date: /home/masa/Desktop/sola/ris/hw1/ros2_ws/install/tutorial_interfaces/share/tutorial_interfaces/cmake/tutorial_interfaces__rosidl_typesupport_cppExport-noconfig.cmake
[3.170s] -- Up-to-date: /home/masa/Desktop/sola/ris/hw1/ros2_ws/install/tutorial_interfaces/share/tutorial_interfaces/cmake/export_tutorial_interfaces__rosidl_generator_pyExport.cmake
[3.170s] -- Up-to-date: /home/masa/Desktop/sola/ris/hw1/ros2_ws/install/tutorial_interfaces/share/tutorial_interfaces/cmake/export_tutorial_interfaces__rosidl_generator_pyExport-noconfig.cmake
[3.170s] -- Installing: /home/masa/Desktop/sola/ris/hw1/ros2_ws/install/tutorial_interfaces/share/tutorial_interfaces/cmake/rosidl_cmake-extras.cmake
[3.170s] -- Up-to-date: /home/masa/Desktop/sola/ris/hw1/ros2_ws/install/tutorial_interfaces/share/tutorial_interfaces/cmake/ament_cmake_export_dependencies-extras.cmake
[3.170s] -- Up-to-date: /home/masa/Desktop/sola/ris/hw1/ros2_ws/install/tutorial_interfaces/share/tutorial_interfaces/cmake/ament_cmake_export_include_directories-extras.cmake
[3.170s] -- Up-to-date: /home/masa/Desktop/sola/ris/hw1/ros2_ws/install/tutorial_interfaces/share/tutorial_interfaces/cmake/ament_cmake_export_libraries-extras.cmake
[3.171s] -- Up-to-date: /home/masa/Desktop/sola/ris/hw1/ros2_ws/install/tutorial_interfaces/share/tutorial_interfaces/cmake/ament_cmake_export_targets-extras.cmake
[3.171s] -- Up-to-date: /home/masa/Desktop/sola/ris/hw1/ros2_ws/install/tutorial_interfaces/share/tutorial_interfaces/cmake/rosidl_cmake_export_typesupport_targets-extras.cmake
[3.171s] -- Up-to-date: /home/masa/Desktop/sola/ris/hw1/ros2_ws/install/tutorial_interfaces/share/tutorial_interfaces/cmake/rosidl_cmake_export_typesupport_libraries-extras.cmake
[3.171s] -- Up-to-date: /home/masa/Desktop/sola/ris/hw1/ros2_ws/install/tutorial_interfaces/share/tutorial_interfaces/cmake/tutorial_interfacesConfig.cmake
[3.171s] -- Up-to-date: /home/masa/Desktop/sola/ris/hw1/ros2_ws/install/tutorial_interfaces/share/tutorial_interfaces/cmake/tutorial_interfacesConfig-version.cmake
[3.171s] -- Up-to-date: /home/masa/Desktop/sola/ris/hw1/ros2_ws/install/tutorial_interfaces/share/tutorial_interfaces/package.xml
[3.172s] Invoked command in '/home/masa/Desktop/sola/ris/hw1/ros2_ws/build/tutorial_interfaces' returned '0': CMAKE_PREFIX_PATH=${CMAKE_PREFIX_PATH}:/home/masa/Desktop/sola/ris/hw1/ros2_ws/install/py_srvcli:/home/masa/Desktop/sola/ris/hw1/ros2_ws/install/my_package:/opt/ros/humble /usr/bin/cmake --install /home/masa/Desktop/sola/ris/hw1/ros2_ws/build/tutorial_interfaces
